<?xml version="1.0" encoding="utf-8"?>
<test-run id="2" testcasecount="331" result="Passed" total="331" passed="331" failed="0" inconclusive="0" skipped="0" asserts="0" engine-version="3.5.0.0" clr-version="4.0.30319.42000" start-time="2026-08-03 15:27:23Z" end-time="2026-08-03 15:27:24Z" duration="1.6057632">
  <test-suite type="TestSuite" id="1000" name="jajucha-sim" fullname="jajucha-sim" runstate="Runnable" testcasecount="331" result="Passed" start-time="2026-08-03 15:27:23Z" end-time="2026-08-03 15:27:24Z" duration="1.605763" total="331" passed="331" failed="0" inconclusive="0" skipped="0" asserts="0">
    <properties>
      <property name="platform" value="EditMode" />
    </properties>
    <test-suite type="Assembly" id="1049" name="JajuchaSim.Bridge.EditModeTests.dll" fullname="C:/tmp/agentctl-jajucha-friendly/runs/01KZ41ACZ4PKKH152VCY3FAGGE/tasks/task-8/Library/ScriptAssemblies/JajuchaSim.Bridge.EditModeTests.dll" runstate="Runnable" testcasecount="45" result="Passed" start-time="2026-08-03 15:27:23Z" end-time="2026-08-03 15:27:23Z" duration="0.429672" total="45" passed="45" failed="0" inconclusive="0" skipped="0" asserts="0">
      <properties>
        <property name="_PID" value="17748" />
        <property name="_APPDOMAIN" value="Unity Child Domain" />
        <property name="platform" value="EditMode" />
        <property name="EditorOnly" value="True" />
      </properties>
      <test-suite type="TestSuite" id="1050" name="JajuchaSim" fullname="JajuchaSim" runstate="Runnable" testcasecount="45" result="Passed" start-time="2026-08-03 15:27:23Z" end-time="2026-08-03 15:27:23Z" duration="0.429217" total="45" passed="45" failed="0" inconclusive="0" skipped="0" asserts="0">
        <properties />
        <test-suite type="TestSuite" id="1051" name="Bridge" fullname="JajuchaSim.Bridge" runstate="Runnable" testcasecount="45" result="Passed" start-time="2026-08-03 15:27:23Z" end-time="2026-08-03 15:27:23Z" duration="0.428886" total="45" passed="45" failed="0" inconclusive="0" skipped="0" asserts="0">
          <properties />
          <test-suite type="TestSuite" id="1052" name="Tests" fullname="JajuchaSim.Bridge.Tests" runstate="Runnable" testcasecount="45" result="Passed" start-time="2026-08-03 15:27:23Z" end-time="2026-08-03 15:27:23Z" duration="0.426350" total="45" passed="45" failed="0" inconclusive="0" skipped="0" asserts="0">
            <properties />
            <test-suite type="TestFixture" id="1001" name="BridgeProtocolTests" fullname="JajuchaSim.Bridge.Tests.BridgeProtocolTests" classname="JajuchaSim.Bridge.Tests.BridgeProtocolTests" runstate="Runnable" testcasecount="18" result="Passed" start-time="2026-08-03 15:27:23Z" end-time="2026-08-03 15:27:23Z" duration="0.029006" total="18" passed="18" failed="0" inconclusive="0" skipped="0" asserts="0">
              <properties />
              <test-case id="1012" name="Deserialize_EmptyString_ReturnsNull" fullname="JajuchaSim.Bridge.Tests.BridgeProtocolTests.Deserialize_EmptyString_ReturnsNull" methodname="Deserialize_EmptyString_ReturnsNull" classname="JajuchaSim.Bridge.Tests.BridgeProtocolTests" runstate="Runnable" seed="1199365078" result="Passed" start-time="2026-08-03 15:27:23Z" end-time="2026-08-03 15:27:23Z" duration="0.006994" asserts="0">
                <properties>
                  <property name="retryIteration" value="0" />
                  <property name="repeatIteration" value="0" />
                </properties>
              </test-case>
              <test-case id="1007" name="Deserialize_Hello_ParsesCorrectly" fullname="JajuchaSim.Bridge.Tests.BridgeProtocolTests.Deserialize_Hello_ParsesCorrectly" methodname="Deserialize_Hello_ParsesCorrectly" classname="JajuchaSim.Bridge.Tests.BridgeProtocolTests" runstate="Runnable" seed="1443975971" result="Passed" start-time="2026-08-03 15:27:23Z" end-time="2026-08-03 15:27:23Z" duration="0.004191" asserts="0">
                <properties>
                  <property name="retryIteration" value="0" />
                  <property name="repeatIteration" value="0" />
                </properties>
              </test-case>
              <test-case id="1014" name="Deserialize_InvalidJson_ReturnsNull" fullname="JajuchaSim.Bridge.Tests.BridgeProtocolTests.Deserialize_InvalidJson_ReturnsNull" methodname="Deserialize_InvalidJson_ReturnsNull" classname="JajuchaSim.Bridge.Tests.BridgeProtocolTests" runstate="Runnable" seed="2045648769" result="Passed" start-time="2026-08-03 15:27:23Z" end-time="2026-08-03 15:27:23Z" duration="0.000071" asserts="0">
                <properties>
                  <property name="retryIteration" value="0" />
                  <property name="repeatIteration" value="0" />
                </properties>
              </test-case>
              <test-case id="1013" name="Deserialize_NullString_ReturnsNull" fullname="JajuchaSim.Bridge.Tests.BridgeProtocolTests.Deserialize_NullString_ReturnsNull" methodname="Deserialize_NullString_ReturnsNull" classname="JajuchaSim.Bridge.Tests.BridgeProtocolTests" runstate="Runnable" seed="1587280341" result="Passed" start-time="2026-08-03 15:27:23Z" end-time="2026-08-03 15:27:23Z" duration="0.000053" asserts="0">
                <properties>
                  <property name="retryIteration" value="0" />
                  <property name="repeatIteration" value="0" />
                </properties>
              </test-case>
              <test-case id="1011" name="Deserialize_PingCommand_ParsesCorrectly" fullname="JajuchaSim.Bridge.Tests.BridgeProtocolTests.Deserialize_PingCommand_ParsesCorrectly" methodname="Deserialize_PingCommand_ParsesCorrectly" classname="JajuchaSim.Bridge.Tests.BridgeProtocolTests" runstate="Runnable" seed="1959218580" result="Passed" start-time="2026-08-03 15:27:23Z" end-time="2026-08-03 15:27:23Z" duration="0.002007" asserts="0">
                <properties>
                  <property name="retryIteration" value="0" />
                  <property name="repeatIteration" value="0" />
                </properties>
              </test-case>
              <test-case id="1010" name="Deserialize_ResponseError_ParsesCorrectly" fullname="JajuchaSim.Bridge.Tests.BridgeProtocolTests.Deserialize_ResponseError_ParsesCorrectly" methodname="Deserialize_ResponseError_ParsesCorrectly" classname="JajuchaSim.Bridge.Tests.BridgeProtocolTests" runstate="Runnable" seed="1208668045" result="Passed" start-time="2026-08-03 15:27:23Z" end-time="2026-08-03 15:27:23Z" duration="0.000413" asserts="0">
                <properties>
                  <property name="retryIteration" value="0" />
                  <property name="repeatIteration" value="0" />
                </properties>
              </test-case>
              <test-case id="1009" name="Deserialize_ResponseOk_ParsesCorrectly" fullname="JajuchaSim.Bridge.Tests.BridgeProtocolTests.Deserialize_ResponseOk_ParsesCorrectly" methodname="Deserialize_ResponseOk_ParsesCorrectly" classname="JajuchaSim.Bridge.Tests.BridgeProtocolTests" runstate="Runnable" seed="671004172" result="Passed" start-time="2026-08-03 15:27:23Z" end-time="2026-08-03 15:27:23Z" duration="0.000180" asserts="0">
                <properties>
                  <property name="retryIteration" value="0" />
                  <property name="repeatIteration" value="0" />
                </properties>
              </test-case>
              <test-case id="1008" name="Deserialize_SetMotorCommand_ParsesCorrectly" fullname="JajuchaSim.Bridge.Tests.BridgeProtocolTests.Deserialize_SetMotorCommand_ParsesCorrectly" methodname="Deserialize_SetMotorCommand_ParsesCorrectly" classname="JajuchaSim.Bridge.Tests.BridgeProtocolTests" runstate="Runnable" seed="904448209" result="Passed" start-time="2026-08-03 15:27:23Z" end-time="2026-08-03 15:27:23Z" duration="0.000166" asserts="0">
                <properties>
                  <property name="retryIteration" value="0" />
                  <property name="repeatIteration" value="0" />
                </properties>
              </test-case>
              <test-case id="1015" name="Deserialize_UnknownCommand_StillParses" fullname="JajuchaSim.Bridge.Tests.BridgeProtocolTests.Deserialize_UnknownCommand_StillParses" methodname="Deserialize_UnknownCommand_StillParses" classname="JajuchaSim.Bridge.Tests.BridgeProtocolTests" runstate="Runnable" seed="593716775" result="Passed" start-time="2026-08-03 15:27:23Z" end-time="2026-08-03 15:27:23Z" duration="0.000084" asserts="0">
                <properties>
                  <property name="retryIteration" value="0" />
                  <property name="repeatIteration" value="0" />
                </properties>
              </test-case>
              <test-case id="1018" name="Deserialize_WithExtraWhitespace_StillParses" fullname="JajuchaSim.Bridge.Tests.BridgeProtocolTests.Deserialize_WithExtraWhitespace_StillParses" methodname="Deserialize_WithExtraWhitespace_StillParses" classname="JajuchaSim.Bridge.Tests.BridgeProtocolTests" runstate="Runnable" seed="759702151" result="Passed" start-time="2026-08-03 15:27:23Z" end-time="2026-08-03 15:27:23Z" duration="0.000081" asserts="0">
                <properties>
                  <property name="retryIteration" value="0" />
                  <property name="repeatIteration" value="0" />
                </properties>
              </test-case>
              <test-case id="1016" name="RoundTrip_Hello_IsSymmetric" fullname="JajuchaSim.Bridge.Tests.BridgeProtocolTests.RoundTrip_Hello_IsSymmetric" methodname="RoundTrip_Hello_IsSymmetric" classname="JajuchaSim.Bridge.Tests.BridgeProtocolTests" runstate="Runnable" seed="917273640" result="Passed" start-time="2026-08-03 15:27:23Z" end-time="2026-08-03 15:27:23Z" duration="0.000531" asserts="0">
                <properties>
                  <property name="retryIteration" value="0" />
                  <property name="repeatIteration" value="0" />
                </properties>
              </test-case>
              <test-case id="1017" name="RoundTrip_SetMotor_IsSymmetric" fullname="JajuchaSim.Bridge.Tests.BridgeProtocolTests.RoundTrip_SetMotor_IsSymmetric" methodname="RoundTrip_SetMotor_IsSymmetric" classname="JajuchaSim.Bridge.Tests.BridgeProtocolTests" runstate="Runnable" seed="944803986" result="Passed" start-time="2026-08-03 15:27:23Z" end-time="2026-08-03 15:27:23Z" duration="0.000727" asserts="0">
                <properties>
                  <property name="retryIteration" value="0" />
                  <property name="repeatIteration" value="0" />
                </properties>
              </test-case>
              <test-case id="1002" name="Serialize_Hello_ProducesValidJson" fullname="JajuchaSim.Bridge.Tests.BridgeProtocolTests.Serialize_Hello_ProducesValidJson" methodname="Serialize_Hello_ProducesValidJson" classname="JajuchaSim.Bridge.Tests.BridgeProtocolTests" runstate="Runnable" seed="983911234" result="Passed" start-time="2026-08-03 15:27:23Z" end-time="2026-08-03 15:27:23Z" duration="0.000448" asserts="0">
                <properties>
                  <property name="retryIteration" value="0" />
                  <property name="repeatIteration" value="0" />
                </properties>
              </test-case>
              <test-case id="1003" name="Serialize_HelloAck_ProducesValidJson" fullname="JajuchaSim.Bridge.Tests.BridgeProtocolTests.Serialize_HelloAck_ProducesValidJson" methodname="Serialize_HelloAck_ProducesValidJson" classname="JajuchaSim.Bridge.Tests.BridgeProtocolTests" runstate="Runnable" seed="1752520819" result="Passed" start-time="2026-08-03 15:27:23Z" end-time="2026-08-03 15:27:23Z" duration="0.000116" asserts="0">
                <properties>
                  <property name="retryIteration" value="0" />
                  <property name="repeatIteration" value="0" />
                </properties>
              </test-case>
              <test-case id="1019" name="Serialize_NullMessage_Throws" fullname="JajuchaSim.Bridge.Tests.BridgeProtocolTests.Serialize_NullMessage_Throws" methodname="Serialize_NullMessage_Throws" classname="JajuchaSim.Bridge.Tests.BridgeProtocolTests" runstate="Runnable" seed="505876092" result="Passed" start-time="2026-08-03 15:27:23Z" end-time="2026-08-03 15:27:23Z" duration="0.002417" asserts="0">
                <properties>
                  <property name="retryIteration" value="0" />
                  <property name="repeatIteration" value="0" />
                </properties>
              </test-case>
              <test-case id="1006" name="Serialize_ResponseError_ProducesValidJson" fullname="JajuchaSim.Bridge.Tests.BridgeProtocolTests.Serialize_ResponseError_ProducesValidJson" methodname="Serialize_ResponseError_ProducesValidJson" classname="JajuchaSim.Bridge.Tests.BridgeProtocolTests" runstate="Runnable" seed="712032142" result="Passed" start-time="2026-08-03 15:27:23Z" end-time="2026-08-03 15:27:23Z" duration="0.000281" asserts="0">
                <properties>
                  <property name="retryIteration" value="0" />
                  <property name="repeatIteration" value="0" />
                </properties>
              </test-case>
              <test-case id="1005" name="Serialize_ResponseOk_ProducesValidJson" fullname="JajuchaSim.Bridge.Tests.BridgeProtocolTests.Serialize_ResponseOk_ProducesValidJson" methodname="Serialize_ResponseOk_ProducesValidJson" classname="JajuchaSim.Bridge.Tests.BridgeProtocolTests" runstate="Runnable" seed="1038398149" result="Passed" start-time="2026-08-03 15:27:23Z" end-time="2026-08-03 15:27:23Z" duration="0.000114" asserts="0">
                <properties>
                  <property name="retryIteration" value="0" />
                  <property name="repeatIteration" value="0" />
                </properties>
              </test-case>
              <test-case id="1004" name="Serialize_SetMotorCommand_ProducesValidJson" fullname="JajuchaSim.Bridge.Tests.BridgeProtocolTests.Serialize_SetMotorCommand_ProducesValidJson" methodname="Serialize_SetMotorCommand_ProducesValidJson" classname="JajuchaSim.Bridge.Tests.BridgeProtocolTests" runstate="Runnable" seed="1061576911" result="Passed" start-time="2026-08-03 15:27:23Z" end-time="2026-08-03 15:27:23Z" duration="0.000223" asserts="0">
                <properties>
                  <property name="retryIteration" value="0" />
                  <property name="repeatIteration" value="0" />
                </properties>
              </test-case>
            </test-suite>
            <test-suite type="TestFixture" id="1020" name="CameraBridgeTests" fullname="JajuchaSim.Bridge.Tests.CameraBridgeTests" classname="JajuchaSim.Bridge.Tests.CameraBridgeTests" runstate="Runnable" testcasecount="8" result="Passed" start-time="2026-08-03 15:27:23Z" end-time="2026-08-03 15:27:23Z" duration="0.025616" total="8" passed="8" failed="0" inconclusive="0" skipped="0" asserts="0">
              <properties />
              <test-case id="1028" name="GetDepth_NoSensors_ReturnsError" fullname="JajuchaSim.Bridge.Tests.CameraBridgeTests.GetDepth_NoSensors_ReturnsError" methodname="GetDepth_NoSensors_ReturnsError" classname="JajuchaSim.Bridge.Tests.CameraBridgeTests" runstate="Runnable" seed="1454698437" result="Passed" start-time="2026-08-03 15:27:23Z" end-time="2026-08-03 15:27:23Z" duration="0.010476" asserts="0">
                <properties>
                  <property name="retryIteration" value="0" />
                  <property name="repeatIteration" value="0" />
                </properties>
                <output><![CDATA[[SIM] Initialized seed=12345 dt=0.01 systems=0
[SIM] [BRIDGE] Handshake complete protocol=1
[SIM] [BRIDGE] Handshake complete protocol=1
]]></output>
              </test-case>
              <test-case id="1027" name="GetDepth_ReturnsGray8Image" fullname="JajuchaSim.Bridge.Tests.CameraBridgeTests.GetDepth_ReturnsGray8Image" methodname="GetDepth_ReturnsGray8Image" classname="JajuchaSim.Bridge.Tests.CameraBridgeTests" runstate="Runnable" seed="1733793584" result="Passed" start-time="2026-08-03 15:27:23Z" end-time="2026-08-03 15:27:23Z" duration="0.002807" asserts="0">
                <properties>
                  <property name="retryIteration" value="0" />
                  <property name="repeatIteration" value="0" />
                </properties>
                <output><![CDATA[[SIM] Initialized seed=12345 dt=0.01 systems=0
[SIM] [BRIDGE] Handshake complete protocol=1
[SIM] [BRIDGE] get_depth() -> 640x480 frame #1
]]></output>
              </test-case>
              <test-case id="1021" name="GetImage_Center_ReturnsOkWithImageHeader" fullname="JajuchaSim.Bridge.Tests.CameraBridgeTests.GetImage_Center_ReturnsOkWithImageHeader" methodname="GetImage_Center_ReturnsOkWithImageHeader" classname="JajuchaSim.Bridge.Tests.CameraBridgeTests" runstate="Runnable" seed="458623990" result="Passed" start-time="2026-08-03 15:27:23Z" end-time="2026-08-03 15:27:23Z" duration="0.002480" asserts="0">
                <properties>
                  <property name="retryIteration" value="0" />
                  <property name="repeatIteration" value="0" />
                </properties>
                <output><![CDATA[[SIM] Initialized seed=12345 dt=0.01 systems=0
[SIM] [BRIDGE] Handshake complete protocol=1
[SIM] [BRIDGE] get_image(center) -> 640x480 frame #2
]]></output>
              </test-case>
              <test-case id="1024" name="GetImage_InvalidLocation_ReturnsError" fullname="JajuchaSim.Bridge.Tests.CameraBridgeTests.GetImage_InvalidLocation_ReturnsError" methodname="GetImage_InvalidLocation_ReturnsError" classname="JajuchaSim.Bridge.Tests.CameraBridgeTests" runstate="Runnable" seed="2103100541" result="Passed" start-time="2026-08-03 15:27:23Z" end-time="2026-08-03 15:27:23Z" duration="0.001156" asserts="0">
                <properties>
                  <property name="retryIteration" value="0" />
                  <property name="repeatIteration" value="0" />
                </properties>
                <output><![CDATA[[SIM] Initialized seed=12345 dt=0.01 systems=0
[SIM] [BRIDGE] Handshake complete protocol=1
]]></output>
              </test-case>
              <test-case id="1022" name="GetImage_Left_ReturnsImage" fullname="JajuchaSim.Bridge.Tests.CameraBridgeTests.GetImage_Left_ReturnsImage" methodname="GetImage_Left_ReturnsImage" classname="JajuchaSim.Bridge.Tests.CameraBridgeTests" runstate="Runnable" seed="1983305798" result="Passed" start-time="2026-08-03 15:27:23Z" end-time="2026-08-03 15:27:23Z" duration="0.003291" asserts="0">
                <properties>
                  <property name="retryIteration" value="0" />
                  <property name="repeatIteration" value="0" />
                </properties>
                <output><![CDATA[[SIM] Initialized seed=12345 dt=0.01 systems=0
[SIM] [BRIDGE] Handshake complete protocol=1
[SIM] [BRIDGE] get_image(left) -> 640x480 frame #1
]]></output>
              </test-case>
              <test-case id="1025" name="GetImage_MissingLocation_ReturnsError" fullname="JajuchaSim.Bridge.Tests.CameraBridgeTests.GetImage_MissingLocation_ReturnsError" methodname="GetImage_MissingLocation_ReturnsError" classname="JajuchaSim.Bridge.Tests.CameraBridgeTests" runstate="Runnable" seed="271656443" result="Passed" start-time="2026-08-03 15:27:23Z" end-time="2026-08-03 15:27:23Z" duration="0.000925" asserts="0">
                <properties>
                  <property name="retryIteration" value="0" />
                  <property name="repeatIteration" value="0" />
                </properties>
                <output><![CDATA[[SIM] Initialized seed=12345 dt=0.01 systems=0
[SIM] [BRIDGE] Handshake complete protocol=1
]]></output>
              </test-case>
              <test-case id="1026" name="GetImage_NoSensors_ReturnsError" fullname="JajuchaSim.Bridge.Tests.CameraBridgeTests.GetImage_NoSensors_ReturnsError" methodname="GetImage_NoSensors_ReturnsError" classname="JajuchaSim.Bridge.Tests.CameraBridgeTests" runstate="Runnable" seed="300960007" result="Passed" start-time="2026-08-03 15:27:23Z" end-time="2026-08-03 15:27:23Z" duration="0.001287" asserts="0">
                <properties>
                  <property name="retryIteration" value="0" />
                  <property name="repeatIteration" value="0" />
                </properties>
                <output><![CDATA[[SIM] Initialized seed=12345 dt=0.01 systems=0
[SIM] [BRIDGE] Handshake complete protocol=1
[SIM] [BRIDGE] Handshake complete protocol=1
]]></output>
              </test-case>
              <test-case id="1023" name="GetImage_Right_ReturnsImage" fullname="JajuchaSim.Bridge.Tests.CameraBridgeTests.GetImage_Right_ReturnsImage" methodname="GetImage_Right_ReturnsImage" classname="JajuchaSim.Bridge.Tests.CameraBridgeTests" runstate="Runnable" seed="700961473" result="Passed" start-time="2026-08-03 15:27:23Z" end-time="2026-08-03 15:27:23Z" duration="0.001661" asserts="0">
                <properties>
                  <property name="retryIteration" value="0" />
                  <property name="repeatIteration" value="0" />
                </properties>
                <output><![CDATA[[SIM] Initialized seed=12345 dt=0.01 systems=0
[SIM] [BRIDGE] Handshake complete protocol=1
[SIM] [BRIDGE] get_image(right) -> 640x480 frame #3
]]></output>
              </test-case>
            </test-suite>
            <test-suite type="TestFixture" id="1029" name="CommandDispatcherTests" fullname="JajuchaSim.Bridge.Tests.CommandDispatcherTests" classname="JajuchaSim.Bridge.Tests.CommandDispatcherTests" runstate="Runnable" testcasecount="19" result="Passed" start-time="2026-08-03 15:27:23Z" end-time="2026-08-03 15:27:23Z" duration="0.369689" total="19" passed="19" failed="0" inconclusive="0" skipped="0" asserts="0">
              <properties />
              <test-case id="1043" name="CommandsBeforeHandshake_AreRejected" fullname="JajuchaSim.Bridge.Tests.CommandDispatcherTests.CommandsBeforeHandshake_AreRejected" methodname="CommandsBeforeHandshake_AreRejected" classname="JajuchaSim.Bridge.Tests.CommandDispatcherTests" runstate="Runnable" seed="173592026" result="Passed" start-time="2026-08-03 15:27:23Z" end-time="2026-08-03 15:27:23Z" duration="0.001405" asserts="0">
                <properties>
                  <property name="retryIteration" value="0" />
                  <property name="repeatIteration" value="0" />
                </properties>
                <output><![CDATA[[SIM] Initialized seed=12345 dt=0.01 systems=0
[SIM] [BRIDGE] Handshake complete protocol=1
]]></output>
              </test-case>
              <test-case id="1044" name="Disconnect_SetsSpeedToZero_PreservesSteering" fullname="JajuchaSim.Bridge.Tests.CommandDispatcherTests.Disconnect_SetsSpeedToZero_PreservesSteering" methodname="Disconnect_SetsSpeedToZero_PreservesSteering" classname="JajuchaSim.Bridge.Tests.CommandDispatcherTests" runstate="Runnable" seed="1841458048" result="Passed" start-time="2026-08-03 15:27:23Z" end-time="2026-08-03 15:27:23Z" duration="0.002606" asserts="0">
                <properties>
                  <property name="retryIteration" value="0" />
                  <property name="repeatIteration" value="0" />
                </properties>
                <output><![CDATA[[SIM] Initialized seed=12345 dt=0.01 systems=0
[SIM] [BRIDGE] Handshake complete protocol=1
[SIM] [BRIDGE] set_motor left=-5 right=5 speed=10
[SIM] [BRIDGE] Disconnect safety: speed → 0
]]></output>
              </test-case>
              <test-case id="1045" name="Disconnect_WhenSpeedAlreadyZero_NoChange" fullname="JajuchaSim.Bridge.Tests.CommandDispatcherTests.Disconnect_WhenSpeedAlreadyZero_NoChange" methodname="Disconnect_WhenSpeedAlreadyZero_NoChange" classname="JajuchaSim.Bridge.Tests.CommandDispatcherTests" runstate="Runnable" seed="902717692" result="Passed" start-time="2026-08-03 15:27:23Z" end-time="2026-08-03 15:27:23Z" duration="0.001417" asserts="0">
                <properties>
                  <property name="retryIteration" value="0" />
                  <property name="repeatIteration" value="0" />
                </properties>
                <output><![CDATA[[SIM] Initialized seed=12345 dt=0.01 systems=0
[SIM] [BRIDGE] Handshake complete protocol=1
[SIM] [BRIDGE] set_motor left=-10 right=10 speed=0
]]></output>
              </test-case>
              <test-case id="1038" name="GetStatus_ReturnsVehicleCommand" fullname="JajuchaSim.Bridge.Tests.CommandDispatcherTests.GetStatus_ReturnsVehicleCommand" methodname="GetStatus_ReturnsVehicleCommand" classname="JajuchaSim.Bridge.Tests.CommandDispatcherTests" runstate="Runnable" seed="985175378" result="Passed" start-time="2026-08-03 15:27:23Z" end-time="2026-08-03 15:27:23Z" duration="0.002052" asserts="0">
                <properties>
                  <property name="retryIteration" value="0" />
                  <property name="repeatIteration" value="0" />
                </properties>
                <output><![CDATA[[SIM] Initialized seed=12345 dt=0.01 systems=0
[SIM] [BRIDGE] Handshake complete protocol=1
]]></output>
              </test-case>
              <test-case id="1037" name="InvalidJson_ReturnsError" fullname="JajuchaSim.Bridge.Tests.CommandDispatcherTests.InvalidJson_ReturnsError" methodname="InvalidJson_ReturnsError" classname="JajuchaSim.Bridge.Tests.CommandDispatcherTests" runstate="Runnable" seed="995985531" result="Passed" start-time="2026-08-03 15:27:23Z" end-time="2026-08-03 15:27:23Z" duration="0.000926" asserts="0">
                <properties>
                  <property name="retryIteration" value="0" />
                  <property name="repeatIteration" value="0" />
                </properties>
                <output><![CDATA[[SIM] Initialized seed=12345 dt=0.01 systems=0
[SIM] [BRIDGE] Handshake complete protocol=1
]]></output>
              </test-case>
              <test-case id="1030" name="Ping_ReturnsOk" fullname="JajuchaSim.Bridge.Tests.CommandDispatcherTests.Ping_ReturnsOk" methodname="Ping_ReturnsOk" classname="JajuchaSim.Bridge.Tests.CommandDispatcherTests" runstate="Runnable" seed="1195165906" result="Passed" start-time="2026-08-03 15:27:23Z" end-time="2026-08-03 15:27:23Z" duration="0.001083" asserts="0">
                <properties>
                  <property name="retryIteration" value="0" />
                  <property name="repeatIteration" value="0" />
                </properties>
                <output><![CDATA[[SIM] Initialized seed=12345 dt=0.01 systems=0
[SIM] [BRIDGE] Handshake complete protocol=1
]]></output>
              </test-case>
              <test-case id="1046" name="Reconnect_AfterDisconnect_ResetsHandshake" fullname="JajuchaSim.Bridge.Tests.CommandDispatcherTests.Reconnect_AfterDisconnect_ResetsHandshake" methodname="Reconnect_AfterDisconnect_ResetsHandshake" classname="JajuchaSim.Bridge.Tests.CommandDispatcherTests" runstate="Runnable" seed="1089957453" result="Passed" start-time="2026-08-03 15:27:23Z" end-time="2026-08-03 15:27:23Z" duration="0.001203" asserts="0">
                <properties>
                  <property name="retryIteration" value="0" />
                  <property name="repeatIteration" value="0" />
                </properties>
                <output><![CDATA[[SIM] Initialized seed=12345 dt=0.01 systems=0
[SIM] [BRIDGE] Handshake complete protocol=1
[SIM] [BRIDGE] Handshake complete protocol=1
]]></output>
              </test-case>
              <test-case id="1034" name="SetMotor_ClampsValues" fullname="JajuchaSim.Bridge.Tests.CommandDispatcherTests.SetMotor_ClampsValues" methodname="SetMotor_ClampsValues" classname="JajuchaSim.Bridge.Tests.CommandDispatcherTests" runstate="Runnable" seed="144302551" result="Passed" start-time="2026-08-03 15:27:23Z" end-time="2026-08-03 15:27:23Z" duration="0.001279" asserts="0">
                <properties>
                  <property name="retryIteration" value="0" />
                  <property name="repeatIteration" value="0" />
                </properties>
                <output><![CDATA[[SIM] Initialized seed=12345 dt=0.01 systems=0
[SIM] [BRIDGE] Handshake complete protocol=1
[SIM] [BRIDGE] set_motor left=-50 right=50 speed=100
]]></output>
              </test-case>
              <test-case id="1031" name="SetMotor_DispatchesToVehicle" fullname="JajuchaSim.Bridge.Tests.CommandDispatcherTests.SetMotor_DispatchesToVehicle" methodname="SetMotor_DispatchesToVehicle" classname="JajuchaSim.Bridge.Tests.CommandDispatcherTests" runstate="Runnable" seed="728649811" result="Passed" start-time="2026-08-03 15:27:23Z" end-time="2026-08-03 15:27:23Z" duration="0.001295" asserts="0">
                <properties>
                  <property name="retryIteration" value="0" />
                  <property name="repeatIteration" value="0" />
                </properties>
                <output><![CDATA[[SIM] Initialized seed=12345 dt=0.01 systems=0
[SIM] [BRIDGE] Handshake complete protocol=1
[SIM] [BRIDGE] set_motor left=-5 right=-5 speed=3
]]></output>
              </test-case>
              <test-case id="1035" name="SetMotor_LatestWins_OnlyLastApplied" fullname="JajuchaSim.Bridge.Tests.CommandDispatcherTests.SetMotor_LatestWins_OnlyLastApplied" methodname="SetMotor_LatestWins_OnlyLastApplied" classname="JajuchaSim.Bridge.Tests.CommandDispatcherTests" runstate="Runnable" seed="1788473212" result="Passed" start-time="2026-08-03 15:27:23Z" end-time="2026-08-03 15:27:23Z" duration="0.001976" asserts="0">
                <properties>
                  <property name="retryIteration" value="0" />
                  <property name="repeatIteration" value="0" />
                </properties>
                <output><![CDATA[[SIM] Initialized seed=12345 dt=0.01 systems=0
[SIM] [BRIDGE] Handshake complete protocol=1
[SIM] [BRIDGE] set_motor left=0 right=0 speed=1
[SIM] [BRIDGE] set_motor left=0 right=0 speed=2
[SIM] [BRIDGE] set_motor left=0 right=0 speed=3
]]></output>
              </test-case>
              <test-case id="1033" name="SetMotor_MissingPayload_ReturnsError" fullname="JajuchaSim.Bridge.Tests.CommandDispatcherTests.SetMotor_MissingPayload_ReturnsError" methodname="SetMotor_MissingPayload_ReturnsError" classname="JajuchaSim.Bridge.Tests.CommandDispatcherTests" runstate="Runnable" seed="1272962858" result="Passed" start-time="2026-08-03 15:27:23Z" end-time="2026-08-03 15:27:23Z" duration="0.000917" asserts="0">
                <properties>
                  <property name="retryIteration" value="0" />
                  <property name="repeatIteration" value="0" />
                </properties>
                <output><![CDATA[[SIM] Initialized seed=12345 dt=0.01 systems=0
[SIM] [BRIDGE] Handshake complete protocol=1
]]></output>
              </test-case>
              <test-case id="1032" name="SetMotor_ZeroSpeedInvariant_SteeringPreserved" fullname="JajuchaSim.Bridge.Tests.CommandDispatcherTests.SetMotor_ZeroSpeedInvariant_SteeringPreserved" methodname="SetMotor_ZeroSpeedInvariant_SteeringPreserved" classname="JajuchaSim.Bridge.Tests.CommandDispatcherTests" runstate="Runnable" seed="484112371" result="Passed" start-time="2026-08-03 15:27:23Z" end-time="2026-08-03 15:27:23Z" duration="0.001282" asserts="0">
                <properties>
                  <property name="retryIteration" value="0" />
                  <property name="repeatIteration" value="0" />
                </properties>
                <output><![CDATA[[SIM] Initialized seed=12345 dt=0.01 systems=0
[SIM] [BRIDGE] Handshake complete protocol=1
[SIM] [BRIDGE] set_motor left=-10 right=10 speed=0
]]></output>
              </test-case>
              <test-case id="1040" name="SimPause_PausesSimulation" fullname="JajuchaSim.Bridge.Tests.CommandDispatcherTests.SimPause_PausesSimulation" methodname="SimPause_PausesSimulation" classname="JajuchaSim.Bridge.Tests.CommandDispatcherTests" runstate="Runnable" seed="415663942" result="Passed" start-time="2026-08-03 15:27:23Z" end-time="2026-08-03 15:27:23Z" duration="0.004968" asserts="0">
                <properties>
                  <property name="retryIteration" value="0" />
                  <property name="repeatIteration" value="0" />
                </properties>
                <output><![CDATA[[SIM] Initialized seed=12345 dt=0.01 systems=0
[SIM] [BRIDGE] Handshake complete protocol=1
[SIM] Started tick=0 time=0
[SIM] Paused tick=0 time=0.00
[SIM] [BRIDGE] sim_pause
]]></output>
              </test-case>
              <test-case id="1042" name="SimReset_ResetsSimulation" fullname="JajuchaSim.Bridge.Tests.CommandDispatcherTests.SimReset_ResetsSimulation" methodname="SimReset_ResetsSimulation" classname="JajuchaSim.Bridge.Tests.CommandDispatcherTests" runstate="Runnable" seed="940697311" result="Passed" start-time="2026-08-03 15:27:23Z" end-time="2026-08-03 15:27:23Z" duration="0.008215" asserts="0">
                <properties>
                  <property name="retryIteration" value="0" />
                  <property name="repeatIteration" value="0" />
                </properties>
                <output><![CDATA[[SIM] Initialized seed=12345 dt=0.01 systems=0
[SIM] [BRIDGE] Handshake complete protocol=1
[SIM] Started tick=0 time=0
[SIM] Reset (was tick=50)
[SIM] [BRIDGE] sim_reset
]]></output>
              </test-case>
              <test-case id="1039" name="SimStart_StartsSimulation" fullname="JajuchaSim.Bridge.Tests.CommandDispatcherTests.SimStart_StartsSimulation" methodname="SimStart_StartsSimulation" classname="JajuchaSim.Bridge.Tests.CommandDispatcherTests" runstate="Runnable" seed="438873060" result="Passed" start-time="2026-08-03 15:27:23Z" end-time="2026-08-03 15:27:23Z" duration="0.004948" asserts="0">
                <properties>
                  <property name="retryIteration" value="0" />
                  <property name="repeatIteration" value="0" />
                </properties>
                <output><![CDATA[[SIM] Initialized seed=12345 dt=0.01 systems=0
[SIM] [BRIDGE] Handshake complete protocol=1
[SIM] Started tick=0 time=0
[SIM] [BRIDGE] sim_start
]]></output>
              </test-case>
              <test-case id="1041" name="SimStep_AdvancesOneTick" fullname="JajuchaSim.Bridge.Tests.CommandDispatcherTests.SimStep_AdvancesOneTick" methodname="SimStep_AdvancesOneTick" classname="JajuchaSim.Bridge.Tests.CommandDispatcherTests" runstate="Runnable" seed="1382891232" result="Passed" start-time="2026-08-03 15:27:23Z" end-time="2026-08-03 15:27:23Z" duration="0.002715" asserts="0">
                <properties>
                  <property name="retryIteration" value="0" />
                  <property name="repeatIteration" value="0" />
                </properties>
                <output><![CDATA[[SIM] Initialized seed=12345 dt=0.01 systems=0
[SIM] [BRIDGE] Handshake complete protocol=1
[SIM] Started tick=0 time=0
[SIM] Paused tick=0 time=0.00
[SIM] [BRIDGE] sim_step
]]></output>
              </test-case>
              <test-case id="1036" name="UnknownCommand_ReturnsError" fullname="JajuchaSim.Bridge.Tests.CommandDispatcherTests.UnknownCommand_ReturnsError" methodname="UnknownCommand_ReturnsError" classname="JajuchaSim.Bridge.Tests.CommandDispatcherTests" runstate="Runnable" seed="849625242" result="Passed" start-time="2026-08-03 15:27:23Z" end-time="2026-08-03 15:27:23Z" duration="0.001334" asserts="0">
                <properties>
                  <property name="retryIteration" value="0" />
                  <property name="repeatIteration" value="0" />
                </properties>
                <output><![CDATA[[SIM] Initialized seed=12345 dt=0.01 systems=0
[SIM] [BRIDGE] Handshake complete protocol=1
]]></output>
              </test-case>
              <test-case id="1048" name="Watchdog_NoTimeout_WhenSpeedAlreadyZero" fullname="JajuchaSim.Bridge.Tests.CommandDispatcherTests.Watchdog_NoTimeout_WhenSpeedAlreadyZero" methodname="Watchdog_NoTimeout_WhenSpeedAlreadyZero" classname="JajuchaSim.Bridge.Tests.CommandDispatcherTests" runstate="Runnable" seed="939450278" result="Passed" start-time="2026-08-03 15:27:23Z" end-time="2026-08-03 15:27:23Z" duration="0.158670" asserts="0">
                <properties>
                  <property name="retryIteration" value="0" />
                  <property name="repeatIteration" value="0" />
                </properties>
                <output><![CDATA[[SIM] Initialized seed=12345 dt=0.01 systems=0
[SIM] [BRIDGE] Handshake complete protocol=1
[SIM] [BRIDGE] Handshake complete protocol=1
[SIM] [BRIDGE] set_motor left=-10 right=10 speed=0
]]></output>
              </test-case>
              <test-case id="1047" name="Watchdog_Timeout_SetsSpeedToZero" fullname="JajuchaSim.Bridge.Tests.CommandDispatcherTests.Watchdog_Timeout_SetsSpeedToZero" methodname="Watchdog_Timeout_SetsSpeedToZero" classname="JajuchaSim.Bridge.Tests.CommandDispatcherTests" runstate="Runnable" seed="1279034029" result="Passed" start-time="2026-08-03 15:27:23Z" end-time="2026-08-03 15:27:23Z" duration="0.168369" asserts="0">
                <properties>
                  <property name="retryIteration" value="0" />
                  <property name="repeatIteration" value="0" />
                </properties>
                <output><![CDATA[[SIM] Initialized seed=12345 dt=0.01 systems=0
[SIM] [BRIDGE] Handshake complete protocol=1
[SIM] [BRIDGE] Handshake complete protocol=1
[SIM] [BRIDGE] set_motor left=-5 right=5 speed=10
[SIM] [BRIDGE] Motor watchdog: speed → 0 (no command received for 0.2s, timeout=0.1s)
]]></output>
              </test-case>
            </test-suite>
          </test-suite>
        </test-suite>
      </test-suite>
    </test-suite>
    <test-suite type="Assembly" id="1093" name="JajuchaSim.Core.EditModeTests.dll" fullname="C:/tmp/agentctl-jajucha-friendly/runs/01KZ41ACZ4PKKH152VCY3FAGGE/tasks/task-8/Library/ScriptAssemblies/JajuchaSim.Core.EditModeTests.dll" runstate="Runnable" testcasecount="35" result="Passed" start-time="2026-08-03 15:27:23Z" end-time="2026-08-03 15:27:24Z" duration="1.020503" total="35" passed="35" failed="0" inconclusive="0" skipped="0" asserts="0">
      <properties>
        <property name="_PID" value="17748" />
        <property name="_APPDOMAIN" value="Unity Child Domain" />
        <property name="platform" value="EditMode" />
        <property name="EditorOnly" value="True" />
      </properties>
      <test-suite type="TestSuite" id="1094" name="JajuchaSim" fullname="JajuchaSim" runstate="Runnable" testcasecount="35" result="Passed" start-time="2026-08-03 15:27:23Z" end-time="2026-08-03 15:27:24Z" duration="1.019418" total="35" passed="35" failed="0" inconclusive="0" skipped="0" asserts="0">
        <properties />
        <test-suite type="TestSuite" id="1095" name="Core" fullname="JajuchaSim.Core" runstate="Runnable" testcasecount="35" result="Passed" start-time="2026-08-03 15:27:23Z" end-time="2026-08-03 15:27:24Z" duration="1.018917" total="35" passed="35" failed="0" inconclusive="0" skipped="0" asserts="0">
          <properties />
          <test-suite type="TestSuite" id="1096" name="Tests" fullname="JajuchaSim.Core.Tests" runstate="Runnable" testcasecount="35" result="Passed" start-time="2026-08-03 15:27:23Z" end-time="2026-08-03 15:27:24Z" duration="1.018580" total="35" passed="35" failed="0" inconclusive="0" skipped="0" asserts="0">
            <properties />
            <test-suite type="TestFixture" id="1053" name="CameraLayerConfigTests" fullname="JajuchaSim.Core.Tests.CameraLayerConfigTests" classname="JajuchaSim.Core.Tests.CameraLayerConfigTests" runstate="Runnable" testcasecount="4" result="Passed" start-time="2026-08-03 15:27:23Z" end-time="2026-08-03 15:27:23Z" duration="0.003183" total="4" passed="4" failed="0" inconclusive="0" skipped="0" asserts="0">
              <properties />
              <test-case id="1054" name="CameraLayerConfig_CanBeInstantiated" fullname="JajuchaSim.Core.Tests.CameraLayerConfigTests.CameraLayerConfig_CanBeInstantiated" methodname="CameraLayerConfig_CanBeInstantiated" classname="JajuchaSim.Core.Tests.CameraLayerConfigTests" runstate="Runnable" seed="1651475212" result="Passed" start-time="2026-08-03 15:27:23Z" end-time="2026-08-03 15:27:23Z" duration="0.000553" asserts="0">
                <properties>
                  <property name="retryIteration" value="0" />
                  <property name="repeatIteration" value="0" />
                </properties>
              </test-case>
              <test-case id="1057" name="CameraLayerConfig_ConfigureCameras_ExcludesDebugFromSensors" fullname="JajuchaSim.Core.Tests.CameraLayerConfigTests.CameraLayerConfig_ConfigureCameras_ExcludesDebugFromSensors" methodname="CameraLayerConfig_ConfigureCameras_ExcludesDebugFromSensors" classname="JajuchaSim.Core.Tests.CameraLayerConfigTests" runstate="Runnable" seed="754589751" result="Passed" start-time="2026-08-03 15:27:23Z" end-time="2026-08-03 15:27:23Z" duration="0.000916" asserts="0">
                <properties>
                  <property name="retryIteration" value="0" />
                  <property name="repeatIteration" value="0" />
                </properties>
              </test-case>
              <test-case id="1056" name="CameraLayerConfig_SetDebugOverlayLayer_NullObject_NoThrow" fullname="JajuchaSim.Core.Tests.CameraLayerConfigTests.CameraLayerConfig_SetDebugOverlayLayer_NullObject_NoThrow" methodname="CameraLayerConfig_SetDebugOverlayLayer_NullObject_NoThrow" classname="JajuchaSim.Core.Tests.CameraLayerConfigTests" runstate="Runnable" seed="1958839978" result="Passed" start-time="2026-08-03 15:27:23Z" end-time="2026-08-03 15:27:23Z" duration="0.000469" asserts="0">
                <properties>
                  <property name="retryIteration" value="0" />
                  <property name="repeatIteration" value="0" />
                </properties>
              </test-case>
              <test-case id="1055" name="CameraLayerConfig_SetDebugOverlayLayer_SetsLayer" fullname="JajuchaSim.Core.Tests.CameraLayerConfigTests.CameraLayerConfig_SetDebugOverlayLayer_SetsLayer" methodname="CameraLayerConfig_SetDebugOverlayLayer_SetsLayer" classname="JajuchaSim.Core.Tests.CameraLayerConfigTests" runstate="Runnable" seed="1371032237" result="Passed" start-time="2026-08-03 15:27:23Z" end-time="2026-08-03 15:27:23Z" duration="0.000410" asserts="0">
                <properties>
                  <property name="retryIteration" value="0" />
                  <property name="repeatIteration" value="0" />
                </properties>
              </test-case>
            </test-suite>
            <test-suite type="TestFixture" id="1058" name="SimulationClockTests" fullname="JajuchaSim.Core.Tests.SimulationClockTests" classname="JajuchaSim.Core.Tests.SimulationClockTests" runstate="Runnable" testcasecount="6" result="Passed" start-time="2026-08-03 15:27:23Z" end-time="2026-08-03 15:27:23Z" duration="0.003133" total="6" passed="6" failed="0" inconclusive="0" skipped="0" asserts="0">
              <properties />
              <test-case id="1064" name="AdvanceNegative_Throws" fullname="JajuchaSim.Core.Tests.SimulationClockTests.AdvanceNegative_Throws" methodname="AdvanceNegative_Throws" classname="JajuchaSim.Core.Tests.SimulationClockTests" runstate="Runnable" seed="1520064426" result="Passed" start-time="2026-08-03 15:27:23Z" end-time="2026-08-03 15:27:23Z" duration="0.000575" asserts="0">
                <properties>
                  <property name="retryIteration" value="0" />
                  <property name="repeatIteration" value="0" />
                </properties>
              </test-case>
              <test-case id="1063" name="FixedDeltaTime_NonPositive_Throws" fullname="JajuchaSim.Core.Tests.SimulationClockTests.FixedDeltaTime_NonPositive_Throws" methodname="FixedDeltaTime_NonPositive_Throws" classname="JajuchaSim.Core.Tests.SimulationClockTests" runstate="Runnable" seed="1186322590" result="Passed" start-time="2026-08-03 15:27:23Z" end-time="2026-08-03 15:27:23Z" duration="0.000282" asserts="0">
                <properties>
                  <property name="retryIteration" value="0" />
                  <property name="repeatIteration" value="0" />
                </properties>
              </test-case>
              <test-case id="1059" name="Initial_State_Is_Zero" fullname="JajuchaSim.Core.Tests.SimulationClockTests.Initial_State_Is_Zero" methodname="Initial_State_Is_Zero" classname="JajuchaSim.Core.Tests.SimulationClockTests" runstate="Runnable" seed="1069323623" result="Passed" start-time="2026-08-03 15:27:23Z" end-time="2026-08-03 15:27:23Z" duration="0.000814" asserts="0">
                <properties>
                  <property name="retryIteration" value="0" />
                  <property name="repeatIteration" value="0" />
                </properties>
              </test-case>
              <test-case id="1061" name="Reset_Returns_To_Zero" fullname="JajuchaSim.Core.Tests.SimulationClockTests.Reset_Returns_To_Zero" methodname="Reset_Returns_To_Zero" classname="JajuchaSim.Core.Tests.SimulationClockTests" runstate="Runnable" seed="784139638" result="Passed" start-time="2026-08-03 15:27:23Z" end-time="2026-08-03 15:27:23Z" duration="0.000114" asserts="0">
                <properties>
                  <property name="retryIteration" value="0" />
                  <property name="repeatIteration" value="0" />
                </properties>
              </test-case>
              <test-case id="1062" name="SetTimeScale_Applies_Value" fullname="JajuchaSim.Core.Tests.SimulationClockTests.SetTimeScale_Applies_Value" methodname="SetTimeScale_Applies_Value" classname="JajuchaSim.Core.Tests.SimulationClockTests" runstate="Runnable" seed="1821508399" result="Passed" start-time="2026-08-03 15:27:23Z" end-time="2026-08-03 15:27:23Z" duration="0.000098" asserts="0">
                <properties>
                  <property name="retryIteration" value="0" />
                  <property name="repeatIteration" value="0" />
                </properties>
              </test-case>
              <test-case id="1060" name="Tick_100_Times_At_0_01_Yields_Tick100_Time1" fullname="JajuchaSim.Core.Tests.SimulationClockTests.Tick_100_Times_At_0_01_Yields_Tick100_Time1" methodname="Tick_100_Times_At_0_01_Yields_Tick100_Time1" classname="JajuchaSim.Core.Tests.SimulationClockTests" runstate="Runnable" seed="2022775098" result="Passed" start-time="2026-08-03 15:27:23Z" end-time="2026-08-03 15:27:23Z" duration="0.000259" asserts="0">
                <properties>
                  <property name="retryIteration" value="0" />
                  <property name="repeatIteration" value="0" />
                </properties>
              </test-case>
            </test-suite>
            <test-suite type="TestFixture" id="1065" name="SimulationEventBusTests" fullname="JajuchaSim.Core.Tests.SimulationEventBusTests" classname="JajuchaSim.Core.Tests.SimulationEventBusTests" runstate="Runnable" testcasecount="7" result="Passed" start-time="2026-08-03 15:27:23Z" end-time="2026-08-03 15:27:23Z" duration="0.004062" total="7" passed="7" failed="0" inconclusive="0" skipped="0" asserts="0">
              <properties />
              <test-case id="1070" name="Clear_Removes_All" fullname="JajuchaSim.Core.Tests.SimulationEventBusTests.Clear_Removes_All" methodname="Clear_Removes_All" classname="JajuchaSim.Core.Tests.SimulationEventBusTests" runstate="Runnable" seed="617227927" result="Passed" start-time="2026-08-03 15:27:23Z" end-time="2026-08-03 15:27:23Z" duration="0.001190" asserts="0">
                <properties>
                  <property name="retryIteration" value="0" />
                  <property name="repeatIteration" value="0" />
                </properties>
              </test-case>
              <test-case id="1069" name="Multiple_Subscribers_All_Called" fullname="JajuchaSim.Core.Tests.SimulationEventBusTests.Multiple_Subscribers_All_Called" methodname="Multiple_Subscribers_All_Called" classname="JajuchaSim.Core.Tests.SimulationEventBusTests" runstate="Runnable" seed="407233521" result="Passed" start-time="2026-08-03 15:27:23Z" end-time="2026-08-03 15:27:23Z" duration="0.000304" asserts="0">
                <properties>
                  <property name="retryIteration" value="0" />
                  <property name="repeatIteration" value="0" />
                </properties>
              </test-case>
              <test-case id="1068" name="Publish_Carries_Event_Payload" fullname="JajuchaSim.Core.Tests.SimulationEventBusTests.Publish_Carries_Event_Payload" methodname="Publish_Carries_Event_Payload" classname="JajuchaSim.Core.Tests.SimulationEventBusTests" runstate="Runnable" seed="709917474" result="Passed" start-time="2026-08-03 15:27:23Z" end-time="2026-08-03 15:27:23Z" duration="0.000261" asserts="0">
                <properties>
                  <property name="retryIteration" value="0" />
                  <property name="repeatIteration" value="0" />
                </properties>
              </test-case>
              <test-case id="1072" name="Subscribe_Null_Throws" fullname="JajuchaSim.Core.Tests.SimulationEventBusTests.Subscribe_Null_Throws" methodname="Subscribe_Null_Throws" classname="JajuchaSim.Core.Tests.SimulationEventBusTests" runstate="Runnable" seed="914691844" result="Passed" start-time="2026-08-03 15:27:23Z" end-time="2026-08-03 15:27:23Z" duration="0.000218" asserts="0">
                <properties>
                  <property name="retryIteration" value="0" />
                  <property name="repeatIteration" value="0" />
                </properties>
              </test-case>
              <test-case id="1066" name="Subscribe_Publish_Handler_Called_Once" fullname="JajuchaSim.Core.Tests.SimulationEventBusTests.Subscribe_Publish_Handler_Called_Once" methodname="Subscribe_Publish_Handler_Called_Once" classname="JajuchaSim.Core.Tests.SimulationEventBusTests" runstate="Runnable" seed="1802736055" result="Passed" start-time="2026-08-03 15:27:23Z" end-time="2026-08-03 15:27:23Z" duration="0.000191" asserts="0">
                <properties>
                  <property name="retryIteration" value="0" />
                  <property name="repeatIteration" value="0" />
                </properties>
              </test-case>
              <test-case id="1071" name="Unsubscribe_During_Publish_DoesNot_Invalidate_Iteration" fullname="JajuchaSim.Core.Tests.SimulationEventBusTests.Unsubscribe_During_Publish_DoesNot_Invalidate_Iteration" methodname="Unsubscribe_During_Publish_DoesNot_Invalidate_Iteration" classname="JajuchaSim.Core.Tests.SimulationEventBusTests" runstate="Runnable" seed="550490425" result="Passed" start-time="2026-08-03 15:27:23Z" end-time="2026-08-03 15:27:23Z" duration="0.000562" asserts="0">
                <properties>
                  <property name="retryIteration" value="0" />
                  <property name="repeatIteration" value="0" />
                </properties>
              </test-case>
              <test-case id="1067" name="Unsubscribe_Handler_Not_Called" fullname="JajuchaSim.Core.Tests.SimulationEventBusTests.Unsubscribe_Handler_Not_Called" methodname="Unsubscribe_Handler_Not_Called" classname="JajuchaSim.Core.Tests.SimulationEventBusTests" runstate="Runnable" seed="1555505527" result="Passed" start-time="2026-08-03 15:27:23Z" end-time="2026-08-03 15:27:23Z" duration="0.000209" asserts="0">
                <properties>
                  <property name="retryIteration" value="0" />
                  <property name="repeatIteration" value="0" />
                </properties>
              </test-case>
            </test-suite>
            <test-suite type="TestFixture" id="1073" name="SimulationManagerTests" fullname="JajuchaSim.Core.Tests.SimulationManagerTests" classname="JajuchaSim.Core.Tests.SimulationManagerTests" runstate="Runnable" testcasecount="13" result="Passed" start-time="2026-08-03 15:27:23Z" end-time="2026-08-03 15:27:24Z" duration="1.001128" total="13" passed="13" failed="0" inconclusive="0" skipped="0" asserts="0">
              <properties />
              <test-case id="1083" name="Advance_N_Ticks_Matches_Clock" fullname="JajuchaSim.Core.Tests.SimulationManagerTests.Advance_N_Ticks_Matches_Clock" methodname="Advance_N_Ticks_Matches_Clock" classname="JajuchaSim.Core.Tests.SimulationManagerTests" runstate="Runnable" seed="1045266875" result="Passed" start-time="2026-08-03 15:27:23Z" end-time="2026-08-03 15:27:23Z" duration="0.044081" asserts="0">
                <properties>
                  <property name="retryIteration" value="0" />
                  <property name="repeatIteration" value="0" />
                </properties>
                <output><![CDATA[[SIM] Initialized seed=12345 dt=0.01 systems=0
[SIM] Started tick=0 time=0
]]></output>
              </test-case>
              <test-case id="1084" name="deterministic_10000_Tick_Test" fullname="JajuchaSim.Core.Tests.SimulationManagerTests.deterministic_10000_Tick_Test" methodname="deterministic_10000_Tick_Test" classname="JajuchaSim.Core.Tests.SimulationManagerTests" runstate="Runnable" seed="1891814467" result="Passed" start-time="2026-08-03 15:27:23Z" end-time="2026-08-03 15:27:24Z" duration="0.760470" asserts="0">
                <properties>
                  <property name="retryIteration" value="0" />
                  <property name="repeatIteration" value="0" />
                </properties>
                <output><![CDATA[[SIM] Initialized seed=12345 dt=0.01 systems=0
[SIM] Started tick=0 time=0
[SIM] Paused tick=0 time=0.00
]]></output>
              </test-case>
              <test-case id="1086" name="FakeSystem_Receives_Initialize_And_Ticks_Through_Manager" fullname="JajuchaSim.Core.Tests.SimulationManagerTests.FakeSystem_Receives_Initialize_And_Ticks_Through_Manager" methodname="FakeSystem_Receives_Initialize_And_Ticks_Through_Manager" classname="JajuchaSim.Core.Tests.SimulationManagerTests" runstate="Runnable" seed="330196445" result="Passed" start-time="2026-08-03 15:27:24Z" end-time="2026-08-03 15:27:24Z" duration="0.009986" asserts="0">
                <properties>
                  <property name="retryIteration" value="0" />
                  <property name="repeatIteration" value="0" />
                </properties>
                <output><![CDATA[[SIM] Initialized seed=12345 dt=0.01 systems=0
[SIM] Started tick=0 time=0
[SIM] Paused tick=0 time=0.00
[SIM] Stopped tick=100 time=1.00
]]></output>
              </test-case>
              <test-case id="1074" name="Initialize_Sets_Ready" fullname="JajuchaSim.Core.Tests.SimulationManagerTests.Initialize_Sets_Ready" methodname="Initialize_Sets_Ready" classname="JajuchaSim.Core.Tests.SimulationManagerTests" runstate="Runnable" seed="1240481592" result="Passed" start-time="2026-08-03 15:27:24Z" end-time="2026-08-03 15:27:24Z" duration="0.001245" asserts="0">
                <properties>
                  <property name="retryIteration" value="0" />
                  <property name="repeatIteration" value="0" />
                </properties>
                <output><![CDATA[[SIM] Initialized seed=12345 dt=0.01 systems=0
]]></output>
              </test-case>
              <test-case id="1075" name="Initialize_Without_Config_Throws" fullname="JajuchaSim.Core.Tests.SimulationManagerTests.Initialize_Without_Config_Throws" methodname="Initialize_Without_Config_Throws" classname="JajuchaSim.Core.Tests.SimulationManagerTests" runstate="Runnable" seed="146989761" result="Passed" start-time="2026-08-03 15:27:24Z" end-time="2026-08-03 15:27:24Z" duration="0.000327" asserts="0">
                <properties>
                  <property name="retryIteration" value="0" />
                  <property name="repeatIteration" value="0" />
                </properties>
              </test-case>
              <test-case id="1077" name="Pause_Then_Resume" fullname="JajuchaSim.Core.Tests.SimulationManagerTests.Pause_Then_Resume" methodname="Pause_Then_Resume" classname="JajuchaSim.Core.Tests.SimulationManagerTests" runstate="Runnable" seed="507006574" result="Passed" start-time="2026-08-03 15:27:24Z" end-time="2026-08-03 15:27:24Z" duration="0.002211" asserts="0">
                <properties>
                  <property name="retryIteration" value="0" />
                  <property name="repeatIteration" value="0" />
                </properties>
                <output><![CDATA[[SIM] Initialized seed=12345 dt=0.01 systems=0
[SIM] Started tick=0 time=0
[SIM] Paused tick=0 time=0.00
[SIM] Resumed tick=0 time=0.00
]]></output>
              </test-case>
              <test-case id="1080" name="Reset_From_Running_Clears_Clock" fullname="JajuchaSim.Core.Tests.SimulationManagerTests.Reset_From_Running_Clears_Clock" methodname="Reset_From_Running_Clears_Clock" classname="JajuchaSim.Core.Tests.SimulationManagerTests" runstate="Runnable" seed="309622696" result="Passed" start-time="2026-08-03 15:27:24Z" end-time="2026-08-03 15:27:24Z" duration="0.007911" asserts="0">
                <properties>
                  <property name="retryIteration" value="0" />
                  <property name="repeatIteration" value="0" />
                </properties>
                <output><![CDATA[[SIM] Initialized seed=12345 dt=0.01 systems=0
[SIM] Started tick=0 time=0
[SIM] Reset (was tick=77)
]]></output>
              </test-case>
              <test-case id="1079" name="Reset_From_Stopped_Returns_Ready" fullname="JajuchaSim.Core.Tests.SimulationManagerTests.Reset_From_Stopped_Returns_Ready" methodname="Reset_From_Stopped_Returns_Ready" classname="JajuchaSim.Core.Tests.SimulationManagerTests" runstate="Runnable" seed="472623577" result="Passed" start-time="2026-08-03 15:27:24Z" end-time="2026-08-03 15:27:24Z" duration="0.005041" asserts="0">
                <properties>
                  <property name="retryIteration" value="0" />
                  <property name="repeatIteration" value="0" />
                </properties>
                <output><![CDATA[[SIM] Initialized seed=12345 dt=0.01 systems=0
[SIM] Started tick=0 time=0
[SIM] Stopped tick=50 time=0.50
[SIM] Reset (was tick=50)
]]></output>
              </test-case>
              <test-case id="1085" name="Second_Run_With_Same_Seed_Behaves_Identically" fullname="JajuchaSim.Core.Tests.SimulationManagerTests.Second_Run_With_Same_Seed_Behaves_Identically" methodname="Second_Run_With_Same_Seed_Behaves_Identically" classname="JajuchaSim.Core.Tests.SimulationManagerTests" runstate="Runnable" seed="395781081" result="Passed" start-time="2026-08-03 15:27:24Z" end-time="2026-08-03 15:27:24Z" duration="0.162124" asserts="0">
                <properties>
                  <property name="retryIteration" value="0" />
                  <property name="repeatIteration" value="0" />
                </properties>
                <output><![CDATA[[SIM] Initialized seed=12345 dt=0.01 systems=0
[SIM] Started tick=0 time=0
[SIM] Paused tick=0 time=0.00
[SIM] Reset (was tick=1000)
[SIM] Started tick=0 time=0
[SIM] Paused tick=0 time=0.00
]]></output>
              </test-case>
              <test-case id="1081" name="Single_Step_While_Paused_Advances_One_Tick" fullname="JajuchaSim.Core.Tests.SimulationManagerTests.Single_Step_While_Paused_Advances_One_Tick" methodname="Single_Step_While_Paused_Advances_One_Tick" classname="JajuchaSim.Core.Tests.SimulationManagerTests" runstate="Runnable" seed="521294598" result="Passed" start-time="2026-08-03 15:27:24Z" end-time="2026-08-03 15:27:24Z" duration="0.003029" asserts="0">
                <properties>
                  <property name="retryIteration" value="0" />
                  <property name="repeatIteration" value="0" />
                </properties>
                <output><![CDATA[[SIM] Initialized seed=12345 dt=0.01 systems=0
[SIM] Started tick=0 time=0
[SIM] Paused tick=20 time=0.20
]]></output>
              </test-case>
              <test-case id="1076" name="Start_From_Ready_Running" fullname="JajuchaSim.Core.Tests.SimulationManagerTests.Start_From_Ready_Running" methodname="Start_From_Ready_Running" classname="JajuchaSim.Core.Tests.SimulationManagerTests" runstate="Runnable" seed="2032482198" result="Passed" start-time="2026-08-03 15:27:24Z" end-time="2026-08-03 15:27:24Z" duration="0.000769" asserts="0">
                <properties>
                  <property name="retryIteration" value="0" />
                  <property name="repeatIteration" value="0" />
                </properties>
                <output><![CDATA[[SIM] Initialized seed=12345 dt=0.01 systems=0
[SIM] Started tick=0 time=0
]]></output>
              </test-case>
              <test-case id="1082" name="Step_Before_Start_No_Op" fullname="JajuchaSim.Core.Tests.SimulationManagerTests.Step_Before_Start_No_Op" methodname="Step_Before_Start_No_Op" classname="JajuchaSim.Core.Tests.SimulationManagerTests" runstate="Runnable" seed="1492386703" result="Passed" start-time="2026-08-03 15:27:24Z" end-time="2026-08-03 15:27:24Z" duration="0.000472" asserts="0">
                <properties>
                  <property name="retryIteration" value="0" />
                  <property name="repeatIteration" value="0" />
                </properties>
                <output><![CDATA[[SIM] Initialized seed=12345 dt=0.01 systems=0
]]></output>
              </test-case>
              <test-case id="1078" name="Stop_Sets_Stopped_And_Cannot_Start" fullname="JajuchaSim.Core.Tests.SimulationManagerTests.Stop_Sets_Stopped_And_Cannot_Start" methodname="Stop_Sets_Stopped_And_Cannot_Start" classname="JajuchaSim.Core.Tests.SimulationManagerTests" runstate="Runnable" seed="535427838" result="Passed" start-time="2026-08-03 15:27:24Z" end-time="2026-08-03 15:27:24Z" duration="0.001421" asserts="0">
                <properties>
                  <property name="retryIteration" value="0" />
                  <property name="repeatIteration" value="0" />
                </properties>
                <output><![CDATA[[SIM] Initialized seed=12345 dt=0.01 systems=0
[SIM] Started tick=0 time=0
[SIM] Stopped tick=0 time=0.00
]]></output>
              </test-case>
            </test-suite>
            <test-suite type="TestFixture" id="1087" name="SimulationRandomTests" fullname="JajuchaSim.Core.Tests.SimulationRandomTests" classname="JajuchaSim.Core.Tests.SimulationRandomTests" runstate="Runnable" testcasecount="5" result="Passed" start-time="2026-08-03 15:27:24Z" end-time="2026-08-03 15:27:24Z" duration="0.006072" total="5" passed="5" failed="0" inconclusive="0" skipped="0" asserts="0">
              <properties />
              <test-case id="1091" name="Different_Seeds_Differ" fullname="JajuchaSim.Core.Tests.SimulationRandomTests.Different_Seeds_Differ" methodname="Different_Seeds_Differ" classname="JajuchaSim.Core.Tests.SimulationRandomTests" runstate="Runnable" seed="1509850243" result="Passed" start-time="2026-08-03 15:27:24Z" end-time="2026-08-03 15:27:24Z" duration="0.000348" asserts="0">
                <properties>
                  <property name="retryIteration" value="0" />
                  <property name="repeatIteration" value="0" />
                </properties>
              </test-case>
              <test-case id="1089" name="Floats_In_Range" fullname="JajuchaSim.Core.Tests.SimulationRandomTests.Floats_In_Range" methodname="Floats_In_Range" classname="JajuchaSim.Core.Tests.SimulationRandomTests" runstate="Runnable" seed="1708037035" result="Passed" start-time="2026-08-03 15:27:24Z" end-time="2026-08-03 15:27:24Z" duration="0.002874" asserts="0">
                <properties>
                  <property name="retryIteration" value="0" />
                  <property name="repeatIteration" value="0" />
                </properties>
              </test-case>
              <test-case id="1090" name="NextIntRange_IsInclusive" fullname="JajuchaSim.Core.Tests.SimulationRandomTests.NextIntRange_IsInclusive" methodname="NextIntRange_IsInclusive" classname="JajuchaSim.Core.Tests.SimulationRandomTests" runstate="Runnable" seed="1161519134" result="Passed" start-time="2026-08-03 15:27:24Z" end-time="2026-08-03 15:27:24Z" duration="0.000675" asserts="0">
                <properties>
                  <property name="retryIteration" value="0" />
                  <property name="repeatIteration" value="0" />
                </properties>
              </test-case>
              <test-case id="1092" name="Reset_Restores_Sequence" fullname="JajuchaSim.Core.Tests.SimulationRandomTests.Reset_Restores_Sequence" methodname="Reset_Restores_Sequence" classname="JajuchaSim.Core.Tests.SimulationRandomTests" runstate="Runnable" seed="2125932078" result="Passed" start-time="2026-08-03 15:27:24Z" end-time="2026-08-03 15:27:24Z" duration="0.000138" asserts="0">
                <properties>
                  <property name="retryIteration" value="0" />
                  <property name="repeatIteration" value="0" />
                </properties>
              </test-case>
              <test-case id="1088" name="Same_Seed_Produces_Identical_Sequences" fullname="JajuchaSim.Core.Tests.SimulationRandomTests.Same_Seed_Produces_Identical_Sequences" methodname="Same_Seed_Produces_Identical_Sequences" classname="JajuchaSim.Core.Tests.SimulationRandomTests" runstate="Runnable" seed="302162063" result="Passed" start-time="2026-08-03 15:27:24Z" end-time="2026-08-03 15:27:24Z" duration="0.000223" asserts="0">
                <properties>
                  <property name="retryIteration" value="0" />
                  <property name="repeatIteration" value="0" />
                </properties>
              </test-case>
            </test-suite>
          </test-suite>
        </test-suite>
      </test-suite>
    </test-suite>
    <test-suite type="Assembly" id="1309" name="JajuchaSim.Course.EditModeTests.dll" fullname="C:/tmp/agentctl-jajucha-friendly/runs/01KZ41ACZ4PKKH152VCY3FAGGE/tasks/task-8/Library/ScriptAssemblies/JajuchaSim.Course.EditModeTests.dll" runstate="Runnable" testcasecount="195" result="Passed" start-time="2026-08-03 15:27:24Z" end-time="2026-08-03 15:27:24Z" duration="0.128015" total="195" passed="195" failed="0" inconclusive="0" skipped="0" asserts="0">
      <properties>
        <property name="_PID" value="17748" />
        <property name="_APPDOMAIN" value="Unity Child Domain" />
        <property name="platform" value="EditMode" />
        <property name="EditorOnly" value="True" />
      </properties>
      <test-suite type="TestSuite" id="1310" name="JajuchaSim" fullname="JajuchaSim" runstate="Runnable" testcasecount="195" result="Passed" start-time="2026-08-03 15:27:24Z" end-time="2026-08-03 15:27:24Z" duration="0.126796" total="195" passed="195" failed="0" inconclusive="0" skipped="0" asserts="0">
        <properties />
        <test-suite type="TestSuite" id="1311" name="Course" fullname="JajuchaSim.Course" runstate="Runnable" testcasecount="195" result="Passed" start-time="2026-08-03 15:27:24Z" end-time="2026-08-03 15:27:24Z" duration="0.125437" total="195" passed="195" failed="0" inconclusive="0" skipped="0" asserts="0">
          <properties />
          <test-suite type="TestSuite" id="1312" name="Tests" fullname="JajuchaSim.Course.Tests" runstate="Runnable" testcasecount="195" result="Passed" start-time="2026-08-03 15:27:24Z" end-time="2026-08-03 15:27:24Z" duration="0.124047" total="195" passed="195" failed="0" inconclusive="0" skipped="0" asserts="0">
            <properties />
            <test-suite type="TestFixture" id="1097" name="CourseDataTests" fullname="JajuchaSim.Course.Tests.CourseDataTests" classname="JajuchaSim.Course.Tests.CourseDataTests" runstate="Runnable" testcasecount="12" result="Passed" start-time="2026-08-03 15:27:24Z" end-time="2026-08-03 15:27:24Z" duration="0.010910" total="12" passed="12" failed="0" inconclusive="0" skipped="0" asserts="0">
              <properties />
              <test-case id="1103" name="CoordPair_ToAndFromGrid" fullname="JajuchaSim.Course.Tests.CourseDataTests.CoordPair_ToAndFromGrid" methodname="CoordPair_ToAndFromGrid" classname="JajuchaSim.Course.Tests.CourseDataTests" runstate="Runnable" seed="380900451" result="Passed" start-time="2026-08-03 15:27:24Z" end-time="2026-08-03 15:27:24Z" duration="0.000379" asserts="0">
                <properties>
                  <property name="retryIteration" value="0" />
                  <property name="repeatIteration" value="0" />
                </properties>
              </test-case>
              <test-case id="1105" name="CourseData_ObjectEntry_HasRotation" fullname="JajuchaSim.Course.Tests.CourseDataTests.CourseData_ObjectEntry_HasRotation" methodname="CourseData_ObjectEntry_HasRotation" classname="JajuchaSim.Course.Tests.CourseDataTests" runstate="Runnable" seed="2042820497" result="Passed" start-time="2026-08-03 15:27:24Z" end-time="2026-08-03 15:27:24Z" duration="0.000128" asserts="0">
                <properties>
                  <property name="retryIteration" value="0" />
                  <property name="repeatIteration" value="0" />
                </properties>
              </test-case>
              <test-case id="1104" name="CourseData_StructureEntry_HasRegion" fullname="JajuchaSim.Course.Tests.CourseDataTests.CourseData_StructureEntry_HasRegion" methodname="CourseData_StructureEntry_HasRegion" classname="JajuchaSim.Course.Tests.CourseDataTests" runstate="Runnable" seed="1892207549" result="Passed" start-time="2026-08-03 15:27:24Z" end-time="2026-08-03 15:27:24Z" duration="0.000204" asserts="0">
                <properties>
                  <property name="retryIteration" value="0" />
                  <property name="repeatIteration" value="0" />
                </properties>
              </test-case>
              <test-case id="1109" name="CourseData_TriggerEntry_HasTypes" fullname="JajuchaSim.Course.Tests.CourseDataTests.CourseData_TriggerEntry_HasTypes" methodname="CourseData_TriggerEntry_HasTypes" classname="JajuchaSim.Course.Tests.CourseDataTests" runstate="Runnable" seed="2128949070" result="Passed" start-time="2026-08-03 15:27:24Z" end-time="2026-08-03 15:27:24Z" duration="0.000185" asserts="0">
                <properties>
                  <property name="retryIteration" value="0" />
                  <property name="repeatIteration" value="0" />
                </properties>
              </test-case>
              <test-case id="1106" name="FeatureIdGenerator_ProducesUniqueIds" fullname="JajuchaSim.Course.Tests.CourseDataTests.FeatureIdGenerator_ProducesUniqueIds" methodname="FeatureIdGenerator_ProducesUniqueIds" classname="JajuchaSim.Course.Tests.CourseDataTests" runstate="Runnable" seed="1106691544" result="Passed" start-time="2026-08-03 15:27:24Z" end-time="2026-08-03 15:27:24Z" duration="0.000348" asserts="0">
                <properties>
                  <property name="retryIteration" value="0" />
                  <property name="repeatIteration" value="0" />
                </properties>
              </test-case>
              <test-case id="1107" name="FeatureIdGenerator_Reset_ClearsCounters" fullname="JajuchaSim.Course.Tests.CourseDataTests.FeatureIdGenerator_Reset_ClearsCounters" methodname="FeatureIdGenerator_Reset_ClearsCounters" classname="JajuchaSim.Course.Tests.CourseDataTests" runstate="Runnable" seed="752080888" result="Passed" start-time="2026-08-03 15:27:24Z" end-time="2026-08-03 15:27:24Z" duration="0.000076" asserts="0">
                <properties>
                  <property name="retryIteration" value="0" />
                  <property name="repeatIteration" value="0" />
                </properties>
              </test-case>
              <test-case id="1108" name="FeatureIdGenerator_TypeToPrefix_ConvertsCorrectly" fullname="JajuchaSim.Course.Tests.CourseDataTests.FeatureIdGenerator_TypeToPrefix_ConvertsCorrectly" methodname="FeatureIdGenerator_TypeToPrefix_ConvertsCorrectly" classname="JajuchaSim.Course.Tests.CourseDataTests" runstate="Runnable" seed="420942276" result="Passed" start-time="2026-08-03 15:27:24Z" end-time="2026-08-03 15:27:24Z" duration="0.000112" asserts="0">
                <properties>
                  <property name="retryIteration" value="0" />
                  <property name="repeatIteration" value="0" />
                </properties>
              </test-case>
              <test-case id="1099" name="ToData_EmptyGrid" fullname="JajuchaSim.Course.Tests.CourseDataTests.ToData_EmptyGrid" methodname="ToData_EmptyGrid" classname="JajuchaSim.Course.Tests.CourseDataTests" runstate="Runnable" seed="1374176114" result="Passed" start-time="2026-08-03 15:27:24Z" end-time="2026-08-03 15:27:24Z" duration="0.002855" asserts="0">
                <properties>
                  <property name="retryIteration" value="0" />
                  <property name="repeatIteration" value="0" />
                </properties>
              </test-case>
              <test-case id="1101" name="ToData_ProducesIndividualEntriesWithIds" fullname="JajuchaSim.Course.Tests.CourseDataTests.ToData_ProducesIndividualEntriesWithIds" methodname="ToData_ProducesIndividualEntriesWithIds" classname="JajuchaSim.Course.Tests.CourseDataTests" runstate="Runnable" seed="1624038444" result="Passed" start-time="2026-08-03 15:27:24Z" end-time="2026-08-03 15:27:24Z" duration="0.000878" asserts="0">
                <properties>
                  <property name="retryIteration" value="0" />
                  <property name="repeatIteration" value="0" />
                </properties>
              </test-case>
              <test-case id="1102" name="ToData_ProducesIndividualTriggerEntries" fullname="JajuchaSim.Course.Tests.CourseDataTests.ToData_ProducesIndividualTriggerEntries" methodname="ToData_ProducesIndividualTriggerEntries" classname="JajuchaSim.Course.Tests.CourseDataTests" runstate="Runnable" seed="1855862548" result="Passed" start-time="2026-08-03 15:27:24Z" end-time="2026-08-03 15:27:24Z" duration="0.000899" asserts="0">
                <properties>
                  <property name="retryIteration" value="0" />
                  <property name="repeatIteration" value="0" />
                </properties>
              </test-case>
              <test-case id="1098" name="ToData_RoundTrip_PreservesAllLayers" fullname="JajuchaSim.Course.Tests.CourseDataTests.ToData_RoundTrip_PreservesAllLayers" methodname="ToData_RoundTrip_PreservesAllLayers" classname="JajuchaSim.Course.Tests.CourseDataTests" runstate="Runnable" seed="1298631248" result="Passed" start-time="2026-08-03 15:27:24Z" end-time="2026-08-03 15:27:24Z" duration="0.003361" asserts="0">
                <properties>
                  <property name="retryIteration" value="0" />
                  <property name="repeatIteration" value="0" />
                </properties>
              </test-case>
              <test-case id="1100" name="ToGrid_EmptyData" fullname="JajuchaSim.Course.Tests.CourseDataTests.ToGrid_EmptyData" methodname="ToGrid_EmptyData" classname="JajuchaSim.Course.Tests.CourseDataTests" runstate="Runnable" seed="182730898" result="Passed" start-time="2026-08-03 15:27:24Z" end-time="2026-08-03 15:27:24Z" duration="0.000210" asserts="0">
                <properties>
                  <property name="retryIteration" value="0" />
                  <property name="repeatIteration" value="0" />
                </properties>
              </test-case>
            </test-suite>
            <test-suite type="TestFixture" id="1110" name="CourseDocumentTests" fullname="JajuchaSim.Course.Tests.CourseDocumentTests" classname="JajuchaSim.Course.Tests.CourseDocumentTests" runstate="Runnable" testcasecount="9" result="Passed" start-time="2026-08-03 15:27:24Z" end-time="2026-08-03 15:27:24Z" duration="0.017427" total="9" passed="9" failed="0" inconclusive="0" skipped="0" asserts="0">
              <properties />
              <test-case id="1118" name="AutoGeneratedIds_AreUnique" fullname="JajuchaSim.Course.Tests.CourseDocumentTests.AutoGeneratedIds_AreUnique" methodname="AutoGeneratedIds_AreUnique" classname="JajuchaSim.Course.Tests.CourseDocumentTests" runstate="Runnable" seed="593765800" result="Passed" start-time="2026-08-03 15:27:24Z" end-time="2026-08-03 15:27:24Z" duration="0.000767" asserts="0">
                <properties>
                  <property name="retryIteration" value="0" />
                  <property name="repeatIteration" value="0" />
                </properties>
              </test-case>
              <test-case id="1116" name="MoveResizeDelete_Structure" fullname="JajuchaSim.Course.Tests.CourseDocumentTests.MoveResizeDelete_Structure" methodname="MoveResizeDelete_Structure" classname="JajuchaSim.Course.Tests.CourseDocumentTests" runstate="Runnable" seed="265282156" result="Passed" start-time="2026-08-03 15:27:24Z" end-time="2026-08-03 15:27:24Z" duration="0.001432" asserts="0">
                <properties>
                  <property name="retryIteration" value="0" />
                  <property name="repeatIteration" value="0" />
                </properties>
              </test-case>
              <test-case id="1113" name="PlaceObject_ObstacleWithFootprint" fullname="JajuchaSim.Course.Tests.CourseDocumentTests.PlaceObject_ObstacleWithFootprint" methodname="PlaceObject_ObstacleWithFootprint" classname="JajuchaSim.Course.Tests.CourseDocumentTests" runstate="Runnable" seed="701025129" result="Passed" start-time="2026-08-03 15:27:24Z" end-time="2026-08-03 15:27:24Z" duration="0.000564" asserts="0">
                <properties>
                  <property name="retryIteration" value="0" />
                  <property name="repeatIteration" value="0" />
                </properties>
              </test-case>
              <test-case id="1112" name="PlaceRamp_3x6_Rise30_MonotonicElevation" fullname="JajuchaSim.Course.Tests.CourseDocumentTests.PlaceRamp_3x6_Rise30_MonotonicElevation" methodname="PlaceRamp_3x6_Rise30_MonotonicElevation" classname="JajuchaSim.Course.Tests.CourseDocumentTests" runstate="Runnable" seed="1283692902" result="Passed" start-time="2026-08-03 15:27:24Z" end-time="2026-08-03 15:27:24Z" duration="0.002203" asserts="0">
                <properties>
                  <property name="retryIteration" value="0" />
                  <property name="repeatIteration" value="0" />
                </properties>
              </test-case>
              <test-case id="1114" name="PlaceSign_AndStartSignal" fullname="JajuchaSim.Course.Tests.CourseDocumentTests.PlaceSign_AndStartSignal" methodname="PlaceSign_AndStartSignal" classname="JajuchaSim.Course.Tests.CourseDocumentTests" runstate="Runnable" seed="1861374326" result="Passed" start-time="2026-08-03 15:27:24Z" end-time="2026-08-03 15:27:24Z" duration="0.000255" asserts="0">
                <properties>
                  <property name="retryIteration" value="0" />
                  <property name="repeatIteration" value="0" />
                </properties>
              </test-case>
              <test-case id="1115" name="PlaceTriggers_SlowStartFinishEventGate" fullname="JajuchaSim.Course.Tests.CourseDocumentTests.PlaceTriggers_SlowStartFinishEventGate" methodname="PlaceTriggers_SlowStartFinishEventGate" classname="JajuchaSim.Course.Tests.CourseDocumentTests" runstate="Runnable" seed="2095957900" result="Passed" start-time="2026-08-03 15:27:24Z" end-time="2026-08-03 15:27:24Z" duration="0.000864" asserts="0">
                <properties>
                  <property name="retryIteration" value="0" />
                  <property name="repeatIteration" value="0" />
                </properties>
              </test-case>
              <test-case id="1111" name="PlaceTunnel_4x8_CreatesStructureAndFootprint" fullname="JajuchaSim.Course.Tests.CourseDocumentTests.PlaceTunnel_4x8_CreatesStructureAndFootprint" methodname="PlaceTunnel_4x8_CreatesStructureAndFootprint" classname="JajuchaSim.Course.Tests.CourseDocumentTests" runstate="Runnable" seed="36746367" result="Passed" start-time="2026-08-03 15:27:24Z" end-time="2026-08-03 15:27:24Z" duration="0.002790" asserts="0">
                <properties>
[...]
                <properties>
                  <property name="retryIteration" value="0" />
                  <property name="repeatIteration" value="0" />
                </properties>
              </test-case>
              <test-case id="1351" name="Clamps_Right_To_10" fullname="JajuchaSim.Vehicle.Tests.MotorCommandTests.Clamps_Right_To_10" methodname="Clamps_Right_To_10" classname="JajuchaSim.Vehicle.Tests.MotorCommandTests" runstate="Runnable" seed="1644237983" result="Passed" start-time="2026-08-03 15:27:24Z" end-time="2026-08-03 15:27:24Z" duration="0.000084" asserts="0">
                <properties>
                  <property name="retryIteration" value="0" />
                  <property name="repeatIteration" value="0" />
                </properties>
              </test-case>
              <test-case id="1352" name="Clamps_Speed_To_30" fullname="JajuchaSim.Vehicle.Tests.MotorCommandTests.Clamps_Speed_To_30" methodname="Clamps_Speed_To_30" classname="JajuchaSim.Vehicle.Tests.MotorCommandTests" runstate="Runnable" seed="997881837" result="Passed" start-time="2026-08-03 15:27:24Z" end-time="2026-08-03 15:27:24Z" duration="0.000081" asserts="0">
                <properties>
                  <property name="retryIteration" value="0" />
                  <property name="repeatIteration" value="0" />
                </properties>
              </test-case>
              <test-case id="1348" name="Constructor_Stores_Values" fullname="JajuchaSim.Vehicle.Tests.MotorCommandTests.Constructor_Stores_Values" methodname="Constructor_Stores_Values" classname="JajuchaSim.Vehicle.Tests.MotorCommandTests" runstate="Runnable" seed="1944369074" result="Passed" start-time="2026-08-03 15:27:24Z" end-time="2026-08-03 15:27:24Z" duration="0.000085" asserts="0">
                <properties>
                  <property name="retryIteration" value="0" />
                  <property name="repeatIteration" value="0" />
                </properties>
              </test-case>
              <test-case id="1353" name="Equality_Same_Values_Are_Equal" fullname="JajuchaSim.Vehicle.Tests.MotorCommandTests.Equality_Same_Values_Are_Equal" methodname="Equality_Same_Values_Are_Equal" classname="JajuchaSim.Vehicle.Tests.MotorCommandTests" runstate="Runnable" seed="1222004750" result="Passed" start-time="2026-08-03 15:27:24Z" end-time="2026-08-03 15:27:24Z" duration="0.000426" asserts="0">
                <properties>
                  <property name="retryIteration" value="0" />
                  <property name="repeatIteration" value="0" />
                </properties>
              </test-case>
              <test-case id="1354" name="Inequality_Different_Values" fullname="JajuchaSim.Vehicle.Tests.MotorCommandTests.Inequality_Different_Values" methodname="Inequality_Different_Values" classname="JajuchaSim.Vehicle.Tests.MotorCommandTests" runstate="Runnable" seed="898411461" result="Passed" start-time="2026-08-03 15:27:24Z" end-time="2026-08-03 15:27:24Z" duration="0.000108" asserts="0">
                <properties>
                  <property name="retryIteration" value="0" />
                  <property name="repeatIteration" value="0" />
                </properties>
              </test-case>
              <test-case id="1355" name="ToString_Includes_Values" fullname="JajuchaSim.Vehicle.Tests.MotorCommandTests.ToString_Includes_Values" methodname="ToString_Includes_Values" classname="JajuchaSim.Vehicle.Tests.MotorCommandTests" runstate="Runnable" seed="2002486096" result="Passed" start-time="2026-08-03 15:27:24Z" end-time="2026-08-03 15:27:24Z" duration="0.000159" asserts="0">
                <properties>
                  <property name="retryIteration" value="0" />
                  <property name="repeatIteration" value="0" />
                </properties>
              </test-case>
              <test-case id="1349" name="Zero_Command_All_Zero" fullname="JajuchaSim.Vehicle.Tests.MotorCommandTests.Zero_Command_All_Zero" methodname="Zero_Command_All_Zero" classname="JajuchaSim.Vehicle.Tests.MotorCommandTests" runstate="Runnable" seed="2023408299" result="Passed" start-time="2026-08-03 15:27:24Z" end-time="2026-08-03 15:27:24Z" duration="0.000097" asserts="0">
                <properties>
                  <property name="retryIteration" value="0" />
                  <property name="repeatIteration" value="0" />
                </properties>
              </test-case>
            </test-suite>
            <test-suite type="TestFixture" id="1356" name="RearDriveModelTests" fullname="JajuchaSim.Vehicle.Tests.RearDriveModelTests" classname="JajuchaSim.Vehicle.Tests.RearDriveModelTests" runstate="Runnable" testcasecount="13" result="Passed" start-time="2026-08-03 15:27:24Z" end-time="2026-08-03 15:27:24Z" duration="0.005554" total="13" passed="13" failed="0" inconclusive="0" skipped="0" asserts="0">
              <properties />
              <test-case id="1364" name="Force_Capped_At_MaxForce" fullname="JajuchaSim.Vehicle.Tests.RearDriveModelTests.Force_Capped_At_MaxForce" methodname="Force_Capped_At_MaxForce" classname="JajuchaSim.Vehicle.Tests.RearDriveModelTests" runstate="Runnable" seed="1149372310" result="Passed" start-time="2026-08-03 15:27:24Z" end-time="2026-08-03 15:27:24Z" duration="0.000256" asserts="0">
                <properties>
                  <property name="retryIteration" value="0" />
                  <property name="repeatIteration" value="0" />
                </properties>
              </test-case>
              <test-case id="1369" name="FromConfig_Uses_Config_Values" fullname="JajuchaSim.Vehicle.Tests.RearDriveModelTests.FromConfig_Uses_Config_Values" methodname="FromConfig_Uses_Config_Values" classname="JajuchaSim.Vehicle.Tests.RearDriveModelTests" runstate="Runnable" seed="496188779" result="Passed" start-time="2026-08-03 15:27:24Z" end-time="2026-08-03 15:27:24Z" duration="0.000156" asserts="0">
                <properties>
                  <property name="retryIteration" value="0" />
                  <property name="repeatIteration" value="0" />
                </properties>
              </test-case>
              <test-case id="1360" name="NegativeSpeed_MapsToNegativeTargetSpeed" fullname="JajuchaSim.Vehicle.Tests.RearDriveModelTests.NegativeSpeed_MapsToNegativeTargetSpeed" methodname="NegativeSpeed_MapsToNegativeTargetSpeed" classname="JajuchaSim.Vehicle.Tests.RearDriveModelTests" runstate="Runnable" seed="1875486315" result="Passed" start-time="2026-08-03 15:27:24Z" end-time="2026-08-03 15:27:24Z" duration="0.000083" asserts="0">
                <properties>
                  <property name="retryIteration" value="0" />
                  <property name="repeatIteration" value="0" />
                </properties>
              </test-case>
              <test-case id="1363" name="NegativeSpeed_ProducesNegativeForce" fullname="JajuchaSim.Vehicle.Tests.RearDriveModelTests.NegativeSpeed_ProducesNegativeForce" methodname="NegativeSpeed_ProducesNegativeForce" classname="JajuchaSim.Vehicle.Tests.RearDriveModelTests" runstate="Runnable" seed="1829390819" result="Passed" start-time="2026-08-03 15:27:24Z" end-time="2026-08-03 15:27:24Z" duration="0.000152" asserts="0">
                <properties>
                  <property name="retryIteration" value="0" />
                  <property name="repeatIteration" value="0" />
                </properties>
              </test-case>
              <test-case id="1368" name="NonPositive_Mass_Throws" fullname="JajuchaSim.Vehicle.Tests.RearDriveModelTests.NonPositive_Mass_Throws" methodname="NonPositive_Mass_Throws" classname="JajuchaSim.Vehicle.Tests.RearDriveModelTests" runstate="Runnable" seed="188014629" result="Passed" start-time="2026-08-03 15:27:24Z" end-time="2026-08-03 15:27:24Z" duration="0.000208" asserts="0">
                <properties>
                  <property name="retryIteration" value="0" />
                  <property name="repeatIteration" value="0" />
                </properties>
              </test-case>
              <test-case id="1367" name="NonPositive_MaxForce_Throws" fullname="JajuchaSim.Vehicle.Tests.RearDriveModelTests.NonPositive_MaxForce_Throws" methodname="NonPositive_MaxForce_Throws" classname="JajuchaSim.Vehicle.Tests.RearDriveModelTests" runstate="Runnable" seed="1961521412" result="Passed" start-time="2026-08-03 15:27:24Z" end-time="2026-08-03 15:27:24Z" duration="0.000166" asserts="0">
                <properties>
                  <property name="retryIteration" value="0" />
                  <property name="repeatIteration" value="0" />
                </properties>
              </test-case>
              <test-case id="1366" name="Null_SpeedMap_Throws" fullname="JajuchaSim.Vehicle.Tests.RearDriveModelTests.Null_SpeedMap_Throws" methodname="Null_SpeedMap_Throws" classname="JajuchaSim.Vehicle.Tests.RearDriveModelTests" runstate="Runnable" seed="1676686022" result="Passed" start-time="2026-08-03 15:27:24Z" end-time="2026-08-03 15:27:24Z" duration="0.000197" asserts="0">
                <properties>
                  <property name="retryIteration" value="0" />
                  <property name="repeatIteration" value="0" />
                </properties>
              </test-case>
              <test-case id="1361" name="PartialSpeed_MapsProportionally" fullname="JajuchaSim.Vehicle.Tests.RearDriveModelTests.PartialSpeed_MapsProportionally" methodname="PartialSpeed_MapsProportionally" classname="JajuchaSim.Vehicle.Tests.RearDriveModelTests" runstate="Runnable" seed="1404106865" result="Passed" start-time="2026-08-03 15:27:24Z" end-time="2026-08-03 15:27:24Z" duration="0.000084" asserts="0">
                <properties>
                  <property name="retryIteration" value="0" />
                  <property name="repeatIteration" value="0" />
                </properties>
              </test-case>
              <test-case id="1359" name="PositiveSpeed_MapsToTargetSpeed" fullname="JajuchaSim.Vehicle.Tests.RearDriveModelTests.PositiveSpeed_MapsToTargetSpeed" methodname="PositiveSpeed_MapsToTargetSpeed" classname="JajuchaSim.Vehicle.Tests.RearDriveModelTests" runstate="Runnable" seed="2023123701" result="Passed" start-time="2026-08-03 15:27:24Z" end-time="2026-08-03 15:27:24Z" duration="0.000070" asserts="0">
                <properties>
                  <property name="retryIteration" value="0" />
                  <property name="repeatIteration" value="0" />
                </properties>
              </test-case>
              <test-case id="1362" name="PositiveSpeed_ProducesPositiveForce" fullname="JajuchaSim.Vehicle.Tests.RearDriveModelTests.PositiveSpeed_ProducesPositiveForce" methodname="PositiveSpeed_ProducesPositiveForce" classname="JajuchaSim.Vehicle.Tests.RearDriveModelTests" runstate="Runnable" seed="1789458108" result="Passed" start-time="2026-08-03 15:27:24Z" end-time="2026-08-03 15:27:24Z" duration="0.000069" asserts="0">
                <properties>
                  <property name="retryIteration" value="0" />
                  <property name="repeatIteration" value="0" />
                </properties>
              </test-case>
              <test-case id="1365" name="Reset_Returns_To_Idle" fullname="JajuchaSim.Vehicle.Tests.RearDriveModelTests.Reset_Returns_To_Idle" methodname="Reset_Returns_To_Idle" classname="JajuchaSim.Vehicle.Tests.RearDriveModelTests" runstate="Runnable" seed="1678034005" result="Passed" start-time="2026-08-03 15:27:24Z" end-time="2026-08-03 15:27:24Z" duration="0.000100" asserts="0">
                <properties>
                  <property name="retryIteration" value="0" />
                  <property name="repeatIteration" value="0" />
                </properties>
              </test-case>
              <test-case id="1357" name="SpeedZero_ForceIsZero" fullname="JajuchaSim.Vehicle.Tests.RearDriveModelTests.SpeedZero_ForceIsZero" methodname="SpeedZero_ForceIsZero" classname="JajuchaSim.Vehicle.Tests.RearDriveModelTests" runstate="Runnable" seed="1314487603" result="Passed" start-time="2026-08-03 15:27:24Z" end-time="2026-08-03 15:27:24Z" duration="0.000084" asserts="0">
                <properties>
                  <property name="retryIteration" value="0" />
                  <property name="repeatIteration" value="0" />
                </properties>
              </test-case>
              <test-case id="1358" name="SpeedZero_RegardlessOfSteering_ForceIsZero" fullname="JajuchaSim.Vehicle.Tests.RearDriveModelTests.SpeedZero_RegardlessOfSteering_ForceIsZero" methodname="SpeedZero_RegardlessOfSteering_ForceIsZero" classname="JajuchaSim.Vehicle.Tests.RearDriveModelTests" runstate="Runnable" seed="843216307" result="Passed" start-time="2026-08-03 15:27:24Z" end-time="2026-08-03 15:27:24Z" duration="0.000073" asserts="0">
                <properties>
                  <property name="retryIteration" value="0" />
                  <property name="repeatIteration" value="0" />
                </properties>
              </test-case>
            </test-suite>
            <test-suite type="TestFixture" id="1370" name="SteeringModelTests" fullname="JajuchaSim.Vehicle.Tests.SteeringModelTests" classname="JajuchaSim.Vehicle.Tests.SteeringModelTests" runstate="Runnable" testcasecount="10" result="Passed" start-time="2026-08-03 15:27:24Z" end-time="2026-08-03 15:27:24Z" duration="0.002706" total="10" passed="10" failed="0" inconclusive="0" skipped="0" asserts="0">
              <properties />
              <test-case id="1380" name="FromConfig_Uses_Config_Value" fullname="JajuchaSim.Vehicle.Tests.SteeringModelTests.FromConfig_Uses_Config_Value" methodname="FromConfig_Uses_Config_Value" classname="JajuchaSim.Vehicle.Tests.SteeringModelTests" runstate="Runnable" seed="924413544" result="Passed" start-time="2026-08-03 15:27:24Z" end-time="2026-08-03 15:27:24Z" duration="0.000203" asserts="0">
                <properties>
                  <property name="retryIteration" value="0" />
                  <property name="repeatIteration" value="0" />
                </properties>
              </test-case>
              <test-case id="1376" name="Independent_Left_Right" fullname="JajuchaSim.Vehicle.Tests.SteeringModelTests.Independent_Left_Right" methodname="Independent_Left_Right" classname="JajuchaSim.Vehicle.Tests.SteeringModelTests" runstate="Runnable" seed="544692887" result="Passed" start-time="2026-08-03 15:27:24Z" end-time="2026-08-03 15:27:24Z" duration="0.000141" asserts="0">
                <properties>
                  <property name="retryIteration" value="0" />
                  <property name="repeatIteration" value="0" />
                </properties>
              </test-case>
              <test-case id="1379" name="Invalid_DegreesPerUnit_Throws" fullname="JajuchaSim.Vehicle.Tests.SteeringModelTests.Invalid_DegreesPerUnit_Throws" methodname="Invalid_DegreesPerUnit_Throws" classname="JajuchaSim.Vehicle.Tests.SteeringModelTests" runstate="Runnable" seed="1140149931" result="Passed" start-time="2026-08-03 15:27:24Z" end-time="2026-08-03 15:27:24Z" duration="0.000286" asserts="0">
                <properties>
                  <property name="retryIteration" value="0" />
                  <property name="repeatIteration" value="0" />
                </properties>
              </test-case>
              <test-case id="1373" name="Left_Negative_Steers_Left" fullname="JajuchaSim.Vehicle.Tests.SteeringModelTests.Left_Negative_Steers_Left" methodname="Left_Negative_Steers_Left" classname="JajuchaSim.Vehicle.Tests.SteeringModelTests" runstate="Runnable" seed="139873391" result="Passed" start-time="2026-08-03 15:27:24Z" end-time="2026-08-03 15:27:24Z" duration="0.000113" asserts="0">
                <properties>
                  <property name="retryIteration" value="0" />
                  <property name="repeatIteration" value="0" />
                </properties>
              </test-case>
              <test-case id="1372" name="Left_Positive_Steers_Right" fullname="JajuchaSim.Vehicle.Tests.SteeringModelTests.Left_Positive_Steers_Right" methodname="Left_Positive_Steers_Right" classname="JajuchaSim.Vehicle.Tests.SteeringModelTests" runstate="Runnable" seed="2050181474" result="Passed" start-time="2026-08-03 15:27:24Z" end-time="2026-08-03 15:27:24Z" duration="0.000102" asserts="0">
                <properties>
                  <property name="retryIteration" value="0" />
                  <property name="repeatIteration" value="0" />
                </properties>
              </test-case>
              <test-case id="1378" name="Max_Steering_Angles" fullname="JajuchaSim.Vehicle.Tests.SteeringModelTests.Max_Steering_Angles" methodname="Max_Steering_Angles" classname="JajuchaSim.Vehicle.Tests.SteeringModelTests" runstate="Runnable" seed="1683449433" result="Passed" start-time="2026-08-03 15:27:24Z" end-time="2026-08-03 15:27:24Z" duration="0.000115" asserts="0">
                <properties>
                  <property name="retryIteration" value="0" />
                  <property name="repeatIteration" value="0" />
                </properties>
              </test-case>
              <test-case id="1375" name="Right_Negative_Steers_Left" fullname="JajuchaSim.Vehicle.Tests.SteeringModelTests.Right_Negative_Steers_Left" methodname="Right_Negative_Steers_Left" classname="JajuchaSim.Vehicle.Tests.SteeringModelTests" runstate="Runnable" seed="983535424" result="Passed" start-time="2026-08-03 15:27:24Z" end-time="2026-08-03 15:27:24Z" duration="0.000101" asserts="0">
                <properties>
                  <property name="retryIteration" value="0" />
                  <property name="repeatIteration" value="0" />
                </properties>
              </test-case>
              <test-case id="1374" name="Right_Positive_Steers_Right" fullname="JajuchaSim.Vehicle.Tests.SteeringModelTests.Right_Positive_Steers_Right" methodname="Right_Positive_Steers_Right" classname="JajuchaSim.Vehicle.Tests.SteeringModelTests" runstate="Runnable" seed="1571594473" result="Passed" start-time="2026-08-03 15:27:24Z" end-time="2026-08-03 15:27:24Z" duration="0.000100" asserts="0">
                <properties>
                  <property name="retryIteration" value="0" />
                  <property name="repeatIteration" value="0" />
                </properties>
              </test-case>
              <test-case id="1377" name="Steering_Ignores_Speed" fullname="JajuchaSim.Vehicle.Tests.SteeringModelTests.Steering_Ignores_Speed" methodname="Steering_Ignores_Speed" classname="JajuchaSim.Vehicle.Tests.SteeringModelTests" runstate="Runnable" seed="450127367" result="Passed" start-time="2026-08-03 15:27:24Z" end-time="2026-08-03 15:27:24Z" duration="0.000184" asserts="0">
                <properties>
                  <property name="retryIteration" value="0" />
                  <property name="repeatIteration" value="0" />
                </properties>
              </test-case>
              <test-case id="1371" name="Zero_Command_Zero_Angles" fullname="JajuchaSim.Vehicle.Tests.SteeringModelTests.Zero_Command_Zero_Angles" methodname="Zero_Command_Zero_Angles" classname="JajuchaSim.Vehicle.Tests.SteeringModelTests" runstate="Runnable" seed="1157696387" result="Passed" start-time="2026-08-03 15:27:24Z" end-time="2026-08-03 15:27:24Z" duration="0.000107" asserts="0">
                <properties>
                  <property name="retryIteration" value="0" />
                  <property name="repeatIteration" value="0" />
                </properties>
                <output><![CDATA[Saving results to: C:\tmp\agentctl-jajucha-friendly\runs\01KZ41ACZ4PKKH152VCY3FAGGE\tasks\task-8\TestResults-639214000447048151.xml
]]></output>
              </test-case>
            </test-suite>
          </test-suite>
        </test-suite>
      </test-suite>
    </test-suite>
  </test-suite>
</test-run>