<?xml version="1.0" encoding="utf-8"?>
<test-run id="2" testcasecount="434" result="Passed" total="434" passed="434" failed="0" inconclusive="0" skipped="0" asserts="0" engine-version="3.5.0.0" clr-version="4.0.30319.42000" start-time="2026-08-04 05:05:59Z" end-time="2026-08-04 05:06:01Z" duration="1.5608504">
  <test-suite type="TestSuite" id="1000" name="jajucha-sim" fullname="jajucha-sim" runstate="Runnable" testcasecount="434" result="Passed" start-time="2026-08-04 05:05:59Z" end-time="2026-08-04 05:06:01Z" duration="1.560850" total="434" passed="434" failed="0" inconclusive="0" skipped="0" asserts="0">
    <properties>
      <property name="platform" value="EditMode" />
    </properties>
    <test-suite type="Assembly" id="1049" name="JajuchaSim.Bridge.EditModeTests.dll" fullname="C:/tmp/agentctl-jajucha-friendly/runs/01KZ41ACZ4PKKH152VCY3FAGGE/tasks/task-10/Library/ScriptAssemblies/JajuchaSim.Bridge.EditModeTests.dll" runstate="Runnable" testcasecount="45" result="Passed" start-time="2026-08-04 05:05:59Z" end-time="2026-08-04 05:06:00Z" duration="0.402247" total="45" passed="45" failed="0" inconclusive="0" skipped="0" asserts="0">
      <properties>
        <property name="_PID" value="7484" />
        <property name="_APPDOMAIN" value="Unity Child Domain" />
        <property name="platform" value="EditMode" />
        <property name="EditorOnly" value="True" />
      </properties>
      <test-suite type="TestSuite" id="1050" name="JajuchaSim" fullname="JajuchaSim" runstate="Runnable" testcasecount="45" result="Passed" start-time="2026-08-04 05:05:59Z" end-time="2026-08-04 05:06:00Z" duration="0.401830" total="45" passed="45" failed="0" inconclusive="0" skipped="0" asserts="0">
        <properties />
        <test-suite type="TestSuite" id="1051" name="Bridge" fullname="JajuchaSim.Bridge" runstate="Runnable" testcasecount="45" result="Passed" start-time="2026-08-04 05:05:59Z" end-time="2026-08-04 05:06:00Z" duration="0.401525" total="45" passed="45" failed="0" inconclusive="0" skipped="0" asserts="0">
          <properties />
          <test-suite type="TestSuite" id="1052" name="Tests" fullname="JajuchaSim.Bridge.Tests" runstate="Runnable" testcasecount="45" result="Passed" start-time="2026-08-04 05:05:59Z" end-time="2026-08-04 05:06:00Z" duration="0.401183" total="45" passed="45" failed="0" inconclusive="0" skipped="0" asserts="0">
            <properties />
            <test-suite type="TestFixture" id="1001" name="BridgeProtocolTests" fullname="JajuchaSim.Bridge.Tests.BridgeProtocolTests" classname="JajuchaSim.Bridge.Tests.BridgeProtocolTests" runstate="Runnable" testcasecount="18" result="Passed" start-time="2026-08-04 05:05:59Z" end-time="2026-08-04 05:05:59Z" duration="0.024535" total="18" passed="18" failed="0" inconclusive="0" skipped="0" asserts="0">
              <properties />
              <test-case id="1012" name="Deserialize_EmptyString_ReturnsNull" fullname="JajuchaSim.Bridge.Tests.BridgeProtocolTests.Deserialize_EmptyString_ReturnsNull" methodname="Deserialize_EmptyString_ReturnsNull" classname="JajuchaSim.Bridge.Tests.BridgeProtocolTests" runstate="Runnable" seed="1798427206" result="Passed" start-time="2026-08-04 05:05:59Z" end-time="2026-08-04 05:05:59Z" duration="0.006472" asserts="0">
                <properties>
                  <property name="retryIteration" value="0" />
                  <property name="repeatIteration" value="0" />
                </properties>
              </test-case>
              <test-case id="1007" name="Deserialize_Hello_ParsesCorrectly" fullname="JajuchaSim.Bridge.Tests.BridgeProtocolTests.Deserialize_Hello_ParsesCorrectly" methodname="Deserialize_Hello_ParsesCorrectly" classname="JajuchaSim.Bridge.Tests.BridgeProtocolTests" runstate="Runnable" seed="2138860825" result="Passed" start-time="2026-08-04 05:05:59Z" end-time="2026-08-04 05:05:59Z" duration="0.004040" asserts="0">
                <properties>
                  <property name="retryIteration" value="0" />
                  <property name="repeatIteration" value="0" />
                </properties>
              </test-case>
              <test-case id="1014" name="Deserialize_InvalidJson_ReturnsNull" fullname="JajuchaSim.Bridge.Tests.BridgeProtocolTests.Deserialize_InvalidJson_ReturnsNull" methodname="Deserialize_InvalidJson_ReturnsNull" classname="JajuchaSim.Bridge.Tests.BridgeProtocolTests" runstate="Runnable" seed="280500948" result="Passed" start-time="2026-08-04 05:05:59Z" end-time="2026-08-04 05:05:59Z" duration="0.000062" asserts="0">
                <properties>
                  <property name="retryIteration" value="0" />
                  <property name="repeatIteration" value="0" />
                </properties>
              </test-case>
              <test-case id="1013" name="Deserialize_NullString_ReturnsNull" fullname="JajuchaSim.Bridge.Tests.BridgeProtocolTests.Deserialize_NullString_ReturnsNull" methodname="Deserialize_NullString_ReturnsNull" classname="JajuchaSim.Bridge.Tests.BridgeProtocolTests" runstate="Runnable" seed="650633721" result="Passed" start-time="2026-08-04 05:05:59Z" end-time="2026-08-04 05:05:59Z" duration="0.000051" asserts="0">
                <properties>
                  <property name="retryIteration" value="0" />
                  <property name="repeatIteration" value="0" />
                </properties>
              </test-case>
              <test-case id="1011" name="Deserialize_PingCommand_ParsesCorrectly" fullname="JajuchaSim.Bridge.Tests.BridgeProtocolTests.Deserialize_PingCommand_ParsesCorrectly" methodname="Deserialize_PingCommand_ParsesCorrectly" classname="JajuchaSim.Bridge.Tests.BridgeProtocolTests" runstate="Runnable" seed="78028587" result="Passed" start-time="2026-08-04 05:05:59Z" end-time="2026-08-04 05:05:59Z" duration="0.000237" asserts="0">
                <properties>
                  <property name="retryIteration" value="0" />
                  <property name="repeatIteration" value="0" />
                </properties>
              </test-case>
              <test-case id="1010" name="Deserialize_ResponseError_ParsesCorrectly" fullname="JajuchaSim.Bridge.Tests.BridgeProtocolTests.Deserialize_ResponseError_ParsesCorrectly" methodname="Deserialize_ResponseError_ParsesCorrectly" classname="JajuchaSim.Bridge.Tests.BridgeProtocolTests" runstate="Runnable" seed="93025670" result="Passed" start-time="2026-08-04 05:05:59Z" end-time="2026-08-04 05:05:59Z" duration="0.000338" asserts="0">
                <properties>
                  <property name="retryIteration" value="0" />
                  <property name="repeatIteration" value="0" />
                </properties>
              </test-case>
              <test-case id="1009" name="Deserialize_ResponseOk_ParsesCorrectly" fullname="JajuchaSim.Bridge.Tests.BridgeProtocolTests.Deserialize_ResponseOk_ParsesCorrectly" methodname="Deserialize_ResponseOk_ParsesCorrectly" classname="JajuchaSim.Bridge.Tests.BridgeProtocolTests" runstate="Runnable" seed="1916610315" result="Passed" start-time="2026-08-04 05:05:59Z" end-time="2026-08-04 05:05:59Z" duration="0.000179" asserts="0">
                <properties>
                  <property name="retryIteration" value="0" />
                  <property name="repeatIteration" value="0" />
                </properties>
              </test-case>
              <test-case id="1008" name="Deserialize_SetMotorCommand_ParsesCorrectly" fullname="JajuchaSim.Bridge.Tests.BridgeProtocolTests.Deserialize_SetMotorCommand_ParsesCorrectly" methodname="Deserialize_SetMotorCommand_ParsesCorrectly" classname="JajuchaSim.Bridge.Tests.BridgeProtocolTests" runstate="Runnable" seed="1564684702" result="Passed" start-time="2026-08-04 05:05:59Z" end-time="2026-08-04 05:05:59Z" duration="0.000153" asserts="0">
                <properties>
                  <property name="retryIteration" value="0" />
                  <property name="repeatIteration" value="0" />
                </properties>
              </test-case>
              <test-case id="1015" name="Deserialize_UnknownCommand_StillParses" fullname="JajuchaSim.Bridge.Tests.BridgeProtocolTests.Deserialize_UnknownCommand_StillParses" methodname="Deserialize_UnknownCommand_StillParses" classname="JajuchaSim.Bridge.Tests.BridgeProtocolTests" runstate="Runnable" seed="1935349391" result="Passed" start-time="2026-08-04 05:05:59Z" end-time="2026-08-04 05:05:59Z" duration="0.000083" asserts="0">
                <properties>
                  <property name="retryIteration" value="0" />
                  <property name="repeatIteration" value="0" />
                </properties>
              </test-case>
              <test-case id="1018" name="Deserialize_WithExtraWhitespace_StillParses" fullname="JajuchaSim.Bridge.Tests.BridgeProtocolTests.Deserialize_WithExtraWhitespace_StillParses" methodname="Deserialize_WithExtraWhitespace_StillParses" classname="JajuchaSim.Bridge.Tests.BridgeProtocolTests" runstate="Runnable" seed="102001091" result="Passed" start-time="2026-08-04 05:05:59Z" end-time="2026-08-04 05:05:59Z" duration="0.000081" asserts="0">
                <properties>
                  <property name="retryIteration" value="0" />
                  <property name="repeatIteration" value="0" />
                </properties>
              </test-case>
              <test-case id="1016" name="RoundTrip_Hello_IsSymmetric" fullname="JajuchaSim.Bridge.Tests.BridgeProtocolTests.RoundTrip_Hello_IsSymmetric" methodname="RoundTrip_Hello_IsSymmetric" classname="JajuchaSim.Bridge.Tests.BridgeProtocolTests" runstate="Runnable" seed="1008023883" result="Passed" start-time="2026-08-04 05:05:59Z" end-time="2026-08-04 05:05:59Z" duration="0.000486" asserts="0">
                <properties>
                  <property name="retryIteration" value="0" />
                  <property name="repeatIteration" value="0" />
                </properties>
              </test-case>
              <test-case id="1017" name="RoundTrip_SetMotor_IsSymmetric" fullname="JajuchaSim.Bridge.Tests.BridgeProtocolTests.RoundTrip_SetMotor_IsSymmetric" methodname="RoundTrip_SetMotor_IsSymmetric" classname="JajuchaSim.Bridge.Tests.BridgeProtocolTests" runstate="Runnable" seed="1684822778" result="Passed" start-time="2026-08-04 05:05:59Z" end-time="2026-08-04 05:05:59Z" duration="0.000691" asserts="0">
                <properties>
                  <property name="retryIteration" value="0" />
                  <property name="repeatIteration" value="0" />
                </properties>
              </test-case>
              <test-case id="1002" name="Serialize_Hello_ProducesValidJson" fullname="JajuchaSim.Bridge.Tests.BridgeProtocolTests.Serialize_Hello_ProducesValidJson" methodname="Serialize_Hello_ProducesValidJson" classname="JajuchaSim.Bridge.Tests.BridgeProtocolTests" runstate="Runnable" seed="957565753" result="Passed" start-time="2026-08-04 05:05:59Z" end-time="2026-08-04 05:05:59Z" duration="0.000420" asserts="0">
                <properties>
                  <property name="retryIteration" value="0" />
                  <property name="repeatIteration" value="0" />
                </properties>
              </test-case>
              <test-case id="1003" name="Serialize_HelloAck_ProducesValidJson" fullname="JajuchaSim.Bridge.Tests.BridgeProtocolTests.Serialize_HelloAck_ProducesValidJson" methodname="Serialize_HelloAck_ProducesValidJson" classname="JajuchaSim.Bridge.Tests.BridgeProtocolTests" runstate="Runnable" seed="1767736598" result="Passed" start-time="2026-08-04 05:05:59Z" end-time="2026-08-04 05:05:59Z" duration="0.000116" asserts="0">
                <properties>
                  <property name="retryIteration" value="0" />
                  <property name="repeatIteration" value="0" />
                </properties>
              </test-case>
              <test-case id="1019" name="Serialize_NullMessage_Throws" fullname="JajuchaSim.Bridge.Tests.BridgeProtocolTests.Serialize_NullMessage_Throws" methodname="Serialize_NullMessage_Throws" classname="JajuchaSim.Bridge.Tests.BridgeProtocolTests" runstate="Runnable" seed="563820310" result="Passed" start-time="2026-08-04 05:05:59Z" end-time="2026-08-04 05:05:59Z" duration="0.001709" asserts="0">
                <properties>
                  <property name="retryIteration" value="0" />
                  <property name="repeatIteration" value="0" />
                </properties>
              </test-case>
              <test-case id="1006" name="Serialize_ResponseError_ProducesValidJson" fullname="JajuchaSim.Bridge.Tests.BridgeProtocolTests.Serialize_ResponseError_ProducesValidJson" methodname="Serialize_ResponseError_ProducesValidJson" classname="JajuchaSim.Bridge.Tests.BridgeProtocolTests" runstate="Runnable" seed="1470540172" result="Passed" start-time="2026-08-04 05:05:59Z" end-time="2026-08-04 05:05:59Z" duration="0.000239" asserts="0">
                <properties>
                  <property name="retryIteration" value="0" />
                  <property name="repeatIteration" value="0" />
                </properties>
              </test-case>
              <test-case id="1005" name="Serialize_ResponseOk_ProducesValidJson" fullname="JajuchaSim.Bridge.Tests.BridgeProtocolTests.Serialize_ResponseOk_ProducesValidJson" methodname="Serialize_ResponseOk_ProducesValidJson" classname="JajuchaSim.Bridge.Tests.BridgeProtocolTests" runstate="Runnable" seed="178810673" result="Passed" start-time="2026-08-04 05:05:59Z" end-time="2026-08-04 05:05:59Z" duration="0.000107" asserts="0">
                <properties>
                  <property name="retryIteration" value="0" />
                  <property name="repeatIteration" value="0" />
                </properties>
              </test-case>
              <test-case id="1004" name="Serialize_SetMotorCommand_ProducesValidJson" fullname="JajuchaSim.Bridge.Tests.BridgeProtocolTests.Serialize_SetMotorCommand_ProducesValidJson" methodname="Serialize_SetMotorCommand_ProducesValidJson" classname="JajuchaSim.Bridge.Tests.BridgeProtocolTests" runstate="Runnable" seed="1620816635" result="Passed" start-time="2026-08-04 05:05:59Z" end-time="2026-08-04 05:05:59Z" duration="0.000179" asserts="0">
                <properties>
                  <property name="retryIteration" value="0" />
                  <property name="repeatIteration" value="0" />
                </properties>
              </test-case>
            </test-suite>
            <test-suite type="TestFixture" id="1020" name="CameraBridgeTests" fullname="JajuchaSim.Bridge.Tests.CameraBridgeTests" classname="JajuchaSim.Bridge.Tests.CameraBridgeTests" runstate="Runnable" testcasecount="8" result="Passed" start-time="2026-08-04 05:05:59Z" end-time="2026-08-04 05:05:59Z" duration="0.023387" total="8" passed="8" failed="0" inconclusive="0" skipped="0" asserts="0">
              <properties />
              <test-case id="1028" name="GetDepth_NoSensors_ReturnsError" fullname="JajuchaSim.Bridge.Tests.CameraBridgeTests.GetDepth_NoSensors_ReturnsError" methodname="GetDepth_NoSensors_ReturnsError" classname="JajuchaSim.Bridge.Tests.CameraBridgeTests" runstate="Runnable" seed="919018810" result="Passed" start-time="2026-08-04 05:05:59Z" end-time="2026-08-04 05:05:59Z" duration="0.009511" asserts="0">
                <properties>
                  <property name="retryIteration" value="0" />
                  <property name="repeatIteration" value="0" />
                </properties>
                <output><![CDATA[[SIM] Initialized seed=12345 dt=0.01 systems=0
[SIM] [BRIDGE] Handshake complete protocol=1
[SIM] [BRIDGE] Handshake complete protocol=1
]]></output>
              </test-case>
              <test-case id="1027" name="GetDepth_ReturnsGray8Image" fullname="JajuchaSim.Bridge.Tests.CameraBridgeTests.GetDepth_ReturnsGray8Image" methodname="GetDepth_ReturnsGray8Image" classname="JajuchaSim.Bridge.Tests.CameraBridgeTests" runstate="Runnable" seed="1985244748" result="Passed" start-time="2026-08-04 05:05:59Z" end-time="2026-08-04 05:05:59Z" duration="0.002116" asserts="0">
                <properties>
                  <property name="retryIteration" value="0" />
                  <property name="repeatIteration" value="0" />
                </properties>
                <output><![CDATA[[SIM] Initialized seed=12345 dt=0.01 systems=0
[SIM] [BRIDGE] Handshake complete protocol=1
[SIM] [BRIDGE] get_depth() -> 640x480 frame #1
]]></output>
              </test-case>
              <test-case id="1021" name="GetImage_Center_ReturnsOkWithImageHeader" fullname="JajuchaSim.Bridge.Tests.CameraBridgeTests.GetImage_Center_ReturnsOkWithImageHeader" methodname="GetImage_Center_ReturnsOkWithImageHeader" classname="JajuchaSim.Bridge.Tests.CameraBridgeTests" runstate="Runnable" seed="1680864885" result="Passed" start-time="2026-08-04 05:05:59Z" end-time="2026-08-04 05:05:59Z" duration="0.004273" asserts="0">
                <properties>
                  <property name="retryIteration" value="0" />
                  <property name="repeatIteration" value="0" />
                </properties>
                <output><![CDATA[[SIM] Initialized seed=12345 dt=0.01 systems=0
[SIM] [BRIDGE] Handshake complete protocol=1
[SIM] [BRIDGE] get_image(center) -> 640x480 frame #2
]]></output>
              </test-case>
              <test-case id="1024" name="GetImage_InvalidLocation_ReturnsError" fullname="JajuchaSim.Bridge.Tests.CameraBridgeTests.GetImage_InvalidLocation_ReturnsError" methodname="GetImage_InvalidLocation_ReturnsError" classname="JajuchaSim.Bridge.Tests.CameraBridgeTests" runstate="Runnable" seed="1660164359" result="Passed" start-time="2026-08-04 05:05:59Z" end-time="2026-08-04 05:05:59Z" duration="0.001027" asserts="0">
                <properties>
                  <property name="retryIteration" value="0" />
                  <property name="repeatIteration" value="0" />
                </properties>
                <output><![CDATA[[SIM] Initialized seed=12345 dt=0.01 systems=0
[SIM] [BRIDGE] Handshake complete protocol=1
]]></output>
              </test-case>
              <test-case id="1022" name="GetImage_Left_ReturnsImage" fullname="JajuchaSim.Bridge.Tests.CameraBridgeTests.GetImage_Left_ReturnsImage" methodname="GetImage_Left_ReturnsImage" classname="JajuchaSim.Bridge.Tests.CameraBridgeTests" runstate="Runnable" seed="1751507481" result="Passed" start-time="2026-08-04 05:05:59Z" end-time="2026-08-04 05:05:59Z" duration="0.001635" asserts="0">
                <properties>
                  <property name="retryIteration" value="0" />
                  <property name="repeatIteration" value="0" />
                </properties>
                <output><![CDATA[[SIM] Initialized seed=12345 dt=0.01 systems=0
[SIM] [BRIDGE] Handshake complete protocol=1
[SIM] [BRIDGE] get_image(left) -> 640x480 frame #1
]]></output>
              </test-case>
              <test-case id="1025" name="GetImage_MissingLocation_ReturnsError" fullname="JajuchaSim.Bridge.Tests.CameraBridgeTests.GetImage_MissingLocation_ReturnsError" methodname="GetImage_MissingLocation_ReturnsError" classname="JajuchaSim.Bridge.Tests.CameraBridgeTests" runstate="Runnable" seed="1481913403" result="Passed" start-time="2026-08-04 05:05:59Z" end-time="2026-08-04 05:05:59Z" duration="0.000866" asserts="0">
                <properties>
                  <property name="retryIteration" value="0" />
                  <property name="repeatIteration" value="0" />
                </properties>
                <output><![CDATA[[SIM] Initialized seed=12345 dt=0.01 systems=0
[SIM] [BRIDGE] Handshake complete protocol=1
]]></output>
              </test-case>
              <test-case id="1026" name="GetImage_NoSensors_ReturnsError" fullname="JajuchaSim.Bridge.Tests.CameraBridgeTests.GetImage_NoSensors_ReturnsError" methodname="GetImage_NoSensors_ReturnsError" classname="JajuchaSim.Bridge.Tests.CameraBridgeTests" runstate="Runnable" seed="1878706006" result="Passed" start-time="2026-08-04 05:05:59Z" end-time="2026-08-04 05:05:59Z" duration="0.001218" asserts="0">
                <properties>
                  <property name="retryIteration" value="0" />
                  <property name="repeatIteration" value="0" />
                </properties>
                <output><![CDATA[[SIM] Initialized seed=12345 dt=0.01 systems=0
[SIM] [BRIDGE] Handshake complete protocol=1
[SIM] [BRIDGE] Handshake complete protocol=1
]]></output>
              </test-case>
              <test-case id="1023" name="GetImage_Right_ReturnsImage" fullname="JajuchaSim.Bridge.Tests.CameraBridgeTests.GetImage_Right_ReturnsImage" methodname="GetImage_Right_ReturnsImage" classname="JajuchaSim.Bridge.Tests.CameraBridgeTests" runstate="Runnable" seed="575098694" result="Passed" start-time="2026-08-04 05:05:59Z" end-time="2026-08-04 05:05:59Z" duration="0.001580" asserts="0">
                <properties>
                  <property name="retryIteration" value="0" />
                  <property name="repeatIteration" value="0" />
                </properties>
                <output><![CDATA[[SIM] Initialized seed=12345 dt=0.01 systems=0
[SIM] [BRIDGE] Handshake complete protocol=1
[SIM] [BRIDGE] get_image(right) -> 640x480 frame #3
]]></output>
              </test-case>
            </test-suite>
            <test-suite type="TestFixture" id="1029" name="CommandDispatcherTests" fullname="JajuchaSim.Bridge.Tests.CommandDispatcherTests" classname="JajuchaSim.Bridge.Tests.CommandDispatcherTests" runstate="Runnable" testcasecount="19" result="Passed" start-time="2026-08-04 05:05:59Z" end-time="2026-08-04 05:06:00Z" duration="0.352069" total="19" passed="19" failed="0" inconclusive="0" skipped="0" asserts="0">
              <properties />
              <test-case id="1043" name="CommandsBeforeHandshake_AreRejected" fullname="JajuchaSim.Bridge.Tests.CommandDispatcherTests.CommandsBeforeHandshake_AreRejected" methodname="CommandsBeforeHandshake_AreRejected" classname="JajuchaSim.Bridge.Tests.CommandDispatcherTests" runstate="Runnable" seed="158633311" result="Passed" start-time="2026-08-04 05:05:59Z" end-time="2026-08-04 05:05:59Z" duration="0.001273" asserts="0">
                <properties>
                  <property name="retryIteration" value="0" />
                  <property name="repeatIteration" value="0" />
                </properties>
                <output><![CDATA[[SIM] Initialized seed=12345 dt=0.01 systems=0
[SIM] [BRIDGE] Handshake complete protocol=1
]]></output>
              </test-case>
              <test-case id="1044" name="Disconnect_SetsSpeedToZero_PreservesSteering" fullname="JajuchaSim.Bridge.Tests.CommandDispatcherTests.Disconnect_SetsSpeedToZero_PreservesSteering" methodname="Disconnect_SetsSpeedToZero_PreservesSteering" classname="JajuchaSim.Bridge.Tests.CommandDispatcherTests" runstate="Runnable" seed="1146091148" result="Passed" start-time="2026-08-04 05:05:59Z" end-time="2026-08-04 05:05:59Z" duration="0.002051" asserts="0">
                <properties>
                  <property name="retryIteration" value="0" />
                  <property name="repeatIteration" value="0" />
                </properties>
                <output><![CDATA[[SIM] Initialized seed=12345 dt=0.01 systems=0
[SIM] [BRIDGE] Handshake complete protocol=1
[SIM] [BRIDGE] set_motor left=-5 right=5 speed=10
[SIM] [BRIDGE] Disconnect safety: speed → 0
]]></output>
              </test-case>
              <test-case id="1045" name="Disconnect_WhenSpeedAlreadyZero_NoChange" fullname="JajuchaSim.Bridge.Tests.CommandDispatcherTests.Disconnect_WhenSpeedAlreadyZero_NoChange" methodname="Disconnect_WhenSpeedAlreadyZero_NoChange" classname="JajuchaSim.Bridge.Tests.CommandDispatcherTests" runstate="Runnable" seed="180373878" result="Passed" start-time="2026-08-04 05:05:59Z" end-time="2026-08-04 05:05:59Z" duration="0.001243" asserts="0">
                <properties>
                  <property name="retryIteration" value="0" />
                  <property name="repeatIteration" value="0" />
                </properties>
                <output><![CDATA[[SIM] Initialized seed=12345 dt=0.01 systems=0
[SIM] [BRIDGE] Handshake complete protocol=1
[SIM] [BRIDGE] set_motor left=-10 right=10 speed=0
]]></output>
              </test-case>
              <test-case id="1038" name="GetStatus_ReturnsVehicleCommand" fullname="JajuchaSim.Bridge.Tests.CommandDispatcherTests.GetStatus_ReturnsVehicleCommand" methodname="GetStatus_ReturnsVehicleCommand" classname="JajuchaSim.Bridge.Tests.CommandDispatcherTests" runstate="Runnable" seed="42902357" result="Passed" start-time="2026-08-04 05:05:59Z" end-time="2026-08-04 05:05:59Z" duration="0.001849" asserts="0">
                <properties>
                  <property name="retryIteration" value="0" />
                  <property name="repeatIteration" value="0" />
                </properties>
                <output><![CDATA[[SIM] Initialized seed=12345 dt=0.01 systems=0
[SIM] [BRIDGE] Handshake complete protocol=1
]]></output>
              </test-case>
              <test-case id="1037" name="InvalidJson_ReturnsError" fullname="JajuchaSim.Bridge.Tests.CommandDispatcherTests.InvalidJson_ReturnsError" methodname="InvalidJson_ReturnsError" classname="JajuchaSim.Bridge.Tests.CommandDispatcherTests" runstate="Runnable" seed="2012652753" result="Passed" start-time="2026-08-04 05:05:59Z" end-time="2026-08-04 05:05:59Z" duration="0.000975" asserts="0">
                <properties>
                  <property name="retryIteration" value="0" />
                  <property name="repeatIteration" value="0" />
                </properties>
                <output><![CDATA[[SIM] Initialized seed=12345 dt=0.01 systems=0
[SIM] [BRIDGE] Handshake complete protocol=1
]]></output>
              </test-case>
              <test-case id="1030" name="Ping_ReturnsOk" fullname="JajuchaSim.Bridge.Tests.CommandDispatcherTests.Ping_ReturnsOk" methodname="Ping_ReturnsOk" classname="JajuchaSim.Bridge.Tests.CommandDispatcherTests" runstate="Runnable" seed="1223012259" result="Passed" start-time="2026-08-04 05:05:59Z" end-time="2026-08-04 05:05:59Z" duration="0.002336" asserts="0">
                <properties>
                  <property name="retryIteration" value="0" />
                  <property name="repeatIteration" value="0" />
                </properties>
                <output><![CDATA[[SIM] Initialized seed=12345 dt=0.01 systems=0
[SIM] [BRIDGE] Handshake complete protocol=1
]]></output>
              </test-case>
              <test-case id="1046" name="Reconnect_AfterDisconnect_ResetsHandshake" fullname="JajuchaSim.Bridge.Tests.CommandDispatcherTests.Reconnect_AfterDisconnect_ResetsHandshake" methodname="Reconnect_AfterDisconnect_ResetsHandshake" classname="JajuchaSim.Bridge.Tests.CommandDispatcherTests" runstate="Runnable" seed="982528419" result="Passed" start-time="2026-08-04 05:05:59Z" end-time="2026-08-04 05:05:59Z" duration="0.001115" asserts="0">
                <properties>
                  <property name="retryIteration" value="0" />
                  <property name="repeatIteration" value="0" />
                </properties>
                <output><![CDATA[[SIM] Initialized seed=12345 dt=0.01 systems=0
[SIM] [BRIDGE] Handshake complete protocol=1
[SIM] [BRIDGE] Handshake complete protocol=1
]]></output>
              </test-case>
              <test-case id="1034" name="SetMotor_ClampsValues" fullname="JajuchaSim.Bridge.Tests.CommandDispatcherTests.SetMotor_ClampsValues" methodname="SetMotor_ClampsValues" classname="JajuchaSim.Bridge.Tests.CommandDispatcherTests" runstate="Runnable" seed="894876439" result="Passed" start-time="2026-08-04 05:05:59Z" end-time="2026-08-04 05:05:59Z" duration="0.001269" asserts="0">
                <properties>
                  <property name="retryIteration" value="0" />
                  <property name="repeatIteration" value="0" />
                </properties>
                <output><![CDATA[[SIM] Initialized seed=12345 dt=0.01 systems=0
[SIM] [BRIDGE] Handshake complete protocol=1
[SIM] [BRIDGE] set_motor left=-50 right=50 speed=100
]]></output>
              </test-case>
              <test-case id="1031" name="SetMotor_DispatchesToVehicle" fullname="JajuchaSim.Bridge.Tests.CommandDispatcherTests.SetMotor_DispatchesToVehicle" methodname="SetMotor_DispatchesToVehicle" classname="JajuchaSim.Bridge.Tests.CommandDispatcherTests" runstate="Runnable" seed="544062377" result="Passed" start-time="2026-08-04 05:05:59Z" end-time="2026-08-04 05:05:59Z" duration="0.001199" asserts="0">
                <properties>
                  <property name="retryIteration" value="0" />
                  <property name="repeatIteration" value="0" />
                </properties>
                <output><![CDATA[[SIM] Initialized seed=12345 dt=0.01 systems=0
[SIM] [BRIDGE] Handshake complete protocol=1
[SIM] [BRIDGE] set_motor left=-5 right=-5 speed=3
]]></output>
              </test-case>
              <test-case id="1035" name="SetMotor_LatestWins_OnlyLastApplied" fullname="JajuchaSim.Bridge.Tests.CommandDispatcherTests.SetMotor_LatestWins_OnlyLastApplied" methodname="SetMotor_LatestWins_OnlyLastApplied" classname="JajuchaSim.Bridge.Tests.CommandDispatcherTests" runstate="Runnable" seed="115815024" result="Passed" start-time="2026-08-04 05:05:59Z" end-time="2026-08-04 05:05:59Z" duration="0.001824" asserts="0">
                <properties>
                  <property name="retryIteration" value="0" />
                  <property name="repeatIteration" value="0" />
                </properties>
                <output><![CDATA[[SIM] Initialized seed=12345 dt=0.01 systems=0
[SIM] [BRIDGE] Handshake complete protocol=1
[SIM] [BRIDGE] set_motor left=0 right=0 speed=1
[SIM] [BRIDGE] set_motor left=0 right=0 speed=2
[SIM] [BRIDGE] set_motor left=0 right=0 speed=3
]]></output>
              </test-case>
              <test-case id="1033" name="SetMotor_MissingPayload_ReturnsError" fullname="JajuchaSim.Bridge.Tests.CommandDispatcherTests.SetMotor_MissingPayload_ReturnsError" methodname="SetMotor_MissingPayload_ReturnsError" classname="JajuchaSim.Bridge.Tests.CommandDispatcherTests" runstate="Runnable" seed="960176855" result="Passed" start-time="2026-08-04 05:05:59Z" end-time="2026-08-04 05:05:59Z" duration="0.000899" asserts="0">
                <properties>
                  <property name="retryIteration" value="0" />
                  <property name="repeatIteration" value="0" />
                </properties>
                <output><![CDATA[[SIM] Initialized seed=12345 dt=0.01 systems=0
[SIM] [BRIDGE] Handshake complete protocol=1
]]></output>
              </test-case>
              <test-case id="1032" name="SetMotor_ZeroSpeedInvariant_SteeringPreserved" fullname="JajuchaSim.Bridge.Tests.CommandDispatcherTests.SetMotor_ZeroSpeedInvariant_SteeringPreserved" methodname="SetMotor_ZeroSpeedInvariant_SteeringPreserved" classname="JajuchaSim.Bridge.Tests.CommandDispatcherTests" runstate="Runnable" seed="1529135756" result="Passed" start-time="2026-08-04 05:05:59Z" end-time="2026-08-04 05:05:59Z" duration="0.001214" asserts="0">
                <properties>
                  <property name="retryIteration" value="0" />
                  <property name="repeatIteration" value="0" />
                </properties>
                <output><![CDATA[[SIM] Initialized seed=12345 dt=0.01 systems=0
[SIM] [BRIDGE] Handshake complete protocol=1
[SIM] [BRIDGE] set_motor left=-10 right=10 speed=0
]]></output>
              </test-case>
              <test-case id="1040" name="SimPause_PausesSimulation" fullname="JajuchaSim.Bridge.Tests.CommandDispatcherTests.SimPause_PausesSimulation" methodname="SimPause_PausesSimulation" classname="JajuchaSim.Bridge.Tests.CommandDispatcherTests" runstate="Runnable" seed="950744392" result="Passed" start-time="2026-08-04 05:05:59Z" end-time="2026-08-04 05:05:59Z" duration="0.004663" asserts="0">
                <properties>
                  <property name="retryIteration" value="0" />
                  <property name="repeatIteration" value="0" />
                </properties>
                <output><![CDATA[[SIM] Initialized seed=12345 dt=0.01 systems=0
[SIM] [BRIDGE] Handshake complete protocol=1
[SIM] Started tick=0 time=0
[SIM] Paused tick=0 time=0.00
[SIM] [BRIDGE] sim_pause
]]></output>
              </test-case>
              <test-case id="1042" name="SimReset_ResetsSimulation" fullname="JajuchaSim.Bridge.Tests.CommandDispatcherTests.SimReset_ResetsSimulation" methodname="SimReset_ResetsSimulation" classname="JajuchaSim.Bridge.Tests.CommandDispatcherTests" runstate="Runnable" seed="1140322309" result="Passed" start-time="2026-08-04 05:05:59Z" end-time="2026-08-04 05:05:59Z" duration="0.007182" asserts="0">
                <properties>
                  <property name="retryIteration" value="0" />
                  <property name="repeatIteration" value="0" />
                </properties>
                <output><![CDATA[[SIM] Initialized seed=12345 dt=0.01 systems=0
[SIM] [BRIDGE] Handshake complete protocol=1
[SIM] Started tick=0 time=0
[SIM] Reset (was tick=50)
[SIM] [BRIDGE] sim_reset
]]></output>
              </test-case>
              <test-case id="1039" name="SimStart_StartsSimulation" fullname="JajuchaSim.Bridge.Tests.CommandDispatcherTests.SimStart_StartsSimulation" methodname="SimStart_StartsSimulation" classname="JajuchaSim.Bridge.Tests.CommandDispatcherTests" runstate="Runnable" seed="122381436" result="Passed" start-time="2026-08-04 05:05:59Z" end-time="2026-08-04 05:05:59Z" duration="0.001499" asserts="0">
                <properties>
                  <property name="retryIteration" value="0" />
                  <property name="repeatIteration" value="0" />
                </properties>
                <output><![CDATA[[SIM] Initialized seed=12345 dt=0.01 systems=0
[SIM] [BRIDGE] Handshake complete protocol=1
[SIM] Started tick=0 time=0
[SIM] [BRIDGE] sim_start
]]></output>
              </test-case>
              <test-case id="1041" name="SimStep_AdvancesOneTick" fullname="JajuchaSim.Bridge.Tests.CommandDispatcherTests.SimStep_AdvancesOneTick" methodname="SimStep_AdvancesOneTick" classname="JajuchaSim.Bridge.Tests.CommandDispatcherTests" runstate="Runnable" seed="1603808175" result="Passed" start-time="2026-08-04 05:05:59Z" end-time="2026-08-04 05:05:59Z" duration="0.001887" asserts="0">
                <properties>
                  <property name="retryIteration" value="0" />
                  <property name="repeatIteration" value="0" />
                </properties>
                <output><![CDATA[[SIM] Initialized seed=12345 dt=0.01 systems=0
[SIM] [BRIDGE] Handshake complete protocol=1
[SIM] Started tick=0 time=0
[SIM] Paused tick=0 time=0.00
[SIM] [BRIDGE] sim_step
]]></output>
              </test-case>
              <test-case id="1036" name="UnknownCommand_ReturnsError" fullname="JajuchaSim.Bridge.Tests.CommandDispatcherTests.UnknownCommand_ReturnsError" methodname="UnknownCommand_ReturnsError" classname="JajuchaSim.Bridge.Tests.CommandDispatcherTests" runstate="Runnable" seed="968928205" result="Passed" start-time="2026-08-04 05:05:59Z" end-time="2026-08-04 05:05:59Z" duration="0.000867" asserts="0">
                <properties>
                  <property name="retryIteration" value="0" />
                  <property name="repeatIteration" value="0" />
                </properties>
                <output><![CDATA[[SIM] Initialized seed=12345 dt=0.01 systems=0
[SIM] [BRIDGE] Handshake complete protocol=1
]]></output>
              </test-case>
              <test-case id="1048" name="Watchdog_NoTimeout_WhenSpeedAlreadyZero" fullname="JajuchaSim.Bridge.Tests.CommandDispatcherTests.Watchdog_NoTimeout_WhenSpeedAlreadyZero" methodname="Watchdog_NoTimeout_WhenSpeedAlreadyZero" classname="JajuchaSim.Bridge.Tests.CommandDispatcherTests" runstate="Runnable" seed="804988956" result="Passed" start-time="2026-08-04 05:05:59Z" end-time="2026-08-04 05:05:59Z" duration="0.160904" asserts="0">
                <properties>
                  <property name="retryIteration" value="0" />
                  <property name="repeatIteration" value="0" />
                </properties>
                <output><![CDATA[[SIM] Initialized seed=12345 dt=0.01 systems=0
[SIM] [BRIDGE] Handshake complete protocol=1
[SIM] [BRIDGE] Handshake complete protocol=1
[SIM] [BRIDGE] set_motor left=-10 right=10 speed=0
]]></output>
              </test-case>
              <test-case id="1047" name="Watchdog_Timeout_SetsSpeedToZero" fullname="JajuchaSim.Bridge.Tests.CommandDispatcherTests.Watchdog_Timeout_SetsSpeedToZero" methodname="Watchdog_Timeout_SetsSpeedToZero" classname="JajuchaSim.Bridge.Tests.CommandDispatcherTests" runstate="Runnable" seed="1166061160" result="Passed" start-time="2026-08-04 05:05:59Z" end-time="2026-08-04 05:06:00Z" duration="0.155616" asserts="0">
                <properties>
                  <property name="retryIteration" value="0" />
                  <property name="repeatIteration" value="0" />
                </properties>
                <output><![CDATA[[SIM] Initialized seed=12345 dt=0.01 systems=0
[SIM] [BRIDGE] Handshake complete protocol=1
[SIM] [BRIDGE] Handshake complete protocol=1
[SIM] [BRIDGE] set_motor left=-5 right=5 speed=10
[SIM] [BRIDGE] Motor watchdog: speed → 0 (no command received for 0.2s, timeout=0.1s)
]]></output>
              </test-case>
            </test-suite>
          </test-suite>
        </test-suite>
      </test-suite>
    </test-suite>
    <test-suite type="Assembly" id="1093" name="JajuchaSim.Core.EditModeTests.dll" fullname="C:/tmp/agentctl-jajucha-friendly/runs/01KZ41ACZ4PKKH152VCY3FAGGE/tasks/task-10/Library/ScriptAssemblies/JajuchaSim.Core.EditModeTests.dll" runstate="Runnable" testcasecount="35" result="Passed" start-time="2026-08-04 05:06:00Z" end-time="2026-08-04 05:06:01Z" duration="0.922167" total="35" passed="35" failed="0" inconclusive="0" skipped="0" asserts="0">
      <properties>
        <property name="_PID" value="7484" />
        <property name="_APPDOMAIN" value="Unity Child Domain" />
        <property name="platform" value="EditMode" />
        <property name="EditorOnly" value="True" />
      </properties>
      <test-suite type="TestSuite" id="1094" name="JajuchaSim" fullname="JajuchaSim" runstate="Runnable" testcasecount="35" result="Passed" start-time="2026-08-04 05:06:00Z" end-time="2026-08-04 05:06:01Z" duration="0.921272" total="35" passed="35" failed="0" inconclusive="0" skipped="0" asserts="0">
        <properties />
        <test-suite type="TestSuite" id="1095" name="Core" fullname="JajuchaSim.Core" runstate="Runnable" testcasecount="35" result="Passed" start-time="2026-08-04 05:06:00Z" end-time="2026-08-04 05:06:01Z" duration="0.920935" total="35" passed="35" failed="0" inconclusive="0" skipped="0" asserts="0">
          <properties />
          <test-suite type="TestSuite" id="1096" name="Tests" fullname="JajuchaSim.Core.Tests" runstate="Runnable" testcasecount="35" result="Passed" start-time="2026-08-04 05:06:00Z" end-time="2026-08-04 05:06:01Z" duration="0.920593" total="35" passed="35" failed="0" inconclusive="0" skipped="0" asserts="0">
            <properties />
            <test-suite type="TestFixture" id="1053" name="CameraLayerConfigTests" fullname="JajuchaSim.Core.Tests.CameraLayerConfigTests" classname="JajuchaSim.Core.Tests.CameraLayerConfigTests" runstate="Runnable" testcasecount="4" result="Passed" start-time="2026-08-04 05:06:00Z" end-time="2026-08-04 05:06:00Z" duration="0.002546" total="4" passed="4" failed="0" inconclusive="0" skipped="0" asserts="0">
              <properties />
              <test-case id="1054" name="CameraLayerConfig_CanBeInstantiated" fullname="JajuchaSim.Core.Tests.CameraLayerConfigTests.CameraLayerConfig_CanBeInstantiated" methodname="CameraLayerConfig_CanBeInstantiated" classname="JajuchaSim.Core.Tests.CameraLayerConfigTests" runstate="Runnable" seed="336046049" result="Passed" start-time="2026-08-04 05:06:00Z" end-time="2026-08-04 05:06:00Z" duration="0.000449" asserts="0">
                <properties>
                  <property name="retryIteration" value="0" />
                  <property name="repeatIteration" value="0" />
                </properties>
              </test-case>
              <test-case id="1057" name="CameraLayerConfig_ConfigureCameras_ExcludesDebugFromSensors" fullname="JajuchaSim.Core.Tests.CameraLayerConfigTests.CameraLayerConfig_ConfigureCameras_ExcludesDebugFromSensors" methodname="CameraLayerConfig_ConfigureCameras_ExcludesDebugFromSensors" classname="JajuchaSim.Core.Tests.CameraLayerConfigTests" runstate="Runnable" seed="2050705878" result="Passed" start-time="2026-08-04 05:06:00Z" end-time="2026-08-04 05:06:00Z" duration="0.000734" asserts="0">
                <properties>
                  <property name="retryIteration" value="0" />
                  <property name="repeatIteration" value="0" />
                </properties>
              </test-case>
              <test-case id="1056" name="CameraLayerConfig_SetDebugOverlayLayer_NullObject_NoThrow" fullname="JajuchaSim.Core.Tests.CameraLayerConfigTests.CameraLayerConfig_SetDebugOverlayLayer_NullObject_NoThrow" methodname="CameraLayerConfig_SetDebugOverlayLayer_NullObject_NoThrow" classname="JajuchaSim.Core.Tests.CameraLayerConfigTests" runstate="Runnable" seed="624080055" result="Passed" start-time="2026-08-04 05:06:00Z" end-time="2026-08-04 05:06:00Z" duration="0.000398" asserts="0">
                <properties>
                  <property name="retryIteration" value="0" />
                  <property name="repeatIteration" value="0" />
                </properties>
              </test-case>
              <test-case id="1055" name="CameraLayerConfig_SetDebugOverlayLayer_SetsLayer" fullname="JajuchaSim.Core.Tests.CameraLayerConfigTests.CameraLayerConfig_SetDebugOverlayLayer_SetsLayer" methodname="CameraLayerConfig_SetDebugOverlayLayer_SetsLayer" classname="JajuchaSim.Core.Tests.CameraLayerConfigTests" runstate="Runnable" seed="677514085" result="Passed" start-time="2026-08-04 05:06:00Z" end-time="2026-08-04 05:06:00Z" duration="0.000287" asserts="0">
                <properties>
                  <property name="retryIteration" value="0" />
                  <property name="repeatIteration" value="0" />
                </properties>
              </test-case>
            </test-suite>
            <test-suite type="TestFixture" id="1058" name="SimulationClockTests" fullname="JajuchaSim.Core.Tests.SimulationClockTests" classname="JajuchaSim.Core.Tests.SimulationClockTests" runstate="Runnable" testcasecount="6" result="Passed" start-time="2026-08-04 05:06:00Z" end-time="2026-08-04 05:06:00Z" duration="0.002446" total="6" passed="6" failed="0" inconclusive="0" skipped="0" asserts="0">
              <properties />
              <test-case id="1064" name="AdvanceNegative_Throws" fullname="JajuchaSim.Core.Tests.SimulationClockTests.AdvanceNegative_Throws" methodname="AdvanceNegative_Throws" classname="JajuchaSim.Core.Tests.SimulationClockTests" runstate="Runnable" seed="106220709" result="Passed" start-time="2026-08-04 05:06:00Z" end-time="2026-08-04 05:06:00Z" duration="0.000471" asserts="0">
                <properties>
                  <property name="retryIteration" value="0" />
                  <property name="repeatIteration" value="0" />
                </properties>
              </test-case>
              <test-case id="1063" name="FixedDeltaTime_NonPositive_Throws" fullname="JajuchaSim.Core.Tests.SimulationClockTests.FixedDeltaTime_NonPositive_Throws" methodname="FixedDeltaTime_NonPositive_Throws" classname="JajuchaSim.Core.Tests.SimulationClockTests" runstate="Runnable" seed="189266246" result="Passed" start-time="2026-08-04 05:06:00Z" end-time="2026-08-04 05:06:00Z" duration="0.000222" asserts="0">
                <properties>
                  <property name="retryIteration" value="0" />
                  <property name="repeatIteration" value="0" />
                </properties>
              </test-case>
              <test-case id="1059" name="Initial_State_Is_Zero" fullname="JajuchaSim.Core.Tests.SimulationClockTests.Initial_State_Is_Zero" methodname="Initial_State_Is_Zero" classname="JajuchaSim.Core.Tests.SimulationClockTests" runstate="Runnable" seed="1459633519" result="Passed" start-time="2026-08-04 05:06:00Z" end-time="2026-08-04 05:06:00Z" duration="0.000663" asserts="0">
                <properties>
                  <property name="retryIteration" value="0" />
                  <property name="repeatIteration" value="0" />
                </properties>
              </test-case>
              <test-case id="1061" name="Reset_Returns_To_Zero" fullname="JajuchaSim.Core.Tests.SimulationClockTests.Reset_Returns_To_Zero" methodname="Reset_Returns_To_Zero" classname="JajuchaSim.Core.Tests.SimulationClockTests" runstate="Runnable" seed="1738724964" result="Passed" start-time="2026-08-04 05:06:00Z" end-time="2026-08-04 05:06:00Z" duration="0.000107" asserts="0">
                <properties>
                  <property name="retryIteration" value="0" />
                  <property name="repeatIteration" value="0" />
                </properties>
              </test-case>
              <test-case id="1062" name="SetTimeScale_Applies_Value" fullname="JajuchaSim.Core.Tests.SimulationClockTests.SetTimeScale_Applies_Value" methodname="SetTimeScale_Applies_Value" classname="JajuchaSim.Core.Tests.SimulationClockTests" runstate="Runnable" seed="380968924" result="Passed" start-time="2026-08-04 05:06:00Z" end-time="2026-08-04 05:06:00Z" duration="0.000073" asserts="0">
                <properties>
                  <property name="retryIteration" value="0" />
                  <property name="repeatIteration" value="0" />
                </properties>
              </test-case>
              <test-case id="1060" name="Tick_100_Times_At_0_01_Yields_Tick100_Time1" fullname="JajuchaSim.Core.Tests.SimulationClockTests.Tick_100_Times_At_0_01_Yields_Tick100_Time1" methodname="Tick_100_Times_At_0_01_Yields_Tick100_Time1" classname="JajuchaSim.Core.Tests.SimulationClockTests" runstate="Runnable" seed="1819637135" result="Passed" start-time="2026-08-04 05:06:00Z" end-time="2026-08-04 05:06:00Z" duration="0.000236" asserts="0">
                <properties>
                  <property name="retryIteration" value="0" />
                  <property name="repeatIteration" value="0" />
                </properties>
              </test-case>
            </test-suite>
            <test-suite type="TestFixture" id="1065" name="SimulationEventBusTests" fullname="JajuchaSim.Core.Tests.SimulationEventBusTests" classname="JajuchaSim.Core.Tests.SimulationEventBusTests" runstate="Runnable" testcasecount="7" result="Passed" start-time="2026-08-04 05:06:00Z" end-time="2026-08-04 05:06:00Z" duration="0.002569" total="7" passed="7" failed="0" inconclusive="0" skipped="0" asserts="0">
              <properties />
              <test-case id="1070" name="Clear_Removes_All" fullname="JajuchaSim.Core.Tests.SimulationEventBusTests.Clear_Removes_All" methodname="Clear_Removes_All" classname="JajuchaSim.Core.Tests.SimulationEventBusTests" runstate="Runnable" seed="1828024461" result="Passed" start-time="2026-08-04 05:06:00Z" end-time="2026-08-04 05:06:00Z" duration="0.000753" asserts="0">
                <properties>
                  <property name="retryIteration" value="0" />
                  <property name="repeatIteration" value="0" />
                </properties>
              </test-case>
              <test-case id="1069" name="Multiple_Subscribers_All_Called" fullname="JajuchaSim.Core.Tests.SimulationEventBusTests.Multiple_Subscribers_All_Called" methodname="Multiple_Subscribers_All_Called" classname="JajuchaSim.Core.Tests.SimulationEventBusTests" runstate="Runnable" seed="1600414001" result="Passed" start-time="2026-08-04 05:06:00Z" end-time="2026-08-04 05:06:00Z" duration="0.000211" asserts="0">
                <properties>
                  <property name="retryIteration" value="0" />
                  <property name="repeatIteration" value="0" />
                </properties>
              </test-case>
              <test-case id="1068" name="Publish_Carries_Event_Payload" fullname="JajuchaSim.Core.Tests.SimulationEventBusTests.Publish_Carries_Event_Payload" methodname="Publish_Carries_Event_Payload" classname="JajuchaSim.Core.Tests.SimulationEventBusTests" runstate="Runnable" seed="72422127" result="Passed" start-time="2026-08-04 05:06:00Z" end-time="2026-08-04 05:06:00Z" duration="0.000176" asserts="0">
                <properties>
                  <property name="retryIteration" value="0" />
                  <property name="repeatIteration" value="0" />
                </properties>
              </test-case>
              <test-case id="1072" name="Subscribe_Null_Throws" fullname="JajuchaSim.Core.Tests.SimulationEventBusTests.Subscribe_Null_Throws" methodname="Subscribe_Null_Throws" classname="JajuchaSim.Core.Tests.SimulationEventBusTests" runstate="Runnable" seed="1485827988" result="Passed" start-time="2026-08-04 05:06:00Z" end-time="2026-08-04 05:06:00Z" duration="0.000138" asserts="0">
                <properties>
                  <property name="retryIteration" value="0" />
                  <property name="repeatIteration" value="0" />
                </properties>
              </test-case>
              <test-case id="1066" name="Subscribe_Publish_Handler_Called_Once" fullname="JajuchaSim.Core.Tests.SimulationEventBusTests.Subscribe_Publish_Handler_Called_Once" methodname="Subscribe_Publish_Handler_Called_Once" classname="JajuchaSim.Core.Tests.SimulationEventBusTests" runstate="Runnable" seed="1398286373" result="Passed" start-time="2026-08-04 05:06:00Z" end-time="2026-08-04 05:06:00Z" duration="0.000138" asserts="0">
                <properties>
                  <property name="retryIteration" value="0" />
                  <property name="repeatIteration" value="0" />
                </properties>
              </test-case>
              <test-case id="1071" name="Unsubscribe_During_Publish_DoesNot_Invalidate_Iteration" fullname="JajuchaSim.Core.Tests.SimulationEventBusTests.Unsubscribe_During_Publish_DoesNot_Invalidate_Iteration" methodname="Unsubscribe_During_Publish_DoesNot_Invalidate_Iteration" classname="JajuchaSim.Core.Tests.SimulationEventBusTests" runstate="Runnable" seed="2133262179" result="Passed" start-time="2026-08-04 05:06:00Z" end-time="2026-08-04 05:06:00Z" duration="0.000329" asserts="0">
                <properties>
                  <property name="retryIteration" value="0" />
                  <property name="repeatIteration" value="0" />
                </properties>
              </test-case>
              <test-case id="1067" name="Unsubscribe_Handler_Not_Called" fullname="JajuchaSim.Core.Tests.SimulationEventBusTests.Unsubscribe_Handler_Not_Called" methodname="Unsubscribe_Handler_Not_Called" classname="JajuchaSim.Core.Tests.SimulationEventBusTests" runstate="Runnable" seed="833998032" result="Passed" start-time="2026-08-04 05:06:00Z" end-time="2026-08-04 05:06:00Z" duration="0.000125" asserts="0">
                <properties>
                  <property name="retryIteration" value="0" />
                  <property name="repeatIteration" value="0" />
                </properties>
              </test-case>
            </test-suite>
            <test-suite type="TestFixture" id="1073" name="SimulationManagerTests" fullname="JajuchaSim.Core.Tests.SimulationManagerTests" classname="JajuchaSim.Core.Tests.SimulationManagerTests" runstate="Runnable" testcasecount="13" result="Passed" start-time="2026-08-04 05:06:00Z" end-time="2026-08-04 05:06:01Z" duration="0.909511" total="13" passed="13" failed="0" inconclusive="0" skipped="0" asserts="0">
              <properties />
              <test-case id="1083" name="Advance_N_Ticks_Matches_Clock" fullname="JajuchaSim.Core.Tests.SimulationManagerTests.Advance_N_Ticks_Matches_Clock" methodname="Advance_N_Ticks_Matches_Clock" classname="JajuchaSim.Core.Tests.SimulationManagerTests" runstate="Runnable" seed="752411581" result="Passed" start-time="2026-08-04 05:06:00Z" end-time="2026-08-04 05:06:00Z" duration="0.035175" asserts="0">
                <properties>
                  <property name="retryIteration" value="0" />
                  <property name="repeatIteration" value="0" />
                </properties>
                <output><![CDATA[[SIM] Initialized seed=12345 dt=0.01 systems=0
[SIM] Started tick=0 time=0
]]></output>
              </test-case>
              <test-case id="1084" name="deterministic_10000_Tick_Test" fullname="JajuchaSim.Core.Tests.SimulationManagerTests.deterministic_10000_Tick_Test" methodname="deterministic_10000_Tick_Test" classname="JajuchaSim.Core.Tests.SimulationManagerTests" runstate="Runnable" seed="948396170" result="Passed" start-time="2026-08-04 05:06:00Z" end-time="2026-08-04 05:06:00Z" duration="0.702522" asserts="0">
                <properties>
                  <property name="retryIteration" value="0" />
                  <property name="repeatIteration" value="0" />
                </properties>
                <output><![CDATA[[SIM] Initialized seed=12345 dt=0.01 systems=0
[SIM] Started tick=0 time=0
[SIM] Paused tick=0 time=0.00
]]></output>
              </test-case>
              <test-case id="1086" name="FakeSystem_Receives_Initialize_And_Ticks_Through_Manager" fullname="JajuchaSim.Core.Tests.SimulationManagerTests.FakeSystem_Receives_Initialize_And_Ticks_Through_Manager" methodname="FakeSystem_Receives_Initialize_And_Ticks_Through_Manager" classname="JajuchaSim.Core.Tests.SimulationManagerTests" runstate="Runnable" seed="867757989" result="Passed" start-time="2026-08-04 05:06:00Z" end-time="2026-08-04 05:06:00Z" duration="0.009290" asserts="0">
                <properties>
                  <property name="retryIteration" value="0" />
                  <property name="repeatIteration" value="0" />
                </properties>
                <output><![CDATA[[SIM] Initialized seed=12345 dt=0.01 systems=0
[SIM] Started tick=0 time=0
[SIM] Paused tick=0 time=0.00
[SIM] Stopped tick=100 time=1.00
]]></output>
              </test-case>
              <test-case id="1074" name="Initialize_Sets_Ready" fullname="JajuchaSim.Core.Tests.SimulationManagerTests.Initialize_Sets_Ready" methodname="Initialize_Sets_Ready" classname="JajuchaSim.Core.Tests.SimulationManagerTests" runstate="Runnable" seed="846304259" result="Passed" start-time="2026-08-04 05:06:00Z" end-time="2026-08-04 05:06:00Z" duration="0.001045" asserts="0">
                <properties>
                  <property name="retryIteration" value="0" />
                  <property name="repeatIteration" value="0" />
                </properties>
                <output><![CDATA[[SIM] Initialized seed=12345 dt=0.01 systems=0
]]></output>
              </test-case>
              <test-case id="1075" name="Initialize_Without_Config_Throws" fullname="JajuchaSim.Core.Tests.SimulationManagerTests.Initialize_Without_Config_Throws" methodname="Initialize_Without_Config_Throws" classname="JajuchaSim.Core.Tests.SimulationManagerTests" runstate="Runnable" seed="842930468" result="Passed" start-time="2026-08-04 05:06:00Z" end-time="2026-08-04 05:06:00Z" duration="0.000272" asserts="0">
                <properties>
                  <property name="retryIteration" value="0" />
                  <property name="repeatIteration" value="0" />
                </properties>
              </test-case>
              <test-case id="1077" name="Pause_Then_Resume" fullname="JajuchaSim.Core.Tests.SimulationManagerTests.Pause_Then_Resume" methodname="Pause_Then_Resume" classname="JajuchaSim.Core.Tests.SimulationManagerTests" runstate="Runnable" seed="179652215" result="Passed" start-time="2026-08-04 05:06:00Z" end-time="2026-08-04 05:06:00Z" duration="0.001552" asserts="0">
                <properties>
                  <property name="retryIteration" value="0" />
                  <property name="repeatIteration" value="0" />
                </properties>
                <output><![CDATA[[SIM] Initialized seed=12345 dt=0.01 systems=0
[SIM] Started tick=0 time=0
[SIM] Paused tick=0 time=0.00
[SIM] Resumed tick=0 time=0.00
]]></output>
              </test-case>
              <test-case id="1080" name="Reset_From_Running_Clears_Clock" fullname="JajuchaSim.Core.Tests.SimulationManagerTests.Reset_From_Running_Clears_Clock" methodname="Reset_From_Running_Clears_Clock" classname="JajuchaSim.Core.Tests.SimulationManagerTests" runstate="Runnable" seed="1878003486" result="Passed" start-time="2026-08-04 05:06:00Z" end-time="2026-08-04 05:06:00Z" duration="0.006941" asserts="0">
                <properties>
                  <property name="retryIteration" value="0" />
                  <property name="repeatIteration" value="0" />
                </properties>
                <output><![CDATA[[SIM] Initialized seed=12345 dt=0.01 systems=0
[SIM] Started tick=0 time=0
[SIM] Reset (was tick=77)
]]></output>
              </test-case>
              <test-case id="1079" name="Reset_From_Stopped_Returns_Ready" fullname="JajuchaSim.Core.Tests.SimulationManagerTests.Reset_From_Stopped_Returns_Ready" methodname="Reset_From_Stopped_Returns_Ready" classname="JajuchaSim.Core.Tests.SimulationManagerTests" runstate="Runnable" seed="1827681713" result="Passed" start-time="2026-08-04 05:06:00Z" end-time="2026-08-04 05:06:00Z" duration="0.005070" asserts="0">
                <properties>
                  <property name="retryIteration" value="0" />
                  <property name="repeatIteration" value="0" />
                </properties>
                <output><![CDATA[[SIM] Initialized seed=12345 dt=0.01 systems=0
[SIM] Started tick=0 time=0
[SIM] Stopped tick=50 time=0.50
[SIM] Reset (was tick=50)
]]></output>
              </test-case>
              <test-case id="1085" name="Second_Run_With_Same_Seed_Behaves_Identically" fullname="JajuchaSim.Core.Tests.SimulationManagerTests.Second_Run_With_Same_Seed_Behaves_Identically" methodname="Second_Run_With_Same_Seed_Behaves_Identically" classname="JajuchaSim.Core.Tests.SimulationManagerTests" runstate="Runnable" seed="1453781576" result="Passed" start-time="2026-08-04 05:06:00Z" end-time="2026-08-04 05:06:01Z" duration="0.140907" asserts="0">
                <properties>
                  <property name="retryIteration" value="0" />
                  <property name="repeatIteration" value="0" />
                </properties>
                <output><![CDATA[[SIM] Initialized seed=12345 dt=0.01 systems=0
[SIM] Started tick=0 time=0
[SIM] Paused tick=0 time=0.00
[SIM] Reset (was tick=1000)
[SIM] Started tick=0 time=0
[SIM] Paused tick=0 time=0.00
]]></output>
              </test-case>
              <test-case id="1081" name="Single_Step_While_Paused_Advances_One_Tick" fullname="JajuchaSim.Core.Tests.SimulationManagerTests.Single_Step_While_Paused_Advances_One_Tick" methodname="Single_Step_While_Paused_Advances_One_Tick" classname="JajuchaSim.Core.Tests.SimulationManagerTests" runstate="Runnable" seed="423239568" result="Passed" start-time="2026-08-04 05:06:01Z" end-time="2026-08-04 05:06:01Z" duration="0.002756" asserts="0">
                <properties>
                  <property name="retryIteration" value="0" />
                  <property name="repeatIteration" value="0" />
                </properties>
                <output><![CDATA[[SIM] Initialized seed=12345 dt=0.01 systems=0
[SIM] Started tick=0 time=0
[SIM] Paused tick=20 time=0.20
]]></output>
              </test-case>
              <test-case id="1076" name="Start_From_Ready_Running" fullname="JajuchaSim.Core.Tests.SimulationManagerTests.Start_From_Ready_Running" methodname="Start_From_Ready_Running" classname="JajuchaSim.Core.Tests.SimulationManagerTests" runstate="Runnable" seed="1141039519" result="Passed" start-time="2026-08-04 05:06:01Z" end-time="2026-08-04 05:06:01Z" duration="0.000929" asserts="0">
                <properties>
                  <property name="retryIteration" value="0" />
                  <property name="repeatIteration" value="0" />
                </properties>
                <output><![CDATA[[SIM] Initialized seed=12345 dt=0.01 systems=0
[SIM] Started tick=0 time=0
]]></output>
              </test-case>
              <test-case id="1082" name="Step_Before_Start_No_Op" fullname="JajuchaSim.Core.Tests.SimulationManagerTests.Step_Before_Start_No_Op" methodname="Step_Before_Start_No_Op" classname="JajuchaSim.Core.Tests.SimulationManagerTests" runstate="Runnable" seed="1324820794" result="Passed" start-time="2026-08-04 05:06:01Z" end-time="2026-08-04 05:06:01Z" duration="0.000561" asserts="0">
                <properties>
                  <property name="retryIteration" value="0" />
                  <property name="repeatIteration" value="0" />
                </properties>
                <output><![CDATA[[SIM] Initialized seed=12345 dt=0.01 systems=0
]]></output>
              </test-case>
              <test-case id="1078" name="Stop_Sets_Stopped_And_Cannot_Start" fullname="JajuchaSim.Core.Tests.SimulationManagerTests.Stop_Sets_Stopped_And_Cannot_Start" methodname="Stop_Sets_Stopped_And_Cannot_Start" classname="JajuchaSim.Core.Tests.SimulationManagerTests" runstate="Runnable" seed="1552769789" result="Passed" start-time="2026-08-04 05:06:01Z" end-time="2026-08-04 05:06:01Z" duration="0.001085" asserts="0">
                <properties>
                  <property name="retryIteration" value="0" />
                  <property name="repeatIteration" value="0" />
                </properties>
                <output><![CDATA[[SIM] Initialized seed=12345 dt=0.01 systems=0
[SIM] Started tick=0 time=0
[SIM] Stopped tick=0 time=0.00
]]></output>
              </test-case>
            </test-suite>
            <test-suite type="TestFixture" id="1087" name="SimulationRandomTests" fullname="JajuchaSim.Core.Tests.SimulationRandomTests" classname="JajuchaSim.Core.Tests.SimulationRandomTests" runstate="Runnable" testcasecount="5" result="Passed" start-time="2026-08-04 05:06:01Z" end-time="2026-08-04 05:06:01Z" duration="0.002861" total="5" passed="5" failed="0" inconclusive="0" skipped="0" asserts="0">
              <properties />
              <test-case id="1091" name="Different_Seeds_Differ" fullname="JajuchaSim.Core.Tests.SimulationRandomTests.Different_Seeds_Differ" methodname="Different_Seeds_Differ" classname="JajuchaSim.Core.Tests.SimulationRandomTests" runstate="Runnable" seed="499078694" result="Passed" start-time="2026-08-04 05:06:01Z" end-time="2026-08-04 05:06:01Z" duration="0.000162" asserts="0">
                <properties>
                  <property name="retryIteration" value="0" />
                  <property name="repeatIteration" value="0" />
                </properties>
              </test-case>
              <test-case id="1089" name="Floats_In_Range" fullname="JajuchaSim.Core.Tests.SimulationRandomTests.Floats_In_Range" methodname="Floats_In_Range" classname="JajuchaSim.Core.Tests.SimulationRandomTests" runstate="Runnable" seed="133139614" result="Passed" start-time="2026-08-04 05:06:01Z" end-time="2026-08-04 05:06:01Z" duration="0.000892" asserts="0">
                <properties>
                  <property name="retryIteration" value="0" />
                  <property name="repeatIteration" value="0" />
                </properties>
              </test-case>
              <test-case id="1090" name="NextIntRange_IsInclusive" fullname="JajuchaSim.Core.Tests.SimulationRandomTests.NextIntRange_IsInclusive" methodname="NextIntRange_IsInclusive" classname="JajuchaSim.Core.Tests.SimulationRandomTests" runstate="Runnable" seed="2097216786" result="Passed" start-time="2026-08-04 05:06:01Z" end-time="2026-08-04 05:06:01Z" duration="0.000550" asserts="0">
                <properties>
                  <property name="retryIteration" value="0" />
                  <property name="repeatIteration" value="0" />
                </properties>
              </test-case>
              <test-case id="1092" name="Reset_Restores_Sequence" fullname="JajuchaSim.Core.Tests.SimulationRandomTests.Reset_Restores_Sequence" methodname="Reset_Restores_Sequence" classname="JajuchaSim.Core.Tests.SimulationRandomTests" runstate="Runnable" seed="1208865568" result="Passed" start-time="2026-08-04 05:06:01Z" end-time="2026-08-04 05:06:01Z" duration="0.000090" asserts="0">
                <properties>
                  <property name="retryIteration" value="0" />
                  <property name="repeatIteration" value="0" />
                </properties>
              </test-case>
              <test-case id="1088" name="Same_Seed_Produces_Identical_Sequences" fullname="JajuchaSim.Core.Tests.SimulationRandomTests.Same_Seed_Produces_Identical_Sequences" methodname="Same_Seed_Produces_Identical_Sequences" classname="JajuchaSim.Core.Tests.SimulationRandomTests" runstate="Runnable" seed="1197355271" result="Passed" start-time="2026-08-04 05:06:01Z" end-time="2026-08-04 05:06:01Z" duration="0.000200" asserts="0">
                <properties>
                  <property name="retryIteration" value="0" />
                  <property name="repeatIteration" value="0" />
                </properties>
              </test-case>
            </test-suite>
          </test-suite>
        </test-suite>
      </test-suite>
    </test-suite>
    <test-suite type="Assembly" id="1309" name="JajuchaSim.Course.EditModeTests.dll" fullname="C:/tmp/agentctl-jajucha-friendly/runs/01KZ41ACZ4PKKH152VCY3FAGGE/tasks/task-10/Library/ScriptAssemblies/JajuchaSim.Course.EditModeTests.dll" runstate="Runnable" testcasecount="195" result="Passed" start-time="2026-08-04 05:06:01Z" end-time="2026-08-04 05:06:01Z" duration="0.113435" total="195" passed="195" failed="0" inconclusive="0" skipped="0" asserts="0">
      <properties>
        <property name="_PID" value="7484" />
        <property name="_APPDOMAIN" value="Unity Child Domain" />
        <property name="platform" value="EditMode" />
        <property name="EditorOnly" value="True" />
      </properties>
      <test-suite type="TestSuite" id="1310" name="JajuchaSim" fullname="JajuchaSim" runstate="Runnable" testcasecount="195" result="Passed" start-time="2026-08-04 05:06:01Z" end-time="2026-08-04 05:06:01Z" duration="0.112318" total="195" passed="195" failed="0" inconclusive="0" skipped="0" asserts="0">
        <properties />
        <test-suite type="TestSuite" id="1311" name="Course" fullname="JajuchaSim.Course" runstate="Runnable" testcasecount="195" result="Passed" start-time="2026-08-04 05:06:01Z" end-time="2026-08-04 05:06:01Z" duration="0.109376" total="195" passed="195" failed="0" inconclusive="0" skipped="0" asserts="0">
          <properties />
          <test-suite type="TestSuite" id="1312" name="Tests" fullname="JajuchaSim.Course.Tests" runstate="Runnable" testcasecount="195" result="Passed" start-time="2026-08-04 05:06:01Z" end-time="2026-08-04 05:06:01Z" duration="0.108160" total="195" passed="195" failed="0" inconclusive="0" skipped="0" asserts="0">
            <properties />
            <test-suite type="TestFixture" id="1097" name="CourseDataTests" fullname="JajuchaSim.Course.Tests.CourseDataTests" classname="JajuchaSim.Course.Tests.CourseDataTests" runstate="Runnable" testcasecount="12" result="Passed" start-time="2026-08-04 05:06:01Z" end-time="2026-08-04 05:06:01Z" duration="0.009893" total="12" passed="12" failed="0" inconclusive="0" skipped="0" asserts="0">
              <properties />
              <test-case id="1103" name="CoordPair_ToAndFromGrid" fullname="JajuchaSim.Course.Tests.CourseDataTests.CoordPair_ToAndFromGrid" methodname="CoordPair_ToAndFromGrid" classname="JajuchaSim.Course.Tests.CourseDataTests" runstate="Runnable" seed="1752411009" result="Passed" start-time="2026-08-04 05:06:01Z" end-time="2026-08-04 05:06:01Z" duration="0.000347" asserts="0">
                <properties>
                  <property name="retryIteration" value="0" />
                  <property name="repeatIteration" value="0" />
                </properties>
              </test-case>
              <test-case id="1105" name="CourseData_ObjectEntry_HasRotation" fullname="JajuchaSim.Course.Tests.CourseDataTests.CourseData_ObjectEntry_HasRotation" methodname="CourseData_ObjectEntry_HasRotation" classname="JajuchaSim.Course.Tests.CourseDataTests" runstate="Runnable" seed="1153190329" result="Passed" start-time="2026-08-04 05:06:01Z" end-time="2026-08-04 05:06:01Z" duration="0.000119" asserts="0">
                <properties>
                  <property name="retryIteration" value="0" />
                  <property name="repeatIteration" value="0" />
                </properties>
              </test-case>
              <test-case id="1104" name="CourseData_StructureEntry_HasRegion" fullname="JajuchaSim.Course.Tests.CourseDataTests.CourseData_StructureEntry_HasRegion" methodname="CourseData_StructureEntry_HasRegion" classname="JajuchaSim.Course.Tests.CourseDataTests" runstate="Runnable" seed="129046981" result="Passed" start-time="2026-08-04 05:06:01Z" end-time="2026-08-04 05:06:01Z" duration="0.000211" asserts="0">
                <properties>
                  <property name="retryIteration" value="0" />
                  <property name="repeatIteration" value="0" />
                </properties>
              </test-case>
              <test-case id="1109" name="CourseData_TriggerEntry_HasTypes" fullname="JajuchaSim.Course.Tests.CourseDataTests.CourseData_TriggerEntry_HasTypes" methodname="CourseData_TriggerEntry_HasTypes" classname="JajuchaSim.Course.Tests.CourseDataTests" runstate="Runnable" seed="1699479389" result="Passed" start-time="2026-08-04 05:06:01Z" end-time="2026-08-04 05:06:01Z" duration="0.000177" asserts="0">
                <properties>
                  <property name="retryIteration" value="0" />
                  <property name="repeatIteration" value="0" />
                </properties>
              </test-case>
              <test-case id="1106" name="FeatureIdGenerator_ProducesUniqueIds" fullname="JajuchaSim.Course.Tests.CourseDataTests.FeatureIdGenerator_ProducesUniqueIds" methodname="FeatureIdGenerator_ProducesUniqueIds" classname="JajuchaSim.Course.Tests.CourseDataTests" runstate="Runnable" seed="123715207" result="Passed" start-time="2026-08-04 05:06:01Z" end-time="2026-08-04 05:06:01Z" duration="0.000339" asserts="0">
                <properties>
                  <property name="retryIteration" value="0" />
                  <property name="repeatIteration" value="0" />
                </properties>
              </test-case>
              <test-case id="1107" name="FeatureIdGenerator_Reset_ClearsCounters" fullname="JajuchaSim.Course.Tests.CourseDataTests.FeatureIdGenerator_Reset_ClearsCounters" methodname="FeatureIdGenerator_Reset_ClearsCounters" classname="JajuchaSim.Course.Tests.CourseDataTests" runstate="Runnable" seed="168162684" result="Passed" start-time="2026-08-04 05:06:01Z" end-time="2026-08-04 05:06:01Z" duration="0.000075" asserts="0">
                <properties>
                  <property name="retryIteration" value="0" />
                  <property name="repeatIteration" value="0" />
                </properties>
              </test-case>
              <test-case id="1108" name="FeatureIdGenerator_TypeToPrefix_ConvertsCorrectly" fullname="JajuchaSim.Course.Tests.CourseDataTests.FeatureIdGenerator_TypeToPrefix_ConvertsCorrectly" methodname="FeatureIdGenerator_TypeToPrefix_ConvertsCorrectly" classname="JajuchaSim.Course.Tests.CourseDataTests" runstate="Runnable" seed="7399417" result="Passed" start-time="2026-08-04 05:06:01Z" end-time="2026-08-04 05:06:01Z" duration="0.000110" asserts="0">
                <properties>
                  <property name="retryIteration" value="0" />
                  <property name="repeatIteration" value="0" />
                </properties>
              </test-case>
              <test-case id="1099" name="ToData_EmptyGrid" fullname="JajuchaSim.Course.Tests.CourseDataTests.ToData_EmptyGrid" methodname="ToData_EmptyGrid" classname="JajuchaSim.Course.Tests.CourseDataTests" runstate="Runnable" seed="1920646390" result="Passed" start-time="2026-08-04 05:06:01Z" end-time="2026-08-04 05:06:01Z" duration="0.002822" asserts="0">
                <properties>
                  <property name="retryIteration" value="0" />
                  <property name="repeatIteration" value="0" />
                </properties>
              </test-case>
              <test-case id="1101" name="ToData_ProducesIndividualEntriesWithIds" fullname="JajuchaSim.Course.Tests.CourseDataTests.ToData_ProducesIndividualEntriesWithIds" methodname="ToData_ProducesIndividualEntriesWithIds" classname="JajuchaSim.Course.Tests.CourseDataTests" runstate="Runnable" seed="1062540939" result="Passed" start-time="2026-08-04 05:06:01Z" end-time="2026-08-04 05:06:01Z" duration="0.000848" asserts="0">
                <properties>
                  <property name="retryIteration" value="0" />
                  <property name="repeatIteration" value="0" />
                </properties>
              </test-case>
              <test-case id="1102" name="ToData_ProducesIndividualTriggerEntries" fullname="JajuchaSim.Course.Tests.CourseDataTests.ToData_ProducesIndividualTriggerEntries" methodname="ToData_ProducesIndividualTriggerEntries" classname="JajuchaSim.Course.Tests.CourseDataTests" runstate="Runnable" seed="1419349919" result="Passed" start-time="2026-08-04 05:06:01Z" end-time="2026-08-04 05:06:01Z" duration="0.000668" asserts="0">
                <properties>
                  <property name="retryIteration" value="0" />
                  <property name="repeatIteration" value="0" />
                </properties>
              </test-case>
              <test-case id="1098" name="ToData_RoundTrip_PreservesAllLayers" fullname="JajuchaSim.Course.Tests.CourseDataTests.ToData_RoundTrip_PreservesAllLayers" methodname="ToData_RoundTrip_PreservesAllLayers" classname="JajuchaSim.Course.Tests.CourseDataTests" runstate="Runnable" seed="1238712828" result="Passed" start-time="2026-08-04 05:06:01Z" end-time="2026-08-04 05:06:01Z" duration="0.002897" asserts="0">
                <properties>
                  <property name="retryIteration" value="0" />
                  <property name="repeatIteration" value="0" />
                </properties>
              </test-case>
              <test-case id="1100" name="ToGrid_EmptyData" fullname="JajuchaSim.Course.Tests.CourseDataTests.ToGrid_EmptyData" methodname="ToGrid_EmptyData" classname="JajuchaSim.Course.Tests.CourseDataTests" runstate="Runnable" seed="821391227" result="Passed" start-time="2026-08-04 05:06:01Z" end-time="2026-08-04 05:06:01Z" duration="0.000150" asserts="0">
                <properties>
                  <property name="retryIteration" value="0" />
                  <property name="repeatIteration" value="0" />
                </properties>
              </test-case>
            </test-suite>
            <test-suite type="TestFixture" id="1110" name="CourseDocumentTests" fullname="JajuchaSim.Course.Tests.CourseDocumentTests" classname="JajuchaSim.Course.Tests.CourseDocumentTests" runstate="Runnable" testcasecount="9" result="Passed" start-time="2026-08-04 05:06:01Z" end-time="2026-08-04 05:06:01Z" duration="0.012817" total="9" passed="9" failed="0" inconclusive="0" skipped="0" asserts="0">
              <properties />
              <test-case id="1118" name="AutoGeneratedIds_AreUnique" fullname="JajuchaSim.Course.Tests.CourseDocumentTests.AutoGeneratedIds_AreUnique" methodname="AutoGeneratedIds_AreUnique" classname="JajuchaSim.Course.Tests.CourseDocumentTests" runstate="Runnable" seed="1427700314" result="Passed" start-time="2026-08-04 05:06:01Z" end-time="2026-08-04 05:06:01Z" duration="0.000632" asserts="0">
                <properties>
                  <property name="retryIteration" value="0" />
                  <property name="repeatIteration" value="0" />
                </properties>
              </test-case>
              <test-case id="1116" name="MoveResizeDelete_Structure" fullname="JajuchaSim.Course.Tests.CourseDocumentTests.MoveResizeDelete_Structure" methodname="MoveResizeDelete_Structure" classname="JajuchaSim.Course.Tests.CourseDocumentTests" runstate="Runnable" seed="1352498293" result="Passed" start-time="2026-08-04 05:06:01Z" end-time="2026-08-04 05:06:01Z" duration="0.001341" asserts="0">
                <properties>
                  <property name="retryIteration" value="0" />
                  <property name="repeatIteration" value="0" />
                </properties>
              </test-case>
              <test-case id="1113" name="PlaceObject_ObstacleWithFootprint" fullname="JajuchaSim.Course.Tests.CourseDocumentTests.PlaceObject_ObstacleWithFootprint" methodname="PlaceObject_ObstacleWithFootprint" classname="JajuchaSim.Course.Tests.CourseDocumentTests" runstate="Runnable" seed="496935338" result="Passed" start-time="2026-08-04 05:06:01Z" end-time="2026-08-04 05:06:01Z" duration="0.000524" asserts="0">
                <properties>
                  <property name="retryIteration" value="0" />
                  <property name="repeatIteration" value="0" />
                </properties>
              </test-case>
              <test-case id="1112" name="PlaceRamp_3x6_Rise30_MonotonicElevation" fullname="JajuchaSim.Course.Tests.CourseDocumentTests.PlaceRamp_3x6_Rise30_MonotonicElevation" methodname="PlaceRamp_3x6_Rise30_MonotonicElevation" classname="JajuchaSim.Course.Tests.CourseDocumentTests" runstate="Runnable" seed="1820191559" result="Passed" start-time="2026-08-04 05:06:01Z" end-time="2026-08-04 05:06:01Z" duration="0.001953" asserts="0">
                <properties>
                  <property name="retryIteration" value="0" />
                  <property name="repeatIteration" value="0" />
                </properties>
              </test-case>
              <test-case id="1114" name="PlaceSign_AndStartSignal" fullname="JajuchaSim.Course.Tests.CourseDocumentTests.PlaceSign_AndStartSignal" methodname="PlaceSign_AndStartSignal" classname="JajuchaSim.Course.Tests.CourseDocumentTests" runstate="Runnable" seed="172592989" result="Passed" start-time="2026-08-04 05:06:01Z" end-time="2026-08-04 05:06:01Z" duration="0.000224" asserts="0">
                <properties>
                  <property name="retryIteration" value="0" />
                  <property name="repeatIteration" value="0" />
                </properties>
              </test-case>
              <test-case id="1115" name="PlaceTriggers_SlowStartFinishEventGate" fullname="JajuchaSim.Course.Tests.CourseDocumentTests.PlaceTriggers_SlowStartFinishEventGate" methodname="PlaceTriggers_SlowStartFinishEventGate" classname="JajuchaSim.Course.Tests.CourseDocumentTests" runstate="Runnable" seed="45022324" result="Passed" start-time="2026-08-04 05:06:01Z" end-time="2026-08-04 05:06:01Z" duration="0.000826" asserts="0">
                <properties>
                  <property name="retryIteration" value="0" />
                  <property name="repeatIteration" value="0" />
                </properties>
              </test-case>
              <test-case id="1111" name="PlaceTunnel_4x8_CreatesStructureAndFootprint" fullname="JajuchaSim.Course.Tests.CourseDocumentTests.PlaceTunnel_4x8_CreatesStructureAndFootprint" methodname="PlaceTunnel_4x8_CreatesStructureAndFootprint" classname="JajuchaSim.Course.Tests.CourseDocumentTests" runstate="Runnable" seed="1593415579" result="Passed" start-time="2026-08-04 05:06:01Z" end-time="2026-08-04 05:06:01Z" duration="0.000829" asserts="0">
                <properties>
[...]
                <properties>
                  <property name="retryIteration" value="0" />
                  <property name="repeatIteration" value="0" />
                </properties>
              </test-case>
              <test-case id="1480" name="Clamps_Right_To_10" fullname="JajuchaSim.Vehicle.Tests.MotorCommandTests.Clamps_Right_To_10" methodname="Clamps_Right_To_10" classname="JajuchaSim.Vehicle.Tests.MotorCommandTests" runstate="Runnable" seed="33639586" result="Passed" start-time="2026-08-04 05:06:01Z" end-time="2026-08-04 05:06:01Z" duration="0.000086" asserts="0">
                <properties>
                  <property name="retryIteration" value="0" />
                  <property name="repeatIteration" value="0" />
                </properties>
              </test-case>
              <test-case id="1481" name="Clamps_Speed_To_30" fullname="JajuchaSim.Vehicle.Tests.MotorCommandTests.Clamps_Speed_To_30" methodname="Clamps_Speed_To_30" classname="JajuchaSim.Vehicle.Tests.MotorCommandTests" runstate="Runnable" seed="844825647" result="Passed" start-time="2026-08-04 05:06:01Z" end-time="2026-08-04 05:06:01Z" duration="0.000083" asserts="0">
                <properties>
                  <property name="retryIteration" value="0" />
                  <property name="repeatIteration" value="0" />
                </properties>
              </test-case>
              <test-case id="1477" name="Constructor_Stores_Values" fullname="JajuchaSim.Vehicle.Tests.MotorCommandTests.Constructor_Stores_Values" methodname="Constructor_Stores_Values" classname="JajuchaSim.Vehicle.Tests.MotorCommandTests" runstate="Runnable" seed="1126515397" result="Passed" start-time="2026-08-04 05:06:01Z" end-time="2026-08-04 05:06:01Z" duration="0.000088" asserts="0">
                <properties>
                  <property name="retryIteration" value="0" />
                  <property name="repeatIteration" value="0" />
                </properties>
              </test-case>
              <test-case id="1482" name="Equality_Same_Values_Are_Equal" fullname="JajuchaSim.Vehicle.Tests.MotorCommandTests.Equality_Same_Values_Are_Equal" methodname="Equality_Same_Values_Are_Equal" classname="JajuchaSim.Vehicle.Tests.MotorCommandTests" runstate="Runnable" seed="1651958912" result="Passed" start-time="2026-08-04 05:06:01Z" end-time="2026-08-04 05:06:01Z" duration="0.000304" asserts="0">
                <properties>
                  <property name="retryIteration" value="0" />
                  <property name="repeatIteration" value="0" />
                </properties>
              </test-case>
              <test-case id="1483" name="Inequality_Different_Values" fullname="JajuchaSim.Vehicle.Tests.MotorCommandTests.Inequality_Different_Values" methodname="Inequality_Different_Values" classname="JajuchaSim.Vehicle.Tests.MotorCommandTests" runstate="Runnable" seed="122029711" result="Passed" start-time="2026-08-04 05:06:01Z" end-time="2026-08-04 05:06:01Z" duration="0.000104" asserts="0">
                <properties>
                  <property name="retryIteration" value="0" />
                  <property name="repeatIteration" value="0" />
                </properties>
              </test-case>
              <test-case id="1484" name="ToString_Includes_Values" fullname="JajuchaSim.Vehicle.Tests.MotorCommandTests.ToString_Includes_Values" methodname="ToString_Includes_Values" classname="JajuchaSim.Vehicle.Tests.MotorCommandTests" runstate="Runnable" seed="1879297378" result="Passed" start-time="2026-08-04 05:06:01Z" end-time="2026-08-04 05:06:01Z" duration="0.000162" asserts="0">
                <properties>
                  <property name="retryIteration" value="0" />
                  <property name="repeatIteration" value="0" />
                </properties>
              </test-case>
              <test-case id="1478" name="Zero_Command_All_Zero" fullname="JajuchaSim.Vehicle.Tests.MotorCommandTests.Zero_Command_All_Zero" methodname="Zero_Command_All_Zero" classname="JajuchaSim.Vehicle.Tests.MotorCommandTests" runstate="Runnable" seed="647279855" result="Passed" start-time="2026-08-04 05:06:01Z" end-time="2026-08-04 05:06:01Z" duration="0.000103" asserts="0">
                <properties>
                  <property name="retryIteration" value="0" />
                  <property name="repeatIteration" value="0" />
                </properties>
              </test-case>
            </test-suite>
            <test-suite type="TestFixture" id="1485" name="RearDriveModelTests" fullname="JajuchaSim.Vehicle.Tests.RearDriveModelTests" classname="JajuchaSim.Vehicle.Tests.RearDriveModelTests" runstate="Runnable" testcasecount="13" result="Passed" start-time="2026-08-04 05:06:01Z" end-time="2026-08-04 05:06:01Z" duration="0.003161" total="13" passed="13" failed="0" inconclusive="0" skipped="0" asserts="0">
              <properties />
              <test-case id="1493" name="Force_Capped_At_MaxForce" fullname="JajuchaSim.Vehicle.Tests.RearDriveModelTests.Force_Capped_At_MaxForce" methodname="Force_Capped_At_MaxForce" classname="JajuchaSim.Vehicle.Tests.RearDriveModelTests" runstate="Runnable" seed="1829045212" result="Passed" start-time="2026-08-04 05:06:01Z" end-time="2026-08-04 05:06:01Z" duration="0.000255" asserts="0">
                <properties>
                  <property name="retryIteration" value="0" />
                  <property name="repeatIteration" value="0" />
                </properties>
              </test-case>
              <test-case id="1498" name="FromConfig_Uses_Config_Values" fullname="JajuchaSim.Vehicle.Tests.RearDriveModelTests.FromConfig_Uses_Config_Values" methodname="FromConfig_Uses_Config_Values" classname="JajuchaSim.Vehicle.Tests.RearDriveModelTests" runstate="Runnable" seed="1013082635" result="Passed" start-time="2026-08-04 05:06:01Z" end-time="2026-08-04 05:06:01Z" duration="0.000163" asserts="0">
                <properties>
                  <property name="retryIteration" value="0" />
                  <property name="repeatIteration" value="0" />
                </properties>
              </test-case>
              <test-case id="1489" name="NegativeSpeed_MapsToNegativeTargetSpeed" fullname="JajuchaSim.Vehicle.Tests.RearDriveModelTests.NegativeSpeed_MapsToNegativeTargetSpeed" methodname="NegativeSpeed_MapsToNegativeTargetSpeed" classname="JajuchaSim.Vehicle.Tests.RearDriveModelTests" runstate="Runnable" seed="260112643" result="Passed" start-time="2026-08-04 05:06:01Z" end-time="2026-08-04 05:06:01Z" duration="0.000084" asserts="0">
                <properties>
                  <property name="retryIteration" value="0" />
                  <property name="repeatIteration" value="0" />
                </properties>
              </test-case>
              <test-case id="1492" name="NegativeSpeed_ProducesNegativeForce" fullname="JajuchaSim.Vehicle.Tests.RearDriveModelTests.NegativeSpeed_ProducesNegativeForce" methodname="NegativeSpeed_ProducesNegativeForce" classname="JajuchaSim.Vehicle.Tests.RearDriveModelTests" runstate="Runnable" seed="279923888" result="Passed" start-time="2026-08-04 05:06:01Z" end-time="2026-08-04 05:06:01Z" duration="0.000155" asserts="0">
                <properties>
                  <property name="retryIteration" value="0" />
                  <property name="repeatIteration" value="0" />
                </properties>
              </test-case>
              <test-case id="1497" name="NonPositive_Mass_Throws" fullname="JajuchaSim.Vehicle.Tests.RearDriveModelTests.NonPositive_Mass_Throws" methodname="NonPositive_Mass_Throws" classname="JajuchaSim.Vehicle.Tests.RearDriveModelTests" runstate="Runnable" seed="1982443603" result="Passed" start-time="2026-08-04 05:06:01Z" end-time="2026-08-04 05:06:01Z" duration="0.000218" asserts="0">
                <properties>
                  <property name="retryIteration" value="0" />
                  <property name="repeatIteration" value="0" />
                </properties>
              </test-case>
              <test-case id="1496" name="NonPositive_MaxForce_Throws" fullname="JajuchaSim.Vehicle.Tests.RearDriveModelTests.NonPositive_MaxForce_Throws" methodname="NonPositive_MaxForce_Throws" classname="JajuchaSim.Vehicle.Tests.RearDriveModelTests" runstate="Runnable" seed="603339788" result="Passed" start-time="2026-08-04 05:06:01Z" end-time="2026-08-04 05:06:01Z" duration="0.000169" asserts="0">
                <properties>
                  <property name="retryIteration" value="0" />
                  <property name="repeatIteration" value="0" />
                </properties>
              </test-case>
              <test-case id="1495" name="Null_SpeedMap_Throws" fullname="JajuchaSim.Vehicle.Tests.RearDriveModelTests.Null_SpeedMap_Throws" methodname="Null_SpeedMap_Throws" classname="JajuchaSim.Vehicle.Tests.RearDriveModelTests" runstate="Runnable" seed="1784231981" result="Passed" start-time="2026-08-04 05:06:01Z" end-time="2026-08-04 05:06:01Z" duration="0.000118" asserts="0">
                <properties>
                  <property name="retryIteration" value="0" />
                  <property name="repeatIteration" value="0" />
                </properties>
              </test-case>
              <test-case id="1490" name="PartialSpeed_MapsProportionally" fullname="JajuchaSim.Vehicle.Tests.RearDriveModelTests.PartialSpeed_MapsProportionally" methodname="PartialSpeed_MapsProportionally" classname="JajuchaSim.Vehicle.Tests.RearDriveModelTests" runstate="Runnable" seed="564825109" result="Passed" start-time="2026-08-04 05:06:01Z" end-time="2026-08-04 05:06:01Z" duration="0.000077" asserts="0">
                <properties>
                  <property name="retryIteration" value="0" />
                  <property name="repeatIteration" value="0" />
                </properties>
              </test-case>
              <test-case id="1488" name="PositiveSpeed_MapsToTargetSpeed" fullname="JajuchaSim.Vehicle.Tests.RearDriveModelTests.PositiveSpeed_MapsToTargetSpeed" methodname="PositiveSpeed_MapsToTargetSpeed" classname="JajuchaSim.Vehicle.Tests.RearDriveModelTests" runstate="Runnable" seed="1220058743" result="Passed" start-time="2026-08-04 05:06:01Z" end-time="2026-08-04 05:06:01Z" duration="0.000074" asserts="0">
                <properties>
                  <property name="retryIteration" value="0" />
                  <property name="repeatIteration" value="0" />
                </properties>
              </test-case>
              <test-case id="1491" name="PositiveSpeed_ProducesPositiveForce" fullname="JajuchaSim.Vehicle.Tests.RearDriveModelTests.PositiveSpeed_ProducesPositiveForce" methodname="PositiveSpeed_ProducesPositiveForce" classname="JajuchaSim.Vehicle.Tests.RearDriveModelTests" runstate="Runnable" seed="118036020" result="Passed" start-time="2026-08-04 05:06:01Z" end-time="2026-08-04 05:06:01Z" duration="0.000070" asserts="0">
                <properties>
                  <property name="retryIteration" value="0" />
                  <property name="repeatIteration" value="0" />
                </properties>
              </test-case>
              <test-case id="1494" name="Reset_Returns_To_Idle" fullname="JajuchaSim.Vehicle.Tests.RearDriveModelTests.Reset_Returns_To_Idle" methodname="Reset_Returns_To_Idle" classname="JajuchaSim.Vehicle.Tests.RearDriveModelTests" runstate="Runnable" seed="902439754" result="Passed" start-time="2026-08-04 05:06:01Z" end-time="2026-08-04 05:06:01Z" duration="0.000104" asserts="0">
                <properties>
                  <property name="retryIteration" value="0" />
                  <property name="repeatIteration" value="0" />
                </properties>
              </test-case>
              <test-case id="1486" name="SpeedZero_ForceIsZero" fullname="JajuchaSim.Vehicle.Tests.RearDriveModelTests.SpeedZero_ForceIsZero" methodname="SpeedZero_ForceIsZero" classname="JajuchaSim.Vehicle.Tests.RearDriveModelTests" runstate="Runnable" seed="1143728523" result="Passed" start-time="2026-08-04 05:06:01Z" end-time="2026-08-04 05:06:01Z" duration="0.000092" asserts="0">
                <properties>
                  <property name="retryIteration" value="0" />
                  <property name="repeatIteration" value="0" />
                </properties>
              </test-case>
              <test-case id="1487" name="SpeedZero_RegardlessOfSteering_ForceIsZero" fullname="JajuchaSim.Vehicle.Tests.RearDriveModelTests.SpeedZero_RegardlessOfSteering_ForceIsZero" methodname="SpeedZero_RegardlessOfSteering_ForceIsZero" classname="JajuchaSim.Vehicle.Tests.RearDriveModelTests" runstate="Runnable" seed="867488875" result="Passed" start-time="2026-08-04 05:06:01Z" end-time="2026-08-04 05:06:01Z" duration="0.000073" asserts="0">
                <properties>
                  <property name="retryIteration" value="0" />
                  <property name="repeatIteration" value="0" />
                </properties>
              </test-case>
            </test-suite>
            <test-suite type="TestFixture" id="1499" name="SteeringModelTests" fullname="JajuchaSim.Vehicle.Tests.SteeringModelTests" classname="JajuchaSim.Vehicle.Tests.SteeringModelTests" runstate="Runnable" testcasecount="10" result="Passed" start-time="2026-08-04 05:06:01Z" end-time="2026-08-04 05:06:01Z" duration="0.002338" total="10" passed="10" failed="0" inconclusive="0" skipped="0" asserts="0">
              <properties />
              <test-case id="1509" name="FromConfig_Uses_Config_Value" fullname="JajuchaSim.Vehicle.Tests.SteeringModelTests.FromConfig_Uses_Config_Value" methodname="FromConfig_Uses_Config_Value" classname="JajuchaSim.Vehicle.Tests.SteeringModelTests" runstate="Runnable" seed="542242526" result="Passed" start-time="2026-08-04 05:06:01Z" end-time="2026-08-04 05:06:01Z" duration="0.000148" asserts="0">
                <properties>
                  <property name="retryIteration" value="0" />
                  <property name="repeatIteration" value="0" />
                </properties>
              </test-case>
              <test-case id="1505" name="Independent_Left_Right" fullname="JajuchaSim.Vehicle.Tests.SteeringModelTests.Independent_Left_Right" methodname="Independent_Left_Right" classname="JajuchaSim.Vehicle.Tests.SteeringModelTests" runstate="Runnable" seed="208675345" result="Passed" start-time="2026-08-04 05:06:01Z" end-time="2026-08-04 05:06:01Z" duration="0.000130" asserts="0">
                <properties>
                  <property name="retryIteration" value="0" />
                  <property name="repeatIteration" value="0" />
                </properties>
              </test-case>
              <test-case id="1508" name="Invalid_DegreesPerUnit_Throws" fullname="JajuchaSim.Vehicle.Tests.SteeringModelTests.Invalid_DegreesPerUnit_Throws" methodname="Invalid_DegreesPerUnit_Throws" classname="JajuchaSim.Vehicle.Tests.SteeringModelTests" runstate="Runnable" seed="802195077" result="Passed" start-time="2026-08-04 05:06:01Z" end-time="2026-08-04 05:06:01Z" duration="0.000235" asserts="0">
                <properties>
                  <property name="retryIteration" value="0" />
                  <property name="repeatIteration" value="0" />
                </properties>
              </test-case>
              <test-case id="1502" name="Left_Negative_Steers_Left" fullname="JajuchaSim.Vehicle.Tests.SteeringModelTests.Left_Negative_Steers_Left" methodname="Left_Negative_Steers_Left" classname="JajuchaSim.Vehicle.Tests.SteeringModelTests" runstate="Runnable" seed="464597469" result="Passed" start-time="2026-08-04 05:06:01Z" end-time="2026-08-04 05:06:01Z" duration="0.000108" asserts="0">
                <properties>
                  <property name="retryIteration" value="0" />
                  <property name="repeatIteration" value="0" />
                </properties>
              </test-case>
              <test-case id="1501" name="Left_Positive_Steers_Right" fullname="JajuchaSim.Vehicle.Tests.SteeringModelTests.Left_Positive_Steers_Right" methodname="Left_Positive_Steers_Right" classname="JajuchaSim.Vehicle.Tests.SteeringModelTests" runstate="Runnable" seed="232581423" result="Passed" start-time="2026-08-04 05:06:01Z" end-time="2026-08-04 05:06:01Z" duration="0.000101" asserts="0">
                <properties>
                  <property name="retryIteration" value="0" />
                  <property name="repeatIteration" value="0" />
                </properties>
              </test-case>
              <test-case id="1507" name="Max_Steering_Angles" fullname="JajuchaSim.Vehicle.Tests.SteeringModelTests.Max_Steering_Angles" methodname="Max_Steering_Angles" classname="JajuchaSim.Vehicle.Tests.SteeringModelTests" runstate="Runnable" seed="1906858755" result="Passed" start-time="2026-08-04 05:06:01Z" end-time="2026-08-04 05:06:01Z" duration="0.000098" asserts="0">
                <properties>
                  <property name="retryIteration" value="0" />
                  <property name="repeatIteration" value="0" />
                </properties>
              </test-case>
              <test-case id="1504" name="Right_Negative_Steers_Left" fullname="JajuchaSim.Vehicle.Tests.SteeringModelTests.Right_Negative_Steers_Left" methodname="Right_Negative_Steers_Left" classname="JajuchaSim.Vehicle.Tests.SteeringModelTests" runstate="Runnable" seed="1720904753" result="Passed" start-time="2026-08-04 05:06:01Z" end-time="2026-08-04 05:06:01Z" duration="0.000112" asserts="0">
                <properties>
                  <property name="retryIteration" value="0" />
                  <property name="repeatIteration" value="0" />
                </properties>
              </test-case>
              <test-case id="1503" name="Right_Positive_Steers_Right" fullname="JajuchaSim.Vehicle.Tests.SteeringModelTests.Right_Positive_Steers_Right" methodname="Right_Positive_Steers_Right" classname="JajuchaSim.Vehicle.Tests.SteeringModelTests" runstate="Runnable" seed="421747636" result="Passed" start-time="2026-08-04 05:06:01Z" end-time="2026-08-04 05:06:01Z" duration="0.000108" asserts="0">
                <properties>
                  <property name="retryIteration" value="0" />
                  <property name="repeatIteration" value="0" />
                </properties>
              </test-case>
              <test-case id="1506" name="Steering_Ignores_Speed" fullname="JajuchaSim.Vehicle.Tests.SteeringModelTests.Steering_Ignores_Speed" methodname="Steering_Ignores_Speed" classname="JajuchaSim.Vehicle.Tests.SteeringModelTests" runstate="Runnable" seed="392725022" result="Passed" start-time="2026-08-04 05:06:01Z" end-time="2026-08-04 05:06:01Z" duration="0.000164" asserts="0">
                <properties>
                  <property name="retryIteration" value="0" />
                  <property name="repeatIteration" value="0" />
                </properties>
              </test-case>
              <test-case id="1500" name="Zero_Command_Zero_Angles" fullname="JajuchaSim.Vehicle.Tests.SteeringModelTests.Zero_Command_Zero_Angles" methodname="Zero_Command_Zero_Angles" classname="JajuchaSim.Vehicle.Tests.SteeringModelTests" runstate="Runnable" seed="1337400530" result="Passed" start-time="2026-08-04 05:06:01Z" end-time="2026-08-04 05:06:01Z" duration="0.000105" asserts="0">
                <properties>
                  <property name="retryIteration" value="0" />
                  <property name="repeatIteration" value="0" />
                </properties>
                <output><![CDATA[Saving results to: C:\tmp\agentctl-jajucha-friendly\runs\01KZ41ACZ4PKKH152VCY3FAGGE\tasks\task-10\TestResults-639214491613063931.xml
]]></output>
              </test-case>
            </test-suite>
          </test-suite>
        </test-suite>
      </test-suite>
    </test-suite>
  </test-suite>
</test-run>